#! /c/Source/iverilog-install/bin/vvp
:ivl_version "12.0 (devel)" "(s20150603-1539-g2693dd32b)";
:ivl_delay_selection "TYPICAL";
:vpi_time_precision + 0;
:vpi_module "C:\iverilog\lib\ivl\system.vpi";
:vpi_module "C:\iverilog\lib\ivl\vhdl_sys.vpi";
:vpi_module "C:\iverilog\lib\ivl\vhdl_textio.vpi";
:vpi_module "C:\iverilog\lib\ivl\v2005_math.vpi";
:vpi_module "C:\iverilog\lib\ivl\va_math.vpi";
S_0000026c2ef72510 .scope module, "SimonDatapath" "SimonDatapath" 2 7;
 .timescale 0 0;
    .port_info 0 /INPUT 1 "clk";
    .port_info 1 /INPUT 1 "level";
    .port_info 2 /INPUT 4 "pattern";
    .port_info 3 /INPUT 1 "count_ns";
    .port_info 4 /INPUT 1 "rst_i";
    .port_info 5 /INPUT 1 "m1";
    .port_info 6 /INPUT 1 "m2";
    .port_info 7 /INPUT 1 "m3";
    .port_info 8 /INPUT 1 "m4";
    .port_info 9 /INPUT 1 "reset";
    .port_info 10 /INPUT 1 "count_i";
    .port_info 11 /OUTPUT 1 "right_guess";
    .port_info 12 /OUTPUT 1 "i_eq_ns";
    .port_info 13 /OUTPUT 1 "legal";
    .port_info 14 /OUTPUT 4 "pattern_leds";
o0000026c2efa6fd8 .functor BUFZ 1, C4<z>; HiZ drive
o0000026c2efa74e8 .functor BUFZ 1, C4<z>; HiZ drive
L_0000026c2ef900d0 .functor OR 1, o0000026c2efa6fd8, o0000026c2efa74e8, C4<0>, C4<0>;
L_0000026c2ef8fd50 .functor OR 1, L_0000026c2effc070, L_0000026c2effc7f0, C4<0>, C4<0>;
L_0000026c2ef90300 .functor OR 1, L_0000026c2ef8fd50, L_0000026c2effd6f0, C4<0>, C4<0>;
L_0000026c2ef8fb90 .functor OR 1, L_0000026c2ef90300, L_0000026c2effd790, C4<0>, C4<0>;
L_0000026c2ef90370 .functor OR 1, v0000026c2ef86010_0, L_0000026c2ef8fb90, C4<0>, C4<0>;
v0000026c2ef87d70_0 .net *"_ivl_1", 0 0, L_0000026c2ef900d0;  1 drivers
v0000026c2ef87370_0 .net *"_ivl_10", 0 0, L_0000026c2effc7f0;  1 drivers
v0000026c2ef874b0_0 .net *"_ivl_13", 0 0, L_0000026c2ef8fd50;  1 drivers
L_0000026c2f020160 .functor BUFT 1, C4<0100>, C4<0>, C4<0>, C4<0>;
v0000026c2ef879b0_0 .net/2u *"_ivl_14", 3 0, L_0000026c2f020160;  1 drivers
v0000026c2ef875f0_0 .net *"_ivl_16", 0 0, L_0000026c2effd6f0;  1 drivers
v0000026c2ef86bf0_0 .net *"_ivl_19", 0 0, L_0000026c2ef90300;  1 drivers
L_0000026c2f0201a8 .functor BUFT 1, C4<1000>, C4<0>, C4<0>, C4<0>;
v0000026c2ef86790_0 .net/2u *"_ivl_20", 3 0, L_0000026c2f0201a8;  1 drivers
v0000026c2ef877d0_0 .net *"_ivl_22", 0 0, L_0000026c2effd790;  1 drivers
v0000026c2ef86c90_0 .net *"_ivl_25", 0 0, L_0000026c2ef8fb90;  1 drivers
L_0000026c2f0200d0 .functor BUFT 1, C4<0001>, C4<0>, C4<0>, C4<0>;
v0000026c2ef87af0_0 .net/2u *"_ivl_4", 3 0, L_0000026c2f0200d0;  1 drivers
v0000026c2ef87b90_0 .net *"_ivl_6", 0 0, L_0000026c2effc070;  1 drivers
L_0000026c2f020118 .functor BUFT 1, C4<0010>, C4<0>, C4<0>, C4<0>;
v0000026c2ef86830_0 .net/2u *"_ivl_8", 3 0, L_0000026c2f020118;  1 drivers
o0000026c2efa6eb8 .functor BUFZ 1, C4<z>; HiZ drive
v0000026c2ef85ed0_0 .net "clk", 0 0, o0000026c2efa6eb8;  0 drivers
o0000026c2efa7398 .functor BUFZ 1, C4<z>; HiZ drive
v0000026c2ef87690_0 .net "count_i", 0 0, o0000026c2efa7398;  0 drivers
o0000026c2efa73c8 .functor BUFZ 1, C4<z>; HiZ drive
v0000026c2ef87730_0 .net "count_ns", 0 0, o0000026c2efa73c8;  0 drivers
v0000026c2ef868d0_0 .net "cur_sequence", 3 0, L_0000026c2ef903e0;  1 drivers
v0000026c2ef86970_0 .var "i", 5 0;
v0000026c2ef86dd0_0 .net "i_eq_ns", 0 0, L_0000026c2effdd30;  1 drivers
v0000026c2ef87c30_0 .net "legal", 0 0, L_0000026c2ef90370;  1 drivers
o0000026c2efa7458 .functor BUFZ 1, C4<z>; HiZ drive
v0000026c2ef87cd0_0 .net "level", 0 0, o0000026c2efa7458;  0 drivers
v0000026c2ef86010_0 .var "lvl", 0 0;
v0000026c2ef860b0_0 .net "m1", 0 0, o0000026c2efa6fd8;  0 drivers
o0000026c2efa74b8 .functor BUFZ 1, C4<z>; HiZ drive
v0000026c2ef86fb0_0 .net "m2", 0 0, o0000026c2efa74b8;  0 drivers
v0000026c2ef86150_0 .net "m3", 0 0, o0000026c2efa74e8;  0 drivers
o0000026c2efa7518 .functor BUFZ 1, C4<z>; HiZ drive
v0000026c2ef87050_0 .net "m4", 0 0, o0000026c2efa7518;  0 drivers
v0000026c2ef870f0_0 .var "ns", 5 0;
o0000026c2efa6fa8 .functor BUFZ 4, C4<zzzz>; HiZ drive
v0000026c2ef87190_0 .net "pattern", 3 0, o0000026c2efa6fa8;  0 drivers
v0000026c2effce30_0 .net "pattern_leds", 3 0, L_0000026c2effd650;  1 drivers
o0000026c2efa6f48 .functor BUFZ 1, C4<z>; HiZ drive
v0000026c2effd3d0_0 .net "reset", 0 0, o0000026c2efa6f48;  0 drivers
v0000026c2effdab0_0 .net "right_guess", 0 0, L_0000026c2effc9d0;  1 drivers
o0000026c2efa75a8 .functor BUFZ 1, C4<z>; HiZ drive
v0000026c2effd0b0_0 .net "rst_i", 0 0, o0000026c2efa75a8;  0 drivers
L_0000026c2effd650 .functor MUXZ 4, L_0000026c2ef903e0, o0000026c2efa6fa8, L_0000026c2ef900d0, C4<>;
L_0000026c2effc070 .cmp/eq 4, o0000026c2efa6fa8, L_0000026c2f0200d0;
L_0000026c2effc7f0 .cmp/eq 4, o0000026c2efa6fa8, L_0000026c2f020118;
L_0000026c2effd6f0 .cmp/eq 4, o0000026c2efa6fa8, L_0000026c2f020160;
L_0000026c2effd790 .cmp/eq 4, o0000026c2efa6fa8, L_0000026c2f0201a8;
L_0000026c2effdd30 .cmp/eq 6, v0000026c2ef86970_0, v0000026c2ef870f0_0;
L_0000026c2effc9d0 .cmp/eq 4, L_0000026c2ef903e0, o0000026c2efa6fa8;
S_0000026c2f01d920 .scope module, "mem" "Memory" 2 67, 3 5 0, S_0000026c2ef72510;
 .timescale 0 0;
    .port_info 0 /INPUT 1 "clk";
    .port_info 1 /INPUT 1 "rst";
    .port_info 2 /INPUT 6 "r_addr";
    .port_info 3 /INPUT 6 "w_addr";
    .port_info 4 /INPUT 4 "w_data";
    .port_info 5 /INPUT 1 "w_en";
    .port_info 6 /OUTPUT 4 "r_data";
P_0000026c2f017030 .param/l "ADDR_WIDTH" 0 3 8, +C4<00000000000000000000000000000110>;
P_0000026c2f017068 .param/l "DATA_WIDTH" 0 3 9, +C4<00000000000000000000000000000100>;
P_0000026c2f0170a0 .param/l "N_ELEMENTS" 0 3 7, +C4<00000000000000000000000001000000>;
L_0000026c2ef903e0 .functor BUFZ 4, L_0000026c2effdc90, C4<0000>, C4<0000>, C4<0000>;
v0000026c2ef86510_0 .net *"_ivl_0", 3 0, L_0000026c2effdc90;  1 drivers
v0000026c2ef87230_0 .net *"_ivl_2", 7 0, L_0000026c2effc750;  1 drivers
L_0000026c2f020088 .functor BUFT 1, C4<00>, C4<0>, C4<0>, C4<0>;
v0000026c2ef87870_0 .net *"_ivl_5", 1 0, L_0000026c2f020088;  1 drivers
v0000026c2ef86d30_0 .net "clk", 0 0, o0000026c2efa6eb8;  alias, 0 drivers
v0000026c2ef86f10 .array "mem", 0 64, 3 0;
v0000026c2ef87a50_0 .net "r_addr", 5 0, v0000026c2ef86970_0;  1 drivers
v0000026c2ef865b0_0 .net "r_data", 3 0, L_0000026c2ef903e0;  alias, 1 drivers
v0000026c2ef85f70_0 .net "rst", 0 0, o0000026c2efa6f48;  alias, 0 drivers
v0000026c2ef87910_0 .net "w_addr", 5 0, v0000026c2ef870f0_0;  1 drivers
v0000026c2ef86b50_0 .net "w_data", 3 0, o0000026c2efa6fa8;  alias, 0 drivers
v0000026c2ef86650_0 .net "w_en", 0 0, o0000026c2efa6fd8;  alias, 0 drivers
L_0000026c2effdc90 .array/port v0000026c2ef86f10, L_0000026c2effc750;
L_0000026c2effc750 .concat [ 6 2 0 0], v0000026c2ef86970_0, L_0000026c2f020088;
S_0000026c2f01dab0 .scope generate, "wport[0]" "wport[0]" 3 32, 3 32 0, S_0000026c2f01d920;
 .timescale 0 0;
P_0000026c2ef925a0 .param/l "i" 0 3 32, +C4<00>;
E_0000026c2ef91aa0 .event posedge, v0000026c2ef86d30_0;
S_0000026c2f0163b0 .scope generate, "wport[1]" "wport[1]" 3 32, 3 32 0, S_0000026c2f01d920;
 .timescale 0 0;
P_0000026c2ef91f20 .param/l "i" 0 3 32, +C4<01>;
S_0000026c2f016540 .scope generate, "wport[2]" "wport[2]" 3 32, 3 32 0, S_0000026c2f01d920;
 .timescale 0 0;
P_0000026c2ef92060 .param/l "i" 0 3 32, +C4<010>;
S_0000026c2ef9cdd0 .scope generate, "wport[3]" "wport[3]" 3 32, 3 32 0, S_0000026c2f01d920;
 .timescale 0 0;
P_0000026c2ef92160 .param/l "i" 0 3 32, +C4<011>;
S_0000026c2ef9cf60 .scope generate, "wport[4]" "wport[4]" 3 32, 3 32 0, S_0000026c2f01d920;
 .timescale 0 0;
P_0000026c2ef93660 .param/l "i" 0 3 32, +C4<0100>;
S_0000026c2ef9d0f0 .scope generate, "wport[5]" "wport[5]" 3 32, 3 32 0, S_0000026c2f01d920;
 .timescale 0 0;
P_0000026c2ef92ea0 .param/l "i" 0 3 32, +C4<0101>;
S_0000026c2ef9d280 .scope generate, "wport[6]" "wport[6]" 3 32, 3 32 0, S_0000026c2f01d920;
 .timescale 0 0;
P_0000026c2ef92d20 .param/l "i" 0 3 32, +C4<0110>;
S_0000026c2ef9d410 .scope generate, "wport[7]" "wport[7]" 3 32, 3 32 0, S_0000026c2f01d920;
 .timescale 0 0;
P_0000026c2ef928a0 .param/l "i" 0 3 32, +C4<0111>;
S_0000026c2ef9d5a0 .scope generate, "wport[8]" "wport[8]" 3 32, 3 32 0, S_0000026c2f01d920;
 .timescale 0 0;
P_0000026c2ef928e0 .param/l "i" 0 3 32, +C4<01000>;
S_0000026c2ef9d730 .scope generate, "wport[9]" "wport[9]" 3 32, 3 32 0, S_0000026c2f01d920;
 .timescale 0 0;
P_0000026c2ef929a0 .param/l "i" 0 3 32, +C4<01001>;
S_0000026c2ef9d8c0 .scope generate, "wport[10]" "wport[10]" 3 32, 3 32 0, S_0000026c2f01d920;
 .timescale 0 0;
P_0000026c2ef92ee0 .param/l "i" 0 3 32, +C4<01010>;
S_0000026c2ef9da50 .scope generate, "wport[11]" "wport[11]" 3 32, 3 32 0, S_0000026c2f01d920;
 .timescale 0 0;
P_0000026c2ef936a0 .param/l "i" 0 3 32, +C4<01011>;
S_0000026c2ef9dbe0 .scope generate, "wport[12]" "wport[12]" 3 32, 3 32 0, S_0000026c2f01d920;
 .timescale 0 0;
P_0000026c2ef935a0 .param/l "i" 0 3 32, +C4<01100>;
S_0000026c2ef761b0 .scope generate, "wport[13]" "wport[13]" 3 32, 3 32 0, S_0000026c2f01d920;
 .timescale 0 0;
P_0000026c2ef92ca0 .param/l "i" 0 3 32, +C4<01101>;
S_0000026c2ef76750 .scope generate, "wport[14]" "wport[14]" 3 32, 3 32 0, S_0000026c2f01d920;
 .timescale 0 0;
P_0000026c2ef92ae0 .param/l "i" 0 3 32, +C4<01110>;
S_0000026c2ef75830 .scope generate, "wport[15]" "wport[15]" 3 32, 3 32 0, S_0000026c2f01d920;
 .timescale 0 0;
P_0000026c2ef92760 .param/l "i" 0 3 32, +C4<01111>;
S_0000026c2ef759c0 .scope generate, "wport[16]" "wport[16]" 3 32, 3 32 0, S_0000026c2f01d920;
 .timescale 0 0;
P_0000026c2ef93520 .param/l "i" 0 3 32, +C4<010000>;
S_0000026c2ef75b50 .scope generate, "wport[17]" "wport[17]" 3 32, 3 32 0, S_0000026c2f01d920;
 .timescale 0 0;
P_0000026c2ef92820 .param/l "i" 0 3 32, +C4<010001>;
S_0000026c2ef75e70 .scope generate, "wport[18]" "wport[18]" 3 32, 3 32 0, S_0000026c2f01d920;
 .timescale 0 0;
P_0000026c2ef92c20 .param/l "i" 0 3 32, +C4<010010>;
S_0000026c2ef75ce0 .scope generate, "wport[19]" "wport[19]" 3 32, 3 32 0, S_0000026c2f01d920;
 .timescale 0 0;
P_0000026c2ef92fa0 .param/l "i" 0 3 32, +C4<010011>;
S_0000026c2ef751f0 .scope generate, "wport[20]" "wport[20]" 3 32, 3 32 0, S_0000026c2f01d920;
 .timescale 0 0;
P_0000026c2ef92860 .param/l "i" 0 3 32, +C4<010100>;
S_0000026c2ef76000 .scope generate, "wport[21]" "wport[21]" 3 32, 3 32 0, S_0000026c2f01d920;
 .timescale 0 0;
P_0000026c2ef93120 .param/l "i" 0 3 32, +C4<010101>;
S_0000026c2ef75380 .scope generate, "wport[22]" "wport[22]" 3 32, 3 32 0, S_0000026c2f01d920;
 .timescale 0 0;
P_0000026c2ef92d60 .param/l "i" 0 3 32, +C4<010110>;
S_0000026c2ef75510 .scope generate, "wport[23]" "wport[23]" 3 32, 3 32 0, S_0000026c2f01d920;
 .timescale 0 0;
P_0000026c2ef92960 .param/l "i" 0 3 32, +C4<010111>;
S_0000026c2ef756a0 .scope generate, "wport[24]" "wport[24]" 3 32, 3 32 0, S_0000026c2f01d920;
 .timescale 0 0;
P_0000026c2ef93360 .param/l "i" 0 3 32, +C4<011000>;
S_0000026c2efa0420 .scope generate, "wport[25]" "wport[25]" 3 32, 3 32 0, S_0000026c2f01d920;
 .timescale 0 0;
P_0000026c2ef92ba0 .param/l "i" 0 3 32, +C4<011001>;
S_0000026c2efa08d0 .scope generate, "wport[26]" "wport[26]" 3 32, 3 32 0, S_0000026c2f01d920;
 .timescale 0 0;
P_0000026c2ef92e20 .param/l "i" 0 3 32, +C4<011010>;
S_0000026c2efa0a60 .scope generate, "wport[27]" "wport[27]" 3 32, 3 32 0, S_0000026c2f01d920;
 .timescale 0 0;
P_0000026c2ef929e0 .param/l "i" 0 3 32, +C4<011011>;
S_0000026c2ef9f2f0 .scope generate, "wport[28]" "wport[28]" 3 32, 3 32 0, S_0000026c2f01d920;
 .timescale 0 0;
P_0000026c2ef92e60 .param/l "i" 0 3 32, +C4<011100>;
S_0000026c2ef9ff70 .scope generate, "wport[29]" "wport[29]" 3 32, 3 32 0, S_0000026c2f01d920;
 .timescale 0 0;
P_0000026c2ef935e0 .param/l "i" 0 3 32, +C4<011101>;
S_0000026c2ef9fde0 .scope generate, "wport[30]" "wport[30]" 3 32, 3 32 0, S_0000026c2f01d920;
 .timescale 0 0;
P_0000026c2ef92b20 .param/l "i" 0 3 32, +C4<011110>;
S_0000026c2efa0bf0 .scope generate, "wport[31]" "wport[31]" 3 32, 3 32 0, S_0000026c2f01d920;
 .timescale 0 0;
P_0000026c2ef92f60 .param/l "i" 0 3 32, +C4<011111>;
S_0000026c2ef9f480 .scope generate, "wport[32]" "wport[32]" 3 32, 3 32 0, S_0000026c2f01d920;
 .timescale 0 0;
P_0000026c2ef93020 .param/l "i" 0 3 32, +C4<0100000>;
S_0000026c2ef9ee40 .scope generate, "wport[33]" "wport[33]" 3 32, 3 32 0, S_0000026c2f01d920;
 .timescale 0 0;
P_0000026c2ef931e0 .param/l "i" 0 3 32, +C4<0100001>;
S_0000026c2ef9efd0 .scope generate, "wport[34]" "wport[34]" 3 32, 3 32 0, S_0000026c2f01d920;
 .timescale 0 0;
P_0000026c2ef93620 .param/l "i" 0 3 32, +C4<0100010>;
S_0000026c2ef9f930 .scope generate, "wport[35]" "wport[35]" 3 32, 3 32 0, S_0000026c2f01d920;
 .timescale 0 0;
P_0000026c2ef93060 .param/l "i" 0 3 32, +C4<0100011>;
S_0000026c2efa05b0 .scope generate, "wport[36]" "wport[36]" 3 32, 3 32 0, S_0000026c2f01d920;
 .timescale 0 0;
P_0000026c2ef93320 .param/l "i" 0 3 32, +C4<0100100>;
S_0000026c2efa0100 .scope generate, "wport[37]" "wport[37]" 3 32, 3 32 0, S_0000026c2f01d920;
 .timescale 0 0;
P_0000026c2ef92be0 .param/l "i" 0 3 32, +C4<0100101>;
S_0000026c2efa0290 .scope generate, "wport[38]" "wport[38]" 3 32, 3 32 0, S_0000026c2f01d920;
 .timescale 0 0;
P_0000026c2ef92c60 .param/l "i" 0 3 32, +C4<0100110>;
S_0000026c2ef9fac0 .scope generate, "wport[39]" "wport[39]" 3 32, 3 32 0, S_0000026c2f01d920;
 .timescale 0 0;
P_0000026c2ef92da0 .param/l "i" 0 3 32, +C4<0100111>;
S_0000026c2ef9f160 .scope generate, "wport[40]" "wport[40]" 3 32, 3 32 0, S_0000026c2f01d920;
 .timescale 0 0;
P_0000026c2ef93560 .param/l "i" 0 3 32, +C4<0101000>;
S_0000026c2efa0740 .scope generate, "wport[41]" "wport[41]" 3 32, 3 32 0, S_0000026c2f01d920;
 .timescale 0 0;
P_0000026c2ef930a0 .param/l "i" 0 3 32, +C4<0101001>;
S_0000026c2ef9f610 .scope generate, "wport[42]" "wport[42]" 3 32, 3 32 0, S_0000026c2f01d920;
 .timescale 0 0;
P_0000026c2ef93160 .param/l "i" 0 3 32, +C4<0101010>;
S_0000026c2ef9f7a0 .scope generate, "wport[43]" "wport[43]" 3 32, 3 32 0, S_0000026c2f01d920;
 .timescale 0 0;
P_0000026c2ef933a0 .param/l "i" 0 3 32, +C4<0101011>;
S_0000026c2ef9fc50 .scope generate, "wport[44]" "wport[44]" 3 32, 3 32 0, S_0000026c2f01d920;
 .timescale 0 0;
P_0000026c2ef930e0 .param/l "i" 0 3 32, +C4<0101100>;
S_0000026c2efa2430 .scope generate, "wport[45]" "wport[45]" 3 32, 3 32 0, S_0000026c2f01d920;
 .timescale 0 0;
P_0000026c2ef931a0 .param/l "i" 0 3 32, +C4<0101101>;
S_0000026c2efa2750 .scope generate, "wport[46]" "wport[46]" 3 32, 3 32 0, S_0000026c2f01d920;
 .timescale 0 0;
P_0000026c2ef933e0 .param/l "i" 0 3 32, +C4<0101110>;
S_0000026c2efa1c60 .scope generate, "wport[47]" "wport[47]" 3 32, 3 32 0, S_0000026c2f01d920;
 .timescale 0 0;
P_0000026c2ef932a0 .param/l "i" 0 3 32, +C4<0101111>;
S_0000026c2efa17b0 .scope generate, "wport[48]" "wport[48]" 3 32, 3 32 0, S_0000026c2f01d920;
 .timescale 0 0;
P_0000026c2ef93420 .param/l "i" 0 3 32, +C4<0110000>;
S_0000026c2efa0e50 .scope generate, "wport[49]" "wport[49]" 3 32, 3 32 0, S_0000026c2f01d920;
 .timescale 0 0;
P_0000026c2ef934a0 .param/l "i" 0 3 32, +C4<0110001>;
S_0000026c2efa28e0 .scope generate, "wport[50]" "wport[50]" 3 32, 3 32 0, S_0000026c2f01d920;
 .timescale 0 0;
P_0000026c2ef932e0 .param/l "i" 0 3 32, +C4<0110010>;
S_0000026c2efa25c0 .scope generate, "wport[51]" "wport[51]" 3 32, 3 32 0, S_0000026c2f01d920;
 .timescale 0 0;
P_0000026c2ef57da0 .param/l "i" 0 3 32, +C4<0110011>;
S_0000026c2efa1170 .scope generate, "wport[52]" "wport[52]" 3 32, 3 32 0, S_0000026c2f01d920;
 .timescale 0 0;
P_0000026c2ef57760 .param/l "i" 0 3 32, +C4<0110100>;
S_0000026c2efa2a70 .scope generate, "wport[53]" "wport[53]" 3 32, 3 32 0, S_0000026c2f01d920;
 .timescale 0 0;
P_0000026c2ef57360 .param/l "i" 0 3 32, +C4<0110101>;
S_0000026c2efa2110 .scope generate, "wport[54]" "wport[54]" 3 32, 3 32 0, S_0000026c2f01d920;
 .timescale 0 0;
P_0000026c2ef572e0 .param/l "i" 0 3 32, +C4<0110110>;
S_0000026c2efa22a0 .scope generate, "wport[55]" "wport[55]" 3 32, 3 32 0, S_0000026c2f01d920;
 .timescale 0 0;
P_0000026c2ef57b60 .param/l "i" 0 3 32, +C4<0110111>;
S_0000026c2efa1ad0 .scope generate, "wport[56]" "wport[56]" 3 32, 3 32 0, S_0000026c2f01d920;
 .timescale 0 0;
P_0000026c2ef57660 .param/l "i" 0 3 32, +C4<0111000>;
S_0000026c2efa1940 .scope generate, "wport[57]" "wport[57]" 3 32, 3 32 0, S_0000026c2f01d920;
 .timescale 0 0;
P_0000026c2ef570e0 .param/l "i" 0 3 32, +C4<0111001>;
S_0000026c2efa1f80 .scope generate, "wport[58]" "wport[58]" 3 32, 3 32 0, S_0000026c2f01d920;
 .timescale 0 0;
P_0000026c2ef57460 .param/l "i" 0 3 32, +C4<0111010>;
S_0000026c2efa1df0 .scope generate, "wport[59]" "wport[59]" 3 32, 3 32 0, S_0000026c2f01d920;
 .timescale 0 0;
P_0000026c2ef57b20 .param/l "i" 0 3 32, +C4<0111011>;
S_0000026c2efa1490 .scope generate, "wport[60]" "wport[60]" 3 32, 3 32 0, S_0000026c2f01d920;
 .timescale 0 0;
P_0000026c2ef576a0 .param/l "i" 0 3 32, +C4<0111100>;
S_0000026c2efa2c00 .scope generate, "wport[61]" "wport[61]" 3 32, 3 32 0, S_0000026c2f01d920;
 .timescale 0 0;
P_0000026c2ef579e0 .param/l "i" 0 3 32, +C4<0111101>;
S_0000026c2efa0fe0 .scope generate, "wport[62]" "wport[62]" 3 32, 3 32 0, S_0000026c2f01d920;
 .timescale 0 0;
P_0000026c2ef57c60 .param/l "i" 0 3 32, +C4<0111110>;
S_0000026c2efa1300 .scope generate, "wport[63]" "wport[63]" 3 32, 3 32 0, S_0000026c2f01d920;
 .timescale 0 0;
P_0000026c2ef57ea0 .param/l "i" 0 3 32, +C4<0111111>;
    .scope S_0000026c2f01dab0;
T_0 ;
    %wait E_0000026c2ef91aa0;
    %load/vec4 v0000026c2ef85f70_0;
    %flag_set/vec4 8;
    %jmp/0xz  T_0.0, 8;
    %pushi/vec4 0, 0, 4;
    %ix/load 3, 0, 0;
    %flag_set/imm 4, 0;
    %ix/load 4, 0, 0; Constant delay
    %assign/vec4/a/d v0000026c2ef86f10, 0, 4;
    %jmp T_0.1;
T_0.0 ;
    %load/vec4 v0000026c2ef86650_0;
    %flag_set/vec4 9;
    %flag_get/vec4 9;
    %jmp/0 T_0.4, 9;
    %load/vec4 v0000026c2ef87910_0;
    %pad/u 7;
    %pushi/vec4 0, 0, 7;
    %cmp/e;
    %flag_get/vec4 4;
    %and;
T_0.4;
    %flag_set/vec4 8;
    %jmp/0xz  T_0.2, 8;
    %load/vec4 v0000026c2ef86b50_0;
    %ix/load 3, 0, 0;
    %flag_set/imm 4, 0;
    %ix/load 4, 0, 0; Constant delay
    %assign/vec4/a/d v0000026c2ef86f10, 0, 4;
T_0.2 ;
T_0.1 ;
    %jmp T_0;
    .thread T_0;
    .scope S_0000026c2f0163b0;
T_1 ;
    %wait E_0000026c2ef91aa0;
    %load/vec4 v0000026c2ef85f70_0;
    %flag_set/vec4 8;
    %jmp/0xz  T_1.0, 8;
    %pushi/vec4 0, 0, 4;
    %ix/load 3, 1, 0;
    %flag_set/imm 4, 0;
    %ix/load 4, 0, 0; Constant delay
    %assign/vec4/a/d v0000026c2ef86f10, 0, 4;
    %jmp T_1.1;
T_1.0 ;
    %load/vec4 v0000026c2ef86650_0;
    %flag_set/vec4 9;
    %flag_get/vec4 9;
    %jmp/0 T_1.4, 9;
    %load/vec4 v0000026c2ef87910_0;
    %pad/u 7;
    %pushi/vec4 1, 0, 7;
    %cmp/e;
    %flag_get/vec4 4;
    %and;
T_1.4;
    %flag_set/vec4 8;
    %jmp/0xz  T_1.2, 8;
    %load/vec4 v0000026c2ef86b50_0;
    %ix/load 3, 1, 0;
    %flag_set/imm 4, 0;
    %ix/load 4, 0, 0; Constant delay
    %assign/vec4/a/d v0000026c2ef86f10, 0, 4;
T_1.2 ;
T_1.1 ;
    %jmp T_1;
    .thread T_1;
    .scope S_0000026c2f016540;
T_2 ;
    %wait E_0000026c2ef91aa0;
    %load/vec4 v0000026c2ef85f70_0;
    %flag_set/vec4 8;
    %jmp/0xz  T_2.0, 8;
    %pushi/vec4 0, 0, 4;
    %ix/load 3, 2, 0;
    %flag_set/imm 4, 0;
    %ix/load 4, 0, 0; Constant delay
    %assign/vec4/a/d v0000026c2ef86f10, 0, 4;
    %jmp T_2.1;
T_2.0 ;
    %load/vec4 v0000026c2ef86650_0;
    %flag_set/vec4 9;
    %flag_get/vec4 9;
    %jmp/0 T_2.4, 9;
    %load/vec4 v0000026c2ef87910_0;
    %pad/u 7;
    %pushi/vec4 2, 0, 7;
    %cmp/e;
    %flag_get/vec4 4;
    %and;
T_2.4;
    %flag_set/vec4 8;
    %jmp/0xz  T_2.2, 8;
    %load/vec4 v0000026c2ef86b50_0;
    %ix/load 3, 2, 0;
    %flag_set/imm 4, 0;
    %ix/load 4, 0, 0; Constant delay
    %assign/vec4/a/d v0000026c2ef86f10, 0, 4;
T_2.2 ;
T_2.1 ;
    %jmp T_2;
    .thread T_2;
    .scope S_0000026c2ef9cdd0;
T_3 ;
    %wait E_0000026c2ef91aa0;
    %load/vec4 v0000026c2ef85f70_0;
    %flag_set/vec4 8;
    %jmp/0xz  T_3.0, 8;
    %pushi/vec4 0, 0, 4;
    %ix/load 3, 3, 0;
    %flag_set/imm 4, 0;
    %ix/load 4, 0, 0; Constant delay
    %assign/vec4/a/d v0000026c2ef86f10, 0, 4;
    %jmp T_3.1;
T_3.0 ;
    %load/vec4 v0000026c2ef86650_0;
    %flag_set/vec4 9;
    %flag_get/vec4 9;
    %jmp/0 T_3.4, 9;
    %load/vec4 v0000026c2ef87910_0;
    %pad/u 7;
    %pushi/vec4 3, 0, 7;
    %cmp/e;
    %flag_get/vec4 4;
    %and;
T_3.4;
    %flag_set/vec4 8;
    %jmp/0xz  T_3.2, 8;
    %load/vec4 v0000026c2ef86b50_0;
    %ix/load 3, 3, 0;
    %flag_set/imm 4, 0;
    %ix/load 4, 0, 0; Constant delay
    %assign/vec4/a/d v0000026c2ef86f10, 0, 4;
T_3.2 ;
T_3.1 ;
    %jmp T_3;
    .thread T_3;
    .scope S_0000026c2ef9cf60;
T_4 ;
    %wait E_0000026c2ef91aa0;
    %load/vec4 v0000026c2ef85f70_0;
    %flag_set/vec4 8;
    %jmp/0xz  T_4.0, 8;
    %pushi/vec4 0, 0, 4;
    %ix/load 3, 4, 0;
    %flag_set/imm 4, 0;
    %ix/load 4, 0, 0; Constant delay
    %assign/vec4/a/d v0000026c2ef86f10, 0, 4;
    %jmp T_4.1;
T_4.0 ;
    %load/vec4 v0000026c2ef86650_0;
    %flag_set/vec4 9;
    %flag_get/vec4 9;
    %jmp/0 T_4.4, 9;
    %load/vec4 v0000026c2ef87910_0;
    %pad/u 7;
    %pushi/vec4 4, 0, 7;
    %cmp/e;
    %flag_get/vec4 4;
    %and;
T_4.4;
    %flag_set/vec4 8;
    %jmp/0xz  T_4.2, 8;
    %load/vec4 v0000026c2ef86b50_0;
    %ix/load 3, 4, 0;
    %flag_set/imm 4, 0;
    %ix/load 4, 0, 0; Constant delay
    %assign/vec4/a/d v0000026c2ef86f10, 0, 4;
T_4.2 ;
T_4.1 ;
    %jmp T_4;
    .thread T_4;
    .scope S_0000026c2ef9d0f0;
T_5 ;
    %wait E_0000026c2ef91aa0;
    %load/vec4 v0000026c2ef85f70_0;
    %flag_set/vec4 8;
    %jmp/0xz  T_5.0, 8;
    %pushi/vec4 0, 0, 4;
    %ix/load 3, 5, 0;
    %flag_set/imm 4, 0;
    %ix/load 4, 0, 0; Constant delay
    %assign/vec4/a/d v0000026c2ef86f10, 0, 4;
    %jmp T_5.1;
T_5.0 ;
    %load/vec4 v0000026c2ef86650_0;
    %flag_set/vec4 9;
    %flag_get/vec4 9;
    %jmp/0 T_5.4, 9;
    %load/vec4 v0000026c2ef87910_0;
    %pad/u 7;
    %pushi/vec4 5, 0, 7;
    %cmp/e;
    %flag_get/vec4 4;
    %and;
T_5.4;
    %flag_set/vec4 8;
    %jmp/0xz  T_5.2, 8;
    %load/vec4 v0000026c2ef86b50_0;
    %ix/load 3, 5, 0;
    %flag_set/imm 4, 0;
    %ix/load 4, 0, 0; Constant delay
    %assign/vec4/a/d v0000026c2ef86f10, 0, 4;
T_5.2 ;
T_5.1 ;
    %jmp T_5;
    .thread T_5;
    .scope S_0000026c2ef9d280;
T_6 ;
    %wait E_0000026c2ef91aa0;
    %load/vec4 v0000026c2ef85f70_0;
    %flag_set/vec4 8;
    %jmp/0xz  T_6.0, 8;
    %pushi/vec4 0, 0, 4;
    %ix/load 3, 6, 0;
    %flag_set/imm 4, 0;
    %ix/load 4, 0, 0; Constant delay
    %assign/vec4/a/d v0000026c2ef86f10, 0, 4;
    %jmp T_6.1;
T_6.0 ;
    %load/vec4 v0000026c2ef86650_0;
    %flag_set/vec4 9;
    %flag_get/vec4 9;
    %jmp/0 T_6.4, 9;
    %load/vec4 v0000026c2ef87910_0;
    %pad/u 7;
    %pushi/vec4 6, 0, 7;
    %cmp/e;
    %flag_get/vec4 4;
    %and;
T_6.4;
    %flag_set/vec4 8;
    %jmp/0xz  T_6.2, 8;
    %load/vec4 v0000026c2ef86b50_0;
    %ix/load 3, 6, 0;
    %flag_set/imm 4, 0;
    %ix/load 4, 0, 0; Constant delay
    %assign/vec4/a/d v0000026c2ef86f10, 0, 4;
T_6.2 ;
T_6.1 ;
    %jmp T_6;
    .thread T_6;
    .scope S_0000026c2ef9d410;
T_7 ;
    %wait E_0000026c2ef91aa0;
    %load/vec4 v0000026c2ef85f70_0;
    %flag_set/vec4 8;
    %jmp/0xz  T_7.0, 8;
    %pushi/vec4 0, 0, 4;
    %ix/load 3, 7, 0;
    %flag_set/imm 4, 0;
    %ix/load 4, 0, 0; Constant delay
    %assign/vec4/a/d v0000026c2ef86f10, 0, 4;
    %jmp T_7.1;
T_7.0 ;
    %load/vec4 v0000026c2ef86650_0;
    %flag_set/vec4 9;
    %flag_get/vec4 9;
    %jmp/0 T_7.4, 9;
    %load/vec4 v0000026c2ef87910_0;
    %pad/u 7;
    %pushi/vec4 7, 0, 7;
    %cmp/e;
    %flag_get/vec4 4;
    %and;
T_7.4;
    %flag_set/vec4 8;
    %jmp/0xz  T_7.2, 8;
    %load/vec4 v0000026c2ef86b50_0;
    %ix/load 3, 7, 0;
    %flag_set/imm 4, 0;
    %ix/load 4, 0, 0; Constant delay
    %assign/vec4/a/d v0000026c2ef86f10, 0, 4;
T_7.2 ;
T_7.1 ;
    %jmp T_7;
    .thread T_7;
    .scope S_0000026c2ef9d5a0;
T_8 ;
    %wait E_0000026c2ef91aa0;
    %load/vec4 v0000026c2ef85f70_0;
    %flag_set/vec4 8;
    %jmp/0xz  T_8.0, 8;
    %pushi/vec4 0, 0, 4;
    %ix/load 3, 8, 0;
    %flag_set/imm 4, 0;
    %ix/load 4, 0, 0; Constant delay
    %assign/vec4/a/d v0000026c2ef86f10, 0, 4;
    %jmp T_8.1;
T_8.0 ;
    %load/vec4 v0000026c2ef86650_0;
    %flag_set/vec4 9;
    %flag_get/vec4 9;
    %jmp/0 T_8.4, 9;
    %load/vec4 v0000026c2ef87910_0;
    %pad/u 7;
    %pushi/vec4 8, 0, 7;
    %cmp/e;
    %flag_get/vec4 4;
    %and;
T_8.4;
    %flag_set/vec4 8;
    %jmp/0xz  T_8.2, 8;
    %load/vec4 v0000026c2ef86b50_0;
    %ix/load 3, 8, 0;
    %flag_set/imm 4, 0;
    %ix/load 4, 0, 0; Constant delay
    %assign/vec4/a/d v0000026c2ef86f10, 0, 4;
T_8.2 ;
T_8.1 ;
    %jmp T_8;
    .thread T_8;
    .scope S_0000026c2ef9d730;
T_9 ;
    %wait E_0000026c2ef91aa0;
    %load/vec4 v0000026c2ef85f70_0;
    %flag_set/vec4 8;
    %jmp/0xz  T_9.0, 8;
    %pushi/vec4 0, 0, 4;
    %ix/load 3, 9, 0;
    %flag_set/imm 4, 0;
    %ix/load 4, 0, 0; Constant delay
    %assign/vec4/a/d v0000026c2ef86f10, 0, 4;
    %jmp T_9.1;
T_9.0 ;
    %load/vec4 v0000026c2ef86650_0;
    %flag_set/vec4 9;
    %flag_get/vec4 9;
    %jmp/0 T_9.4, 9;
    %load/vec4 v0000026c2ef87910_0;
    %pad/u 7;
    %pushi/vec4 9, 0, 7;
    %cmp/e;
    %flag_get/vec4 4;
    %and;
T_9.4;
    %flag_set/vec4 8;
    %jmp/0xz  T_9.2, 8;
    %load/vec4 v0000026c2ef86b50_0;
    %ix/load 3, 9, 0;
    %flag_set/imm 4, 0;
    %ix/load 4, 0, 0; Constant delay
    %assign/vec4/a/d v0000026c2ef86f10, 0, 4;
T_9.2 ;
T_9.1 ;
    %jmp T_9;
    .thread T_9;
    .scope S_0000026c2ef9d8c0;
T_10 ;
    %wait E_0000026c2ef91aa0;
    %load/vec4 v0000026c2ef85f70_0;
    %flag_set/vec4 8;
    %jmp/0xz  T_10.0, 8;
    %pushi/vec4 0, 0, 4;
    %ix/load 3, 10, 0;
    %flag_set/imm 4, 0;
    %ix/load 4, 0, 0; Constant delay
    %assign/vec4/a/d v0000026c2ef86f10, 0, 4;
    %jmp T_10.1;
T_10.0 ;
    %load/vec4 v0000026c2ef86650_0;
    %flag_set/vec4 9;
    %flag_get/vec4 9;
    %jmp/0 T_10.4, 9;
    %load/vec4 v0000026c2ef87910_0;
    %pad/u 7;
    %pushi/vec4 10, 0, 7;
    %cmp/e;
    %flag_get/vec4 4;
    %and;
T_10.4;
    %flag_set/vec4 8;
    %jmp/0xz  T_10.2, 8;
    %load/vec4 v0000026c2ef86b50_0;
    %ix/load 3, 10, 0;
    %flag_set/imm 4, 0;
    %ix/load 4, 0, 0; Constant delay
    %assign/vec4/a/d v0000026c2ef86f10, 0, 4;
T_10.2 ;
T_10.1 ;
    %jmp T_10;
    .thread T_10;
    .scope S_0000026c2ef9da50;
T_11 ;
    %wait E_0000026c2ef91aa0;
    %load/vec4 v0000026c2ef85f70_0;
    %flag_set/vec4 8;
    %jmp/0xz  T_11.0, 8;
    %pushi/vec4 0, 0, 4;
    %ix/load 3, 11, 0;
    %flag_set/imm 4, 0;
    %ix/load 4, 0, 0; Constant delay
    %assign/vec4/a/d v0000026c2ef86f10, 0, 4;
    %jmp T_11.1;
T_11.0 ;
    %load/vec4 v0000026c2ef86650_0;
    %flag_set/vec4 9;
    %flag_get/vec4 9;
    %jmp/0 T_11.4, 9;
    %load/vec4 v0000026c2ef87910_0;
    %pad/u 7;
    %pushi/vec4 11, 0, 7;
    %cmp/e;
    %flag_get/vec4 4;
    %and;
T_11.4;
    %flag_set/vec4 8;
    %jmp/0xz  T_11.2, 8;
    %load/vec4 v0000026c2ef86b50_0;
    %ix/load 3, 11, 0;
    %flag_set/imm 4, 0;
    %ix/load 4, 0, 0; Constant delay
    %assign/vec4/a/d v0000026c2ef86f10, 0, 4;
T_11.2 ;
T_11.1 ;
    %jmp T_11;
    .thread T_11;
    .scope S_0000026c2ef9dbe0;
T_12 ;
    %wait E_0000026c2ef91aa0;
    %load/vec4 v0000026c2ef85f70_0;
    %flag_set/vec4 8;
    %jmp/0xz  T_12.0, 8;
    %pushi/vec4 0, 0, 4;
    %ix/load 3, 12, 0;
    %flag_set/imm 4, 0;
    %ix/load 4, 0, 0; Constant delay
    %assign/vec4/a/d v0000026c2ef86f10, 0, 4;
    %jmp T_12.1;
T_12.0 ;
    %load/vec4 v0000026c2ef86650_0;
    %flag_set/vec4 9;
    %flag_get/vec4 9;
    %jmp/0 T_12.4, 9;
    %load/vec4 v0000026c2ef87910_0;
    %pad/u 7;
    %pushi/vec4 12, 0, 7;
    %cmp/e;
    %flag_get/vec4 4;
    %and;
T_12.4;
    %flag_set/vec4 8;
    %jmp/0xz  T_12.2, 8;
    %load/vec4 v0000026c2ef86b50_0;
    %ix/load 3, 12, 0;
    %flag_set/imm 4, 0;
    %ix/load 4, 0, 0; Constant delay
    %assign/vec4/a/d v0000026c2ef86f10, 0, 4;
T_12.2 ;
T_12.1 ;
    %jmp T_12;
    .thread T_12;
    .scope S_0000026c2ef761b0;
T_13 ;
    %wait E_0000026c2ef91aa0;
    %load/vec4 v0000026c2ef85f70_0;
    %flag_set/vec4 8;
    %jmp/0xz  T_13.0, 8;
    %pushi/vec4 0, 0, 4;
    %ix/load 3, 13, 0;
    %flag_set/imm 4, 0;
    %ix/load 4, 0, 0; Constant delay
    %assign/vec4/a/d v0000026c2ef86f10, 0, 4;
    %jmp T_13.1;
T_13.0 ;
    %load/vec4 v0000026c2ef86650_0;
    %flag_set/vec4 9;
    %flag_get/vec4 9;
    %jmp/0 T_13.4, 9;
    %load/vec4 v0000026c2ef87910_0;
    %pad/u 7;
    %pushi/vec4 13, 0, 7;
    %cmp/e;
    %flag_get/vec4 4;
    %and;
T_13.4;
    %flag_set/vec4 8;
    %jmp/0xz  T_13.2, 8;
    %load/vec4 v0000026c2ef86b50_0;
    %ix/load 3, 13, 0;
    %flag_set/imm 4, 0;
    %ix/load 4, 0, 0; Constant delay
    %assign/vec4/a/d v0000026c2ef86f10, 0, 4;
T_13.2 ;
T_13.1 ;
    %jmp T_13;
    .thread T_13;
    .scope S_0000026c2ef76750;
T_14 ;
    %wait E_0000026c2ef91aa0;
    %load/vec4 v0000026c2ef85f70_0;
    %flag_set/vec4 8;
    %jmp/0xz  T_14.0, 8;
    %pushi/vec4 0, 0, 4;
    %ix/load 3, 14, 0;
    %flag_set/imm 4, 0;
    %ix/load 4, 0, 0; Constant delay
    %assign/vec4/a/d v0000026c2ef86f10, 0, 4;
    %jmp T_14.1;
T_14.0 ;
    %load/vec4 v0000026c2ef86650_0;
    %flag_set/vec4 9;
    %flag_get/vec4 9;
    %jmp/0 T_14.4, 9;
    %load/vec4 v0000026c2ef87910_0;
    %pad/u 7;
    %pushi/vec4 14, 0, 7;
    %cmp/e;
    %flag_get/vec4 4;
    %and;
T_14.4;
    %flag_set/vec4 8;
    %jmp/0xz  T_14.2, 8;
    %load/vec4 v0000026c2ef86b50_0;
    %ix/load 3, 14, 0;
    %flag_set/imm 4, 0;
    %ix/load 4, 0, 0; Constant delay
    %assign/vec4/a/d v0000026c2ef86f10, 0, 4;
T_14.2 ;
T_14.1 ;
    %jmp T_14;
    .thread T_14;
    .scope S_0000026c2ef75830;
T_15 ;
    %wait E_0000026c2ef91aa0;
    %load/vec4 v0000026c2ef85f70_0;
    %flag_set/vec4 8;
    %jmp/0xz  T_15.0, 8;
    %pushi/vec4 0, 0, 4;
    %ix/load 3, 15, 0;
    %flag_set/imm 4, 0;
    %ix/load 4, 0, 0; Constant delay
    %assign/vec4/a/d v0000026c2ef86f10, 0, 4;
    %jmp T_15.1;
T_15.0 ;
    %load/vec4 v0000026c2ef86650_0;
    %flag_set/vec4 9;
    %flag_get/vec4 9;
    %jmp/0 T_15.4, 9;
    %load/vec4 v0000026c2ef87910_0;
    %pad/u 7;
    %pushi/vec4 15, 0, 7;
    %cmp/e;
    %flag_get/vec4 4;
    %and;
T_15.4;
    %flag_set/vec4 8;
    %jmp/0xz  T_15.2, 8;
    %load/vec4 v0000026c2ef86b50_0;
    %ix/load 3, 15, 0;
    %flag_set/imm 4, 0;
    %ix/load 4, 0, 0; Constant delay
    %assign/vec4/a/d v0000026c2ef86f10, 0, 4;
T_15.2 ;
T_15.1 ;
    %jmp T_15;
    .thread T_15;
    .scope S_0000026c2ef759c0;
T_16 ;
    %wait E_0000026c2ef91aa0;
    %load/vec4 v0000026c2ef85f70_0;
    %flag_set/vec4 8;
    %jmp/0xz  T_16.0, 8;
    %pushi/vec4 0, 0, 4;
    %ix/load 3, 16, 0;
    %flag_set/imm 4, 0;
    %ix/load 4, 0, 0; Constant delay
    %assign/vec4/a/d v0000026c2ef86f10, 0, 4;
    %jmp T_16.1;
T_16.0 ;
    %load/vec4 v0000026c2ef86650_0;
    %flag_set/vec4 9;
    %flag_get/vec4 9;
    %jmp/0 T_16.4, 9;
    %load/vec4 v0000026c2ef87910_0;
    %pad/u 7;
    %pushi/vec4 16, 0, 7;
    %cmp/e;
    %flag_get/vec4 4;
    %and;
T_16.4;
    %flag_set/vec4 8;
    %jmp/0xz  T_16.2, 8;
    %load/vec4 v0000026c2ef86b50_0;
    %ix/load 3, 16, 0;
    %flag_set/imm 4, 0;
    %ix/load 4, 0, 0; Constant delay
    %assign/vec4/a/d v0000026c2ef86f10, 0, 4;
T_16.2 ;
T_16.1 ;
    %jmp T_16;
    .thread T_16;
    .scope S_0000026c2ef75b50;
T_17 ;
    %wait E_0000026c2ef91aa0;
    %load/vec4 v0000026c2ef85f70_0;
    %flag_set/vec4 8;
    %jmp/0xz  T_17.0, 8;
    %pushi/vec4 0, 0, 4;
    %ix/load 3, 17, 0;
    %flag_set/imm 4, 0;
    %ix/load 4, 0, 0; Constant delay
    %assign/vec4/a/d v0000026c2ef86f10, 0, 4;
    %jmp T_17.1;
T_17.0 ;
    %load/vec4 v0000026c2ef86650_0;
    %flag_set/vec4 9;
    %flag_get/vec4 9;
    %jmp/0 T_17.4, 9;
    %load/vec4 v0000026c2ef87910_0;
    %pad/u 7;
    %pushi/vec4 17, 0, 7;
    %cmp/e;
    %flag_get/vec4 4;
    %and;
T_17.4;
    %flag_set/vec4 8;
    %jmp/0xz  T_17.2, 8;
    %load/vec4 v0000026c2ef86b50_0;
    %ix/load 3, 17, 0;
    %flag_set/imm 4, 0;
    %ix/load 4, 0, 0; Constant delay
    %assign/vec4/a/d v0000026c2ef86f10, 0, 4;
T_17.2 ;
T_17.1 ;
    %jmp T_17;
    .thread T_17;
    .scope S_0000026c2ef75e70;
T_18 ;
    %wait E_0000026c2ef91aa0;
    %load/vec4 v0000026c2ef85f70_0;
    %flag_set/vec4 8;
    %jmp/0xz  T_18.0, 8;
    %pushi/vec4 0, 0, 4;
    %ix/load 3, 18, 0;
    %flag_set/imm 4, 0;
    %ix/load 4, 0, 0; Constant delay
    %assign/vec4/a/d v0000026c2ef86f10, 0, 4;
    %jmp T_18.1;
T_18.0 ;
    %load/vec4 v0000026c2ef86650_0;
    %flag_set/vec4 9;
    %flag_get/vec4 9;
    %jmp/0 T_18.4, 9;
    %load/vec4 v0000026c2ef87910_0;
    %pad/u 7;
    %pushi/vec4 18, 0, 7;
    %cmp/e;
    %flag_get/vec4 4;
    %and;
T_18.4;
    %flag_set/vec4 8;
    %jmp/0xz  T_18.2, 8;
    %load/vec4 v0000026c2ef86b50_0;
    %ix/load 3, 18, 0;
    %flag_set/imm 4, 0;
    %ix/load 4, 0, 0; Constant delay
    %assign/vec4/a/d v0000026c2ef86f10, 0, 4;
T_18.2 ;
T_18.1 ;
    %jmp T_18;
    .thread T_18;
    .scope S_0000026c2ef75ce0;
T_19 ;
    %wait E_0000026c2ef91aa0;
    %load/vec4 v0000026c2ef85f70_0;
    %flag_set/vec4 8;
    %jmp/0xz  T_19.0, 8;
    %pushi/vec4 0, 0, 4;
    %ix/load 3, 19, 0;
    %flag_set/imm 4, 0;
    %ix/load 4, 0, 0; Constant delay
    %assign/vec4/a/d v0000026c2ef86f10, 0, 4;
    %jmp T_19.1;
T_19.0 ;
    %load/vec4 v0000026c2ef86650_0;
    %flag_set/vec4 9;
    %flag_get/vec4 9;
    %jmp/0 T_19.4, 9;
    %load/vec4 v0000026c2ef87910_0;
    %pad/u 7;
    %pushi/vec4 19, 0, 7;
    %cmp/e;
    %flag_get/vec4 4;
    %and;
T_19.4;
    %flag_set/vec4 8;
    %jmp/0xz  T_19.2, 8;
    %load/vec4 v0000026c2ef86b50_0;
    %ix/load 3, 19, 0;
    %flag_set/imm 4, 0;
    %ix/load 4, 0, 0; Constant delay
    %assign/vec4/a/d v0000026c2ef86f10, 0, 4;
T_19.2 ;
T_19.1 ;
    %jmp T_19;
    .thread T_19;
    .scope S_0000026c2ef751f0;
T_20 ;
    %wait E_0000026c2ef91aa0;
    %load/vec4 v0000026c2ef85f70_0;
    %flag_set/vec4 8;
    %jmp/0xz  T_20.0, 8;
    %pushi/vec4 0, 0, 4;
    %ix/load 3, 20, 0;
    %flag_set/imm 4, 0;
    %ix/load 4, 0, 0; Constant delay
    %assign/vec4/a/d v0000026c2ef86f10, 0, 4;
    %jmp T_20.1;
T_20.0 ;
    %load/vec4 v0000026c2ef86650_0;
    %flag_set/vec4 9;
    %flag_get/vec4 9;
    %jmp/0 T_20.4, 9;
    %load/vec4 v0000026c2ef87910_0;
    %pad/u 7;
    %pushi/vec4 20, 0, 7;
    %cmp/e;
    %flag_get/vec4 4;
    %and;
T_20.4;
    %flag_set/vec4 8;
    %jmp/0xz  T_20.2, 8;
    %load/vec4 v0000026c2ef86b50_0;
    %ix/load 3, 20, 0;
    %flag_set/imm 4, 0;
    %ix/load 4, 0, 0; Constant delay
    %assign/vec4/a/d v0000026c2ef86f10, 0, 4;
T_20.2 ;
T_20.1 ;
    %jmp T_20;
    .thread T_20;
    .scope S_0000026c2ef76000;
T_21 ;
    %wait E_0000026c2ef91aa0;
    %load/vec4 v0000026c2ef85f70_0;
    %flag_set/vec4 8;
    %jmp/0xz  T_21.0, 8;
    %pushi/vec4 0, 0, 4;
    %ix/load 3, 21, 0;
    %flag_set/imm 4, 0;
    %ix/load 4, 0, 0; Constant delay
    %assign/vec4/a/d v0000026c2ef86f10, 0, 4;
    %jmp T_21.1;
T_21.0 ;
    %load/vec4 v0000026c2ef86650_0;
    %flag_set/vec4 9;
    %flag_get/vec4 9;
    %jmp/0 T_21.4, 9;
    %load/vec4 v0000026c2ef87910_0;
    %pad/u 7;
    %pushi/vec4 21, 0, 7;
    %cmp/e;
    %flag_get/vec4 4;
    %and;
T_21.4;
    %flag_set/vec4 8;
    %jmp/0xz  T_21.2, 8;
    %load/vec4 v0000026c2ef86b50_0;
    %ix/load 3, 21, 0;
    %flag_set/imm 4, 0;
    %ix/load 4, 0, 0; Constant delay
    %assign/vec4/a/d v0000026c2ef86f10, 0, 4;
T_21.2 ;
T_21.1 ;
    %jmp T_21;
    .thread T_21;
    .scope S_0000026c2ef75380;
T_22 ;
    %wait E_0000026c2ef91aa0;
    %load/vec4 v0000026c2ef85f70_0;
    %flag_set/vec4 8;
    %jmp/0xz  T_22.0, 8;
    %pushi/vec4 0, 0, 4;
    %ix/load 3, 22, 0;
    %flag_set/imm 4, 0;
    %ix/load 4, 0, 0; Constant delay
    %assign/vec4/a/d v0000026c2ef86f10, 0, 4;
    %jmp T_22.1;
T_22.0 ;
    %load/vec4 v0000026c2ef86650_0;
    %flag_set/vec4 9;
    %flag_get/vec4 9;
    %jmp/0 T_22.4, 9;
    %load/vec4 v0000026c2ef87910_0;
    %pad/u 7;
    %pushi/vec4 22, 0, 7;
    %cmp/e;
    %flag_get/vec4 4;
    %and;
T_22.4;
    %flag_set/vec4 8;
    %jmp/0xz  T_22.2, 8;
    %load/vec4 v0000026c2ef86b50_0;
    %ix/load 3, 22, 0;
    %flag_set/imm 4, 0;
    %ix/load 4, 0, 0; Constant delay
    %assign/vec4/a/d v0000026c2ef86f10, 0, 4;
T_22.2 ;
T_22.1 ;
    %jmp T_22;
    .thread T_22;
    .scope S_0000026c2ef75510;
T_23 ;
    %wait E_0000026c2ef91aa0;
    %load/vec4 v0000026c2ef85f70_0;
    %flag_set/vec4 8;
    %jmp/0xz  T_23.0, 8;
    %pushi/vec4 0, 0, 4;
    %ix/load 3, 23, 0;
    %flag_set/imm 4, 0;
    %ix/load 4, 0, 0; Constant delay
    %assign/vec4/a/d v0000026c2ef86f10, 0, 4;
    %jmp T_23.1;
T_23.0 ;
    %load/vec4 v0000026c2ef86650_0;
    %flag_set/vec4 9;
    %flag_get/vec4 9;
    %jmp/0 T_23.4, 9;
    %load/vec4 v0000026c2ef87910_0;
    %pad/u 7;
    %pushi/vec4 23, 0, 7;
    %cmp/e;
    %flag_get/vec4 4;
    %and;
T_23.4;
    %flag_set/vec4 8;
    %jmp/0xz  T_23.2, 8;
    %load/vec4 v0000026c2ef86b50_0;
    %ix/load 3, 23, 0;
    %flag_set/imm 4, 0;
    %ix/load 4, 0, 0; Constant delay
    %assign/vec4/a/d v0000026c2ef86f10, 0, 4;
T_23.2 ;
T_23.1 ;
    %jmp T_23;
    .thread T_23;
    .scope S_0000026c2ef756a0;
T_24 ;
    %wait E_0000026c2ef91aa0;
    %load/vec4 v0000026c2ef85f70_0;
    %flag_set/vec4 8;
    %jmp/0xz  T_24.0, 8;
    %pushi/vec4 0, 0, 4;
    %ix/load 3, 24, 0;
    %flag_set/imm 4, 0;
    %ix/load 4, 0, 0; Constant delay
    %assign/vec4/a/d v0000026c2ef86f10, 0, 4;
    %jmp T_24.1;
T_24.0 ;
    %load/vec4 v0000026c2ef86650_0;
    %flag_set/vec4 9;
    %flag_get/vec4 9;
    %jmp/0 T_24.4, 9;
    %load/vec4 v0000026c2ef87910_0;
    %pad/u 7;
    %pushi/vec4 24, 0, 7;
    %cmp/e;
    %flag_get/vec4 4;
    %and;
T_24.4;
    %flag_set/vec4 8;
    %jmp/0xz  T_24.2, 8;
    %load/vec4 v0000026c2ef86b50_0;
    %ix/load 3, 24, 0;
    %flag_set/imm 4, 0;
    %ix/load 4, 0, 0; Constant delay
    %assign/vec4/a/d v0000026c2ef86f10, 0, 4;
T_24.2 ;
T_24.1 ;
    %jmp T_24;
    .thread T_24;
    .scope S_0000026c2efa0420;
T_25 ;
    %wait E_0000026c2ef91aa0;
    %load/vec4 v0000026c2ef85f70_0;
    %flag_set/vec4 8;
    %jmp/0xz  T_25.0, 8;
    %pushi/vec4 0, 0, 4;
    %ix/load 3, 25, 0;
    %flag_set/imm 4, 0;
    %ix/load 4, 0, 0; Constant delay
    %assign/vec4/a/d v0000026c2ef86f10, 0, 4;
    %jmp T_25.1;
T_25.0 ;
    %load/vec4 v0000026c2ef86650_0;
    %flag_set/vec4 9;
    %flag_get/vec4 9;
    %jmp/0 T_25.4, 9;
    %load/vec4 v0000026c2ef87910_0;
    %pad/u 7;
    %pushi/vec4 25, 0, 7;
    %cmp/e;
    %flag_get/vec4 4;
    %and;
T_25.4;
    %flag_set/vec4 8;
    %jmp/0xz  T_25.2, 8;
    %load/vec4 v0000026c2ef86b50_0;
    %ix/load 3, 25, 0;
    %flag_set/imm 4, 0;
    %ix/load 4, 0, 0; Constant delay
    %assign/vec4/a/d v0000026c2ef86f10, 0, 4;
T_25.2 ;
T_25.1 ;
    %jmp T_25;
    .thread T_25;
    .scope S_0000026c2efa08d0;
T_26 ;
    %wait E_0000026c2ef91aa0;
    %load/vec4 v0000026c2ef85f70_0;
    %flag_set/vec4 8;
    %jmp/0xz  T_26.0, 8;
    %pushi/vec4 0, 0, 4;
    %ix/load 3, 26, 0;
    %flag_set/imm 4, 0;
    %ix/load 4, 0, 0; Constant delay
    %assign/vec4/a/d v0000026c2ef86f10, 0, 4;
    %jmp T_26.1;
T_26.0 ;
    %load/vec4 v0000026c2ef86650_0;
    %flag_set/vec4 9;
    %flag_get/vec4 9;
    %jmp/0 T_26.4, 9;
    %load/vec4 v0000026c2ef87910_0;
    %pad/u 7;
    %pushi/vec4 26, 0, 7;
    %cmp/e;
    %flag_get/vec4 4;
    %and;
T_26.4;
    %flag_set/vec4 8;
    %jmp/0xz  T_26.2, 8;
    %load/vec4 v0000026c2ef86b50_0;
    %ix/load 3, 26, 0;
    %flag_set/imm 4, 0;
    %ix/load 4, 0, 0; Constant delay
    %assign/vec4/a/d v0000026c2ef86f10, 0, 4;
T_26.2 ;
T_26.1 ;
    %jmp T_26;
    .thread T_26;
    .scope S_0000026c2efa0a60;
T_27 ;
    %wait E_0000026c2ef91aa0;
    %load/vec4 v0000026c2ef85f70_0;
    %flag_set/vec4 8;
    %jmp/0xz  T_27.0, 8;
    %pushi/vec4 0, 0, 4;
    %ix/load 3, 27, 0;
    %flag_set/imm 4, 0;
    %ix/load 4, 0, 0; Constant delay
    %assign/vec4/a/d v0000026c2ef86f10, 0, 4;
    %jmp T_27.1;
T_27.0 ;
    %load/vec4 v0000026c2ef86650_0;
    %flag_set/vec4 9;
    %flag_get/vec4 9;
    %jmp/0 T_27.4, 9;
    %load/vec4 v0000026c2ef87910_0;
    %pad/u 7;
    %pushi/vec4 27, 0, 7;
    %cmp/e;
    %flag_get/vec4 4;
    %and;
T_27.4;
    %flag_set/vec4 8;
    %jmp/0xz  T_27.2, 8;
    %load/vec4 v0000026c2ef86b50_0;
    %ix/load 3, 27, 0;
    %flag_set/imm 4, 0;
    %ix/load 4, 0, 0; Constant delay
    %assign/vec4/a/d v0000026c2ef86f10, 0, 4;
T_27.2 ;
T_27.1 ;
    %jmp T_27;
    .thread T_27;
    .scope S_0000026c2ef9f2f0;
T_28 ;
    %wait E_0000026c2ef91aa0;
    %load/vec4 v0000026c2ef85f70_0;
    %flag_set/vec4 8;
    %jmp/0xz  T_28.0, 8;
    %pushi/vec4 0, 0, 4;
    %ix/load 3, 28, 0;
    %flag_set/imm 4, 0;
    %ix/load 4, 0, 0; Constant delay
    %assign/vec4/a/d v0000026c2ef86f10, 0, 4;
    %jmp T_28.1;
T_28.0 ;
    %load/vec4 v0000026c2ef86650_0;
    %flag_set/vec4 9;
    %flag_get/vec4 9;
    %jmp/0 T_28.4, 9;
    %load/vec4 v0000026c2ef87910_0;
    %pad/u 7;
    %pushi/vec4 28, 0, 7;
    %cmp/e;
    %flag_get/vec4 4;
    %and;
T_28.4;
    %flag_set/vec4 8;
    %jmp/0xz  T_28.2, 8;
    %load/vec4 v0000026c2ef86b50_0;
    %ix/load 3, 28, 0;
    %flag_set/imm 4, 0;
    %ix/load 4, 0, 0; Constant delay
    %assign/vec4/a/d v0000026c2ef86f10, 0, 4;
T_28.2 ;
T_28.1 ;
    %jmp T_28;
    .thread T_28;
    .scope S_0000026c2ef9ff70;
T_29 ;
    %wait E_0000026c2ef91aa0;
    %load/vec4 v0000026c2ef85f70_0;
    %flag_set/vec4 8;
    %jmp/0xz  T_29.0, 8;
    %pushi/vec4 0, 0, 4;
    %ix/load 3, 29, 0;
    %flag_set/imm 4, 0;
    %ix/load 4, 0, 0; Constant delay
    %assign/vec4/a/d v0000026c2ef86f10, 0, 4;
    %jmp T_29.1;
T_29.0 ;
    %load/vec4 v0000026c2ef86650_0;
    %flag_set/vec4 9;
    %flag_get/vec4 9;
    %jmp/0 T_29.4, 9;
    %load/vec4 v0000026c2ef87910_0;
    %pad/u 7;
    %pushi/vec4 29, 0, 7;
    %cmp/e;
    %flag_get/vec4 4;
    %and;
T_29.4;
    %flag_set/vec4 8;
    %jmp/0xz  T_29.2, 8;
    %load/vec4 v0000026c2ef86b50_0;
    %ix/load 3, 29, 0;
    %flag_set/imm 4, 0;
    %ix/load 4, 0, 0; Constant delay
    %assign/vec4/a/d v0000026c2ef86f10, 0, 4;
T_29.2 ;
T_29.1 ;
    %jmp T_29;
    .thread T_29;
    .scope S_0000026c2ef9fde0;
T_30 ;
    %wait E_0000026c2ef91aa0;
    %load/vec4 v0000026c2ef85f70_0;
    %flag_set/vec4 8;
    %jmp/0xz  T_30.0, 8;
    %pushi/vec4 0, 0, 4;
    %ix/load 3, 30, 0;
    %flag_set/imm 4, 0;
    %ix/load 4, 0, 0; Constant delay
    %assign/vec4/a/d v0000026c2ef86f10, 0, 4;
    %jmp T_30.1;
T_30.0 ;
    %load/vec4 v0000026c2ef86650_0;
    %flag_set/vec4 9;
    %flag_get/vec4 9;
    %jmp/0 T_30.4, 9;
    %load/vec4 v0000026c2ef87910_0;
    %pad/u 7;
    %pushi/vec4 30, 0, 7;
    %cmp/e;
    %flag_get/vec4 4;
    %and;
T_30.4;
    %flag_set/vec4 8;
    %jmp/0xz  T_30.2, 8;
    %load/vec4 v0000026c2ef86b50_0;
    %ix/load 3, 30, 0;
    %flag_set/imm 4, 0;
    %ix/load 4, 0, 0; Constant delay
    %assign/vec4/a/d v0000026c2ef86f10, 0, 4;
T_30.2 ;
T_30.1 ;
    %jmp T_30;
    .thread T_30;
    .scope S_0000026c2efa0bf0;
T_31 ;
    %wait E_0000026c2ef91aa0;
    %load/vec4 v0000026c2ef85f70_0;
    %flag_set/vec4 8;
    %jmp/0xz  T_31.0, 8;
    %pushi/vec4 0, 0, 4;
    %ix/load 3, 31, 0;
    %flag_set/imm 4, 0;
    %ix/load 4, 0, 0; Constant delay
    %assign/vec4/a/d v0000026c2ef86f10, 0, 4;
    %jmp T_31.1;
T_31.0 ;
    %load/vec4 v0000026c2ef86650_0;
    %flag_set/vec4 9;
    %flag_get/vec4 9;
    %jmp/0 T_31.4, 9;
    %load/vec4 v0000026c2ef87910_0;
    %pad/u 7;
    %pushi/vec4 31, 0, 7;
    %cmp/e;
    %flag_get/vec4 4;
    %and;
T_31.4;
    %flag_set/vec4 8;
    %jmp/0xz  T_31.2, 8;
    %load/vec4 v0000026c2ef86b50_0;
    %ix/load 3, 31, 0;
    %flag_set/imm 4, 0;
    %ix/load 4, 0, 0; Constant delay
    %assign/vec4/a/d v0000026c2ef86f10, 0, 4;
T_31.2 ;
T_31.1 ;
    %jmp T_31;
    .thread T_31;
    .scope S_0000026c2ef9f480;
T_32 ;
    %wait E_0000026c2ef91aa0;
    %load/vec4 v0000026c2ef85f70_0;
    %flag_set/vec4 8;
    %jmp/0xz  T_32.0, 8;
    %pushi/vec4 0, 0, 4;
    %ix/load 3, 32, 0;
    %flag_set/imm 4, 0;
    %ix/load 4, 0, 0; Constant delay
    %assign/vec4/a/d v0000026c2ef86f10, 0, 4;
    %jmp T_32.1;
T_32.0 ;
    %load/vec4 v0000026c2ef86650_0;
    %flag_set/vec4 9;
    %flag_get/vec4 9;
    %jmp/0 T_32.4, 9;
    %load/vec4 v0000026c2ef87910_0;
    %pad/u 8;
    %pushi/vec4 32, 0, 8;
    %cmp/e;
    %flag_get/vec4 4;
    %and;
T_32.4;
    %flag_set/vec4 8;
    %jmp/0xz  T_32.2, 8;
    %load/vec4 v0000026c2ef86b50_0;
    %ix/load 3, 32, 0;
    %flag_set/imm 4, 0;
    %ix/load 4, 0, 0; Constant delay
    %assign/vec4/a/d v0000026c2ef86f10, 0, 4;
T_32.2 ;
T_32.1 ;
    %jmp T_32;
    .thread T_32;
    .scope S_0000026c2ef9ee40;
T_33 ;
    %wait E_0000026c2ef91aa0;
    %load/vec4 v0000026c2ef85f70_0;
    %flag_set/vec4 8;
    %jmp/0xz  T_33.0, 8;
    %pushi/vec4 0, 0, 4;
    %ix/load 3, 33, 0;
    %flag_set/imm 4, 0;
    %ix/load 4, 0, 0; Constant delay
    %assign/vec4/a/d v0000026c2ef86f10, 0, 4;
    %jmp T_33.1;
T_33.0 ;
    %load/vec4 v0000026c2ef86650_0;
    %flag_set/vec4 9;
    %flag_get/vec4 9;
    %jmp/0 T_33.4, 9;
    %load/vec4 v0000026c2ef87910_0;
    %pad/u 8;
    %pushi/vec4 33, 0, 8;
    %cmp/e;
    %flag_get/vec4 4;
    %and;
T_33.4;
    %flag_set/vec4 8;
    %jmp/0xz  T_33.2, 8;
    %load/vec4 v0000026c2ef86b50_0;
    %ix/load 3, 33, 0;
    %flag_set/imm 4, 0;
    %ix/load 4, 0, 0; Constant delay
    %assign/vec4/a/d v0000026c2ef86f10, 0, 4;
T_33.2 ;
T_33.1 ;
    %jmp T_33;
    .thread T_33;
    .scope S_0000026c2ef9efd0;
T_34 ;
    %wait E_0000026c2ef91aa0;
    %load/vec4 v0000026c2ef85f70_0;
    %flag_set/vec4 8;
    %jmp/0xz  T_34.0, 8;
    %pushi/vec4 0, 0, 4;
    %ix/load 3, 34, 0;
    %flag_set/imm 4, 0;
    %ix/load 4, 0, 0; Constant delay
    %assign/vec4/a/d v0000026c2ef86f10, 0, 4;
    %jmp T_34.1;
T_34.0 ;
    %load/vec4 v0000026c2ef86650_0;
    %flag_set/vec4 9;
    %flag_get/vec4 9;
    %jmp/0 T_34.4, 9;
    %load/vec4 v0000026c2ef87910_0;
    %pad/u 8;
    %pushi/vec4 34, 0, 8;
    %cmp/e;
    %flag_get/vec4 4;
    %and;
T_34.4;
    %flag_set/vec4 8;
    %jmp/0xz  T_34.2, 8;
    %load/vec4 v0000026c2ef86b50_0;
    %ix/load 3, 34, 0;
    %flag_set/imm 4, 0;
    %ix/load 4, 0, 0; Constant delay
    %assign/vec4/a/d v0000026c2ef86f10, 0, 4;
T_34.2 ;
T_34.1 ;
    %jmp T_34;
    .thread T_34;
    .scope S_0000026c2ef9f930;
T_35 ;
    %wait E_0000026c2ef91aa0;
    %load/vec4 v0000026c2ef85f70_0;
    %flag_set/vec4 8;
    %jmp/0xz  T_35.0, 8;
    %pushi/vec4 0, 0, 4;
    %ix/load 3, 35, 0;
    %flag_set/imm 4, 0;
    %ix/load 4, 0, 0; Constant delay
    %assign/vec4/a/d v0000026c2ef86f10, 0, 4;
    %jmp T_35.1;
T_35.0 ;
    %load/vec4 v0000026c2ef86650_0;
    %flag_set/vec4 9;
    %flag_get/vec4 9;
    %jmp/0 T_35.4, 9;
    %load/vec4 v0000026c2ef87910_0;
    %pad/u 8;
    %pushi/vec4 35, 0, 8;
    %cmp/e;
    %flag_get/vec4 4;
    %and;
T_35.4;
    %flag_set/vec4 8;
    %jmp/0xz  T_35.2, 8;
    %load/vec4 v0000026c2ef86b50_0;
    %ix/load 3, 35, 0;
    %flag_set/imm 4, 0;
    %ix/load 4, 0, 0; Constant delay
    %assign/vec4/a/d v0000026c2ef86f10, 0, 4;
T_35.2 ;
T_35.1 ;
    %jmp T_35;
    .thread T_35;
    .scope S_0000026c2efa05b0;
T_36 ;
    %wait E_0000026c2ef91aa0;
    %load/vec4 v0000026c2ef85f70_0;
    %flag_set/vec4 8;
    %jmp/0xz  T_36.0, 8;
    %pushi/vec4 0, 0, 4;
    %ix/load 3, 36, 0;
    %flag_set/imm 4, 0;
    %ix/load 4, 0, 0; Constant delay
    %assign/vec4/a/d v0000026c2ef86f10, 0, 4;
    %jmp T_36.1;
T_36.0 ;
    %load/vec4 v0000026c2ef86650_0;
    %flag_set/vec4 9;
    %flag_get/vec4 9;
    %jmp/0 T_36.4, 9;
    %load/vec4 v0000026c2ef87910_0;
    %pad/u 8;
    %pushi/vec4 36, 0, 8;
    %cmp/e;
    %flag_get/vec4 4;
    %and;
T_36.4;
    %flag_set/vec4 8;
    %jmp/0xz  T_36.2, 8;
    %load/vec4 v0000026c2ef86b50_0;
    %ix/load 3, 36, 0;
    %flag_set/imm 4, 0;
    %ix/load 4, 0, 0; Constant delay
    %assign/vec4/a/d v0000026c2ef86f10, 0, 4;
T_36.2 ;
T_36.1 ;
    %jmp T_36;
    .thread T_36;
    .scope S_0000026c2efa0100;
T_37 ;
    %wait E_0000026c2ef91aa0;
    %load/vec4 v0000026c2ef85f70_0;
    %flag_set/vec4 8;
    %jmp/0xz  T_37.0, 8;
    %pushi/vec4 0, 0, 4;
    %ix/load 3, 37, 0;
    %flag_set/imm 4, 0;
    %ix/load 4, 0, 0; Constant delay
    %assign/vec4/a/d v0000026c2ef86f10, 0, 4;
    %jmp T_37.1;
T_37.0 ;
    %load/vec4 v0000026c2ef86650_0;
    %flag_set/vec4 9;
    %flag_get/vec4 9;
    %jmp/0 T_37.4, 9;
    %load/vec4 v0000026c2ef87910_0;
    %pad/u 8;
    %pushi/vec4 37, 0, 8;
    %cmp/e;
    %flag_get/vec4 4;
    %and;
T_37.4;
    %flag_set/vec4 8;
    %jmp/0xz  T_37.2, 8;
    %load/vec4 v0000026c2ef86b50_0;
    %ix/load 3, 37, 0;
    %flag_set/imm 4, 0;
    %ix/load 4, 0, 0; Constant delay
    %assign/vec4/a/d v0000026c2ef86f10, 0, 4;
T_37.2 ;
T_37.1 ;
    %jmp T_37;
    .thread T_37;
    .scope S_0000026c2efa0290;
T_38 ;
    %wait E_0000026c2ef91aa0;
    %load/vec4 v0000026c2ef85f70_0;
    %flag_set/vec4 8;
    %jmp/0xz  T_38.0, 8;
    %pushi/vec4 0, 0, 4;
    %ix/load 3, 38, 0;
    %flag_set/imm 4, 0;
    %ix/load 4, 0, 0; Constant delay
    %assign/vec4/a/d v0000026c2ef86f10, 0, 4;
    %jmp T_38.1;
T_38.0 ;
    %load/vec4 v0000026c2ef86650_0;
    %flag_set/vec4 9;
    %flag_get/vec4 9;
    %jmp/0 T_38.4, 9;
    %load/vec4 v0000026c2ef87910_0;
    %pad/u 8;
    %pushi/vec4 38, 0, 8;
    %cmp/e;
    %flag_get/vec4 4;
    %and;
T_38.4;
    %flag_set/vec4 8;
    %jmp/0xz  T_38.2, 8;
    %load/vec4 v0000026c2ef86b50_0;
    %ix/load 3, 38, 0;
    %flag_set/imm 4, 0;
    %ix/load 4, 0, 0; Constant delay
    %assign/vec4/a/d v0000026c2ef86f10, 0, 4;
T_38.2 ;
T_38.1 ;
    %jmp T_38;
    .thread T_38;
    .scope S_0000026c2ef9fac0;
T_39 ;
    %wait E_0000026c2ef91aa0;
    %load/vec4 v0000026c2ef85f70_0;
    %flag_set/vec4 8;
    %jmp/0xz  T_39.0, 8;
    %pushi/vec4 0, 0, 4;
    %ix/load 3, 39, 0;
    %flag_set/imm 4, 0;
    %ix/load 4, 0, 0; Constant delay
    %assign/vec4/a/d v0000026c2ef86f10, 0, 4;
    %jmp T_39.1;
T_39.0 ;
    %load/vec4 v0000026c2ef86650_0;
    %flag_set/vec4 9;
    %flag_get/vec4 9;
    %jmp/0 T_39.4, 9;
    %load/vec4 v0000026c2ef87910_0;
    %pad/u 8;
    %pushi/vec4 39, 0, 8;
    %cmp/e;
    %flag_get/vec4 4;
    %and;
T_39.4;
    %flag_set/vec4 8;
    %jmp/0xz  T_39.2, 8;
    %load/vec4 v0000026c2ef86b50_0;
    %ix/load 3, 39, 0;
    %flag_set/imm 4, 0;
    %ix/load 4, 0, 0; Constant delay
    %assign/vec4/a/d v0000026c2ef86f10, 0, 4;
T_39.2 ;
T_39.1 ;
    %jmp T_39;
    .thread T_39;
    .scope S_0000026c2ef9f160;
T_40 ;
    %wait E_0000026c2ef91aa0;
    %load/vec4 v0000026c2ef85f70_0;
    %flag_set/vec4 8;
    %jmp/0xz  T_40.0, 8;
    %pushi/vec4 0, 0, 4;
    %ix/load 3, 40, 0;
    %flag_set/imm 4, 0;
    %ix/load 4, 0, 0; Constant delay
    %assign/vec4/a/d v0000026c2ef86f10, 0, 4;
    %jmp T_40.1;
T_40.0 ;
    %load/vec4 v0000026c2ef86650_0;
    %flag_set/vec4 9;
    %flag_get/vec4 9;
    %jmp/0 T_40.4, 9;
    %load/vec4 v0000026c2ef87910_0;
    %pad/u 8;
    %pushi/vec4 40, 0, 8;
    %cmp/e;
    %flag_get/vec4 4;
    %and;
T_40.4;
    %flag_set/vec4 8;
    %jmp/0xz  T_40.2, 8;
    %load/vec4 v0000026c2ef86b50_0;
    %ix/load 3, 40, 0;
    %flag_set/imm 4, 0;
    %ix/load 4, 0, 0; Constant delay
    %assign/vec4/a/d v0000026c2ef86f10, 0, 4;
T_40.2 ;
T_40.1 ;
    %jmp T_40;
    .thread T_40;
    .scope S_0000026c2efa0740;
T_41 ;
    %wait E_0000026c2ef91aa0;
    %load/vec4 v0000026c2ef85f70_0;
    %flag_set/vec4 8;
    %jmp/0xz  T_41.0, 8;
    %pushi/vec4 0, 0, 4;
    %ix/load 3, 41, 0;
    %flag_set/imm 4, 0;
    %ix/load 4, 0, 0; Constant delay
    %assign/vec4/a/d v0000026c2ef86f10, 0, 4;
    %jmp T_41.1;
T_41.0 ;
    %load/vec4 v0000026c2ef86650_0;
    %flag_set/vec4 9;
    %flag_get/vec4 9;
    %jmp/0 T_41.4, 9;
    %load/vec4 v0000026c2ef87910_0;
    %pad/u 8;
    %pushi/vec4 41, 0, 8;
    %cmp/e;
    %flag_get/vec4 4;
    %and;
T_41.4;
    %flag_set/vec4 8;
    %jmp/0xz  T_41.2, 8;
    %load/vec4 v0000026c2ef86b50_0;
    %ix/load 3, 41, 0;
    %flag_set/imm 4, 0;
    %ix/load 4, 0, 0; Constant delay
    %assign/vec4/a/d v0000026c2ef86f10, 0, 4;
T_41.2 ;
T_41.1 ;
    %jmp T_41;
    .thread T_41;
    .scope S_0000026c2ef9f610;
T_42 ;
    %wait E_0000026c2ef91aa0;
    %load/vec4 v0000026c2ef85f70_0;
    %flag_set/vec4 8;
    %jmp/0xz  T_42.0, 8;
    %pushi/vec4 0, 0, 4;
    %ix/load 3, 42, 0;
    %flag_set/imm 4, 0;
    %ix/load 4, 0, 0; Constant delay
    %assign/vec4/a/d v0000026c2ef86f10, 0, 4;
    %jmp T_42.1;
T_42.0 ;
    %load/vec4 v0000026c2ef86650_0;
    %flag_set/vec4 9;
    %flag_get/vec4 9;
    %jmp/0 T_42.4, 9;
    %load/vec4 v0000026c2ef87910_0;
    %pad/u 8;
    %pushi/vec4 42, 0, 8;
    %cmp/e;
    %flag_get/vec4 4;
    %and;
T_42.4;
    %flag_set/vec4 8;
    %jmp/0xz  T_42.2, 8;
    %load/vec4 v0000026c2ef86b50_0;
    %ix/load 3, 42, 0;
    %flag_set/imm 4, 0;
    %ix/load 4, 0, 0; Constant delay
    %assign/vec4/a/d v0000026c2ef86f10, 0, 4;
T_42.2 ;
T_42.1 ;
    %jmp T_42;
    .thread T_42;
    .scope S_0000026c2ef9f7a0;
T_43 ;
    %wait E_0000026c2ef91aa0;
    %load/vec4 v0000026c2ef85f70_0;
    %flag_set/vec4 8;
    %jmp/0xz  T_43.0, 8;
    %pushi/vec4 0, 0, 4;
    %ix/load 3, 43, 0;
    %flag_set/imm 4, 0;
    %ix/load 4, 0, 0; Constant delay
    %assign/vec4/a/d v0000026c2ef86f10, 0, 4;
    %jmp T_43.1;
T_43.0 ;
    %load/vec4 v0000026c2ef86650_0;
    %flag_set/vec4 9;
    %flag_get/vec4 9;
    %jmp/0 T_43.4, 9;
    %load/vec4 v0000026c2ef87910_0;
    %pad/u 8;
    %pushi/vec4 43, 0, 8;
    %cmp/e;
    %flag_get/vec4 4;
    %and;
T_43.4;
    %flag_set/vec4 8;
    %jmp/0xz  T_43.2, 8;
    %load/vec4 v0000026c2ef86b50_0;
    %ix/load 3, 43, 0;
    %flag_set/imm 4, 0;
    %ix/load 4, 0, 0; Constant delay
    %assign/vec4/a/d v0000026c2ef86f10, 0, 4;
T_43.2 ;
T_43.1 ;
    %jmp T_43;
    .thread T_43;
    .scope S_0000026c2ef9fc50;
T_44 ;
    %wait E_0000026c2ef91aa0;
    %load/vec4 v0000026c2ef85f70_0;
    %flag_set/vec4 8;
    %jmp/0xz  T_44.0, 8;
    %pushi/vec4 0, 0, 4;
    %ix/load 3, 44, 0;
    %flag_set/imm 4, 0;
    %ix/load 4, 0, 0; Constant delay
    %assign/vec4/a/d v0000026c2ef86f10, 0, 4;
    %jmp T_44.1;
T_44.0 ;
    %load/vec4 v0000026c2ef86650_0;
    %flag_set/vec4 9;
    %flag_get/vec4 9;
    %jmp/0 T_44.4, 9;
    %load/vec4 v0000026c2ef87910_0;
    %pad/u 8;
    %pushi/vec4 44, 0, 8;
    %cmp/e;
    %flag_get/vec4 4;
    %and;
T_44.4;
    %flag_set/vec4 8;
    %jmp/0xz  T_44.2, 8;
    %load/vec4 v0000026c2ef86b50_0;
    %ix/load 3, 44, 0;
    %flag_set/imm 4, 0;
    %ix/load 4, 0, 0; Constant delay
    %assign/vec4/a/d v0000026c2ef86f10, 0, 4;
T_44.2 ;
T_44.1 ;
    %jmp T_44;
    .thread T_44;
    .scope S_0000026c2efa2430;
T_45 ;
    %wait E_0000026c2ef91aa0;
    %load/vec4 v0000026c2ef85f70_0;
    %flag_set/vec4 8;
    %jmp/0xz  T_45.0, 8;
    %pushi/vec4 0, 0, 4;
    %ix/load 3, 45, 0;
    %flag_set/imm 4, 0;
    %ix/load 4, 0, 0; Constant delay
    %assign/vec4/a/d v0000026c2ef86f10, 0, 4;
    %jmp T_45.1;
T_45.0 ;
    %load/vec4 v0000026c2ef86650_0;
    %flag_set/vec4 9;
    %flag_get/vec4 9;
    %jmp/0 T_45.4, 9;
    %load/vec4 v0000026c2ef87910_0;
    %pad/u 8;
    %pushi/vec4 45, 0, 8;
    %cmp/e;
    %flag_get/vec4 4;
    %and;
T_45.4;
    %flag_set/vec4 8;
    %jmp/0xz  T_45.2, 8;
    %load/vec4 v0000026c2ef86b50_0;
    %ix/load 3, 45, 0;
    %flag_set/imm 4, 0;
    %ix/load 4, 0, 0; Constant delay
    %assign/vec4/a/d v0000026c2ef86f10, 0, 4;
T_45.2 ;
T_45.1 ;
    %jmp T_45;
    .thread T_45;
    .scope S_0000026c2efa2750;
T_46 ;
    %wait E_0000026c2ef91aa0;
    %load/vec4 v0000026c2ef85f70_0;
    %flag_set/vec4 8;
    %jmp/0xz  T_46.0, 8;
    %pushi/vec4 0, 0, 4;
    %ix/load 3, 46, 0;
    %flag_set/imm 4, 0;
    %ix/load 4, 0, 0; Constant delay
    %assign/vec4/a/d v0000026c2ef86f10, 0, 4;
    %jmp T_46.1;
T_46.0 ;
    %load/vec4 v0000026c2ef86650_0;
    %flag_set/vec4 9;
    %flag_get/vec4 9;
    %jmp/0 T_46.4, 9;
    %load/vec4 v0000026c2ef87910_0;
    %pad/u 8;
    %pushi/vec4 46, 0, 8;
    %cmp/e;
    %flag_get/vec4 4;
    %and;
T_46.4;
    %flag_set/vec4 8;
    %jmp/0xz  T_46.2, 8;
    %load/vec4 v0000026c2ef86b50_0;
    %ix/load 3, 46, 0;
    %flag_set/imm 4, 0;
    %ix/load 4, 0, 0; Constant delay
    %assign/vec4/a/d v0000026c2ef86f10, 0, 4;
T_46.2 ;
T_46.1 ;
    %jmp T_46;
    .thread T_46;
    .scope S_0000026c2efa1c60;
T_47 ;
    %wait E_0000026c2ef91aa0;
    %load/vec4 v0000026c2ef85f70_0;
    %flag_set/vec4 8;
    %jmp/0xz  T_47.0, 8;
    %pushi/vec4 0, 0, 4;
    %ix/load 3, 47, 0;
    %flag_set/imm 4, 0;
    %ix/load 4, 0, 0; Constant delay
    %assign/vec4/a/d v0000026c2ef86f10, 0, 4;
    %jmp T_47.1;
T_47.0 ;
    %load/vec4 v0000026c2ef86650_0;
    %flag_set/vec4 9;
    %flag_get/vec4 9;
    %jmp/0 T_47.4, 9;
    %load/vec4 v0000026c2ef87910_0;
    %pad/u 8;
    %pushi/vec4 47, 0, 8;
    %cmp/e;
    %flag_get/vec4 4;
    %and;
T_47.4;
    %flag_set/vec4 8;
    %jmp/0xz  T_47.2, 8;
    %load/vec4 v0000026c2ef86b50_0;
    %ix/load 3, 47, 0;
    %flag_set/imm 4, 0;
    %ix/load 4, 0, 0; Constant delay
    %assign/vec4/a/d v0000026c2ef86f10, 0, 4;
T_47.2 ;
T_47.1 ;
    %jmp T_47;
    .thread T_47;
    .scope S_0000026c2efa17b0;
T_48 ;
    %wait E_0000026c2ef91aa0;
    %load/vec4 v0000026c2ef85f70_0;
    %flag_set/vec4 8;
    %jmp/0xz  T_48.0, 8;
    %pushi/vec4 0, 0, 4;
    %ix/load 3, 48, 0;
    %flag_set/imm 4, 0;
    %ix/load 4, 0, 0; Constant delay
    %assign/vec4/a/d v0000026c2ef86f10, 0, 4;
    %jmp T_48.1;
T_48.0 ;
    %load/vec4 v0000026c2ef86650_0;
    %flag_set/vec4 9;
    %flag_get/vec4 9;
    %jmp/0 T_48.4, 9;
    %load/vec4 v0000026c2ef87910_0;
    %pad/u 8;
    %pushi/vec4 48, 0, 8;
    %cmp/e;
    %flag_get/vec4 4;
    %and;
T_48.4;
    %flag_set/vec4 8;
    %jmp/0xz  T_48.2, 8;
    %load/vec4 v0000026c2ef86b50_0;
    %ix/load 3, 48, 0;
    %flag_set/imm 4, 0;
    %ix/load 4, 0, 0; Constant delay
    %assign/vec4/a/d v0000026c2ef86f10, 0, 4;
T_48.2 ;
T_48.1 ;
    %jmp T_48;
    .thread T_48;
    .scope S_0000026c2efa0e50;
T_49 ;
    %wait E_0000026c2ef91aa0;
    %load/vec4 v0000026c2ef85f70_0;
    %flag_set/vec4 8;
    %jmp/0xz  T_49.0, 8;
    %pushi/vec4 0, 0, 4;
    %ix/load 3, 49, 0;
    %flag_set/imm 4, 0;
    %ix/load 4, 0, 0; Constant delay
    %assign/vec4/a/d v0000026c2ef86f10, 0, 4;
    %jmp T_49.1;
T_49.0 ;
    %load/vec4 v0000026c2ef86650_0;
    %flag_set/vec4 9;
    %flag_get/vec4 9;
    %jmp/0 T_49.4, 9;
    %load/vec4 v0000026c2ef87910_0;
    %pad/u 8;
    %pushi/vec4 49, 0, 8;
    %cmp/e;
    %flag_get/vec4 4;
    %and;
T_49.4;
    %flag_set/vec4 8;
    %jmp/0xz  T_49.2, 8;
    %load/vec4 v0000026c2ef86b50_0;
    %ix/load 3, 49, 0;
    %flag_set/imm 4, 0;
    %ix/load 4, 0, 0; Constant delay
    %assign/vec4/a/d v0000026c2ef86f10, 0, 4;
T_49.2 ;
T_49.1 ;
    %jmp T_49;
    .thread T_49;
    .scope S_0000026c2efa28e0;
T_50 ;
    %wait E_0000026c2ef91aa0;
    %load/vec4 v0000026c2ef85f70_0;
    %flag_set/vec4 8;
    %jmp/0xz  T_50.0, 8;
    %pushi/vec4 0, 0, 4;
    %ix/load 3, 50, 0;
    %flag_set/imm 4, 0;
    %ix/load 4, 0, 0; Constant delay
    %assign/vec4/a/d v0000026c2ef86f10, 0, 4;
    %jmp T_50.1;
T_50.0 ;
    %load/vec4 v0000026c2ef86650_0;
    %flag_set/vec4 9;
    %flag_get/vec4 9;
    %jmp/0 T_50.4, 9;
    %load/vec4 v0000026c2ef87910_0;
    %pad/u 8;
    %pushi/vec4 50, 0, 8;
    %cmp/e;
    %flag_get/vec4 4;
    %and;
T_50.4;
    %flag_set/vec4 8;
    %jmp/0xz  T_50.2, 8;
    %load/vec4 v0000026c2ef86b50_0;
    %ix/load 3, 50, 0;
    %flag_set/imm 4, 0;
    %ix/load 4, 0, 0; Constant delay
    %assign/vec4/a/d v0000026c2ef86f10, 0, 4;
T_50.2 ;
T_50.1 ;
    %jmp T_50;
    .thread T_50;
    .scope S_0000026c2efa25c0;
T_51 ;
    %wait E_0000026c2ef91aa0;
    %load/vec4 v0000026c2ef85f70_0;
    %flag_set/vec4 8;
    %jmp/0xz  T_51.0, 8;
    %pushi/vec4 0, 0, 4;
    %ix/load 3, 51, 0;
    %flag_set/imm 4, 0;
    %ix/load 4, 0, 0; Constant delay
    %assign/vec4/a/d v0000026c2ef86f10, 0, 4;
    %jmp T_51.1;
T_51.0 ;
    %load/vec4 v0000026c2ef86650_0;
    %flag_set/vec4 9;
    %flag_get/vec4 9;
    %jmp/0 T_51.4, 9;
    %load/vec4 v0000026c2ef87910_0;
    %pad/u 8;
    %pushi/vec4 51, 0, 8;
    %cmp/e;
    %flag_get/vec4 4;
    %and;
T_51.4;
    %flag_set/vec4 8;
    %jmp/0xz  T_51.2, 8;
    %load/vec4 v0000026c2ef86b50_0;
    %ix/load 3, 51, 0;
    %flag_set/imm 4, 0;
    %ix/load 4, 0, 0; Constant delay
    %assign/vec4/a/d v0000026c2ef86f10, 0, 4;
T_51.2 ;
T_51.1 ;
    %jmp T_51;
    .thread T_51;
    .scope S_0000026c2efa1170;
T_52 ;
    %wait E_0000026c2ef91aa0;
    %load/vec4 v0000026c2ef85f70_0;
    %flag_set/vec4 8;
    %jmp/0xz  T_52.0, 8;
    %pushi/vec4 0, 0, 4;
    %ix/load 3, 52, 0;
    %flag_set/imm 4, 0;
    %ix/load 4, 0, 0; Constant delay
    %assign/vec4/a/d v0000026c2ef86f10, 0, 4;
    %jmp T_52.1;
T_52.0 ;
    %load/vec4 v0000026c2ef86650_0;
    %flag_set/vec4 9;
    %flag_get/vec4 9;
    %jmp/0 T_52.4, 9;
    %load/vec4 v0000026c2ef87910_0;
    %pad/u 8;
    %pushi/vec4 52, 0, 8;
    %cmp/e;
    %flag_get/vec4 4;
    %and;
T_52.4;
    %flag_set/vec4 8;
    %jmp/0xz  T_52.2, 8;
    %load/vec4 v0000026c2ef86b50_0;
    %ix/load 3, 52, 0;
    %flag_set/imm 4, 0;
    %ix/load 4, 0, 0; Constant delay
    %assign/vec4/a/d v0000026c2ef86f10, 0, 4;
T_52.2 ;
T_52.1 ;
    %jmp T_52;
    .thread T_52;
    .scope S_0000026c2efa2a70;
T_53 ;
    %wait E_0000026c2ef91aa0;
    %load/vec4 v0000026c2ef85f70_0;
    %flag_set/vec4 8;
    %jmp/0xz  T_53.0, 8;
    %pushi/vec4 0, 0, 4;
    %ix/load 3, 53, 0;
    %flag_set/imm 4, 0;
    %ix/load 4, 0, 0; Constant delay
    %assign/vec4/a/d v0000026c2ef86f10, 0, 4;
    %jmp T_53.1;
T_53.0 ;
    %load/vec4 v0000026c2ef86650_0;
    %flag_set/vec4 9;
    %flag_get/vec4 9;
    %jmp/0 T_53.4, 9;
    %load/vec4 v0000026c2ef87910_0;
    %pad/u 8;
    %pushi/vec4 53, 0, 8;
    %cmp/e;
    %flag_get/vec4 4;
    %and;
T_53.4;
    %flag_set/vec4 8;
    %jmp/0xz  T_53.2, 8;
    %load/vec4 v0000026c2ef86b50_0;
    %ix/load 3, 53, 0;
    %flag_set/imm 4, 0;
    %ix/load 4, 0, 0; Constant delay
    %assign/vec4/a/d v0000026c2ef86f10, 0, 4;
T_53.2 ;
T_53.1 ;
    %jmp T_53;
    .thread T_53;
    .scope S_0000026c2efa2110;
T_54 ;
    %wait E_0000026c2ef91aa0;
    %load/vec4 v0000026c2ef85f70_0;
    %flag_set/vec4 8;
    %jmp/0xz  T_54.0, 8;
    %pushi/vec4 0, 0, 4;
    %ix/load 3, 54, 0;
    %flag_set/imm 4, 0;
    %ix/load 4, 0, 0; Constant delay
    %assign/vec4/a/d v0000026c2ef86f10, 0, 4;
    %jmp T_54.1;
T_54.0 ;
    %load/vec4 v0000026c2ef86650_0;
    %flag_set/vec4 9;
    %flag_get/vec4 9;
    %jmp/0 T_54.4, 9;
    %load/vec4 v0000026c2ef87910_0;
    %pad/u 8;
    %pushi/vec4 54, 0, 8;
    %cmp/e;
    %flag_get/vec4 4;
    %and;
T_54.4;
    %flag_set/vec4 8;
    %jmp/0xz  T_54.2, 8;
    %load/vec4 v0000026c2ef86b50_0;
    %ix/load 3, 54, 0;
    %flag_set/imm 4, 0;
    %ix/load 4, 0, 0; Constant delay
    %assign/vec4/a/d v0000026c2ef86f10, 0, 4;
T_54.2 ;
T_54.1 ;
    %jmp T_54;
    .thread T_54;
    .scope S_0000026c2efa22a0;
T_55 ;
    %wait E_0000026c2ef91aa0;
    %load/vec4 v0000026c2ef85f70_0;
    %flag_set/vec4 8;
    %jmp/0xz  T_55.0, 8;
    %pushi/vec4 0, 0, 4;
    %ix/load 3, 55, 0;
    %flag_set/imm 4, 0;
    %ix/load 4, 0, 0; Constant delay
    %assign/vec4/a/d v0000026c2ef86f10, 0, 4;
    %jmp T_55.1;
T_55.0 ;
    %load/vec4 v0000026c2ef86650_0;
    %flag_set/vec4 9;
    %flag_get/vec4 9;
    %jmp/0 T_55.4, 9;
    %load/vec4 v0000026c2ef87910_0;
    %pad/u 8;
    %pushi/vec4 55, 0, 8;
    %cmp/e;
    %flag_get/vec4 4;
    %and;
T_55.4;
    %flag_set/vec4 8;
    %jmp/0xz  T_55.2, 8;
    %load/vec4 v0000026c2ef86b50_0;
    %ix/load 3, 55, 0;
    %flag_set/imm 4, 0;
    %ix/load 4, 0, 0; Constant delay
    %assign/vec4/a/d v0000026c2ef86f10, 0, 4;
T_55.2 ;
T_55.1 ;
    %jmp T_55;
    .thread T_55;
    .scope S_0000026c2efa1ad0;
T_56 ;
    %wait E_0000026c2ef91aa0;
    %load/vec4 v0000026c2ef85f70_0;
    %flag_set/vec4 8;
    %jmp/0xz  T_56.0, 8;
    %pushi/vec4 0, 0, 4;
    %ix/load 3, 56, 0;
    %flag_set/imm 4, 0;
    %ix/load 4, 0, 0; Constant delay
    %assign/vec4/a/d v0000026c2ef86f10, 0, 4;
    %jmp T_56.1;
T_56.0 ;
    %load/vec4 v0000026c2ef86650_0;
    %flag_set/vec4 9;
    %flag_get/vec4 9;
    %jmp/0 T_56.4, 9;
    %load/vec4 v0000026c2ef87910_0;
    %pad/u 8;
    %pushi/vec4 56, 0, 8;
    %cmp/e;
    %flag_get/vec4 4;
    %and;
T_56.4;
    %flag_set/vec4 8;
    %jmp/0xz  T_56.2, 8;
    %load/vec4 v0000026c2ef86b50_0;
    %ix/load 3, 56, 0;
    %flag_set/imm 4, 0;
    %ix/load 4, 0, 0; Constant delay
    %assign/vec4/a/d v0000026c2ef86f10, 0, 4;
T_56.2 ;
T_56.1 ;
    %jmp T_56;
    .thread T_56;
    .scope S_0000026c2efa1940;
T_57 ;
    %wait E_0000026c2ef91aa0;
    %load/vec4 v0000026c2ef85f70_0;
    %flag_set/vec4 8;
    %jmp/0xz  T_57.0, 8;
    %pushi/vec4 0, 0, 4;
    %ix/load 3, 57, 0;
    %flag_set/imm 4, 0;
    %ix/load 4, 0, 0; Constant delay
    %assign/vec4/a/d v0000026c2ef86f10, 0, 4;
    %jmp T_57.1;
T_57.0 ;
    %load/vec4 v0000026c2ef86650_0;
    %flag_set/vec4 9;
    %flag_get/vec4 9;
    %jmp/0 T_57.4, 9;
    %load/vec4 v0000026c2ef87910_0;
    %pad/u 8;
    %pushi/vec4 57, 0, 8;
    %cmp/e;
    %flag_get/vec4 4;
    %and;
T_57.4;
    %flag_set/vec4 8;
    %jmp/0xz  T_57.2, 8;
    %load/vec4 v0000026c2ef86b50_0;
    %ix/load 3, 57, 0;
    %flag_set/imm 4, 0;
    %ix/load 4, 0, 0; Constant delay
    %assign/vec4/a/d v0000026c2ef86f10, 0, 4;
T_57.2 ;
T_57.1 ;
    %jmp T_57;
    .thread T_57;
    .scope S_0000026c2efa1f80;
T_58 ;
    %wait E_0000026c2ef91aa0;
    %load/vec4 v0000026c2ef85f70_0;
    %flag_set/vec4 8;
    %jmp/0xz  T_58.0, 8;
    %pushi/vec4 0, 0, 4;
    %ix/load 3, 58, 0;
    %flag_set/imm 4, 0;
    %ix/load 4, 0, 0; Constant delay
    %assign/vec4/a/d v0000026c2ef86f10, 0, 4;
    %jmp T_58.1;
T_58.0 ;
    %load/vec4 v0000026c2ef86650_0;
    %flag_set/vec4 9;
    %flag_get/vec4 9;
    %jmp/0 T_58.4, 9;
    %load/vec4 v0000026c2ef87910_0;
    %pad/u 8;
    %pushi/vec4 58, 0, 8;
    %cmp/e;
    %flag_get/vec4 4;
    %and;
T_58.4;
    %flag_set/vec4 8;
    %jmp/0xz  T_58.2, 8;
    %load/vec4 v0000026c2ef86b50_0;
    %ix/load 3, 58, 0;
    %flag_set/imm 4, 0;
    %ix/load 4, 0, 0; Constant delay
    %assign/vec4/a/d v0000026c2ef86f10, 0, 4;
T_58.2 ;
T_58.1 ;
    %jmp T_58;
    .thread T_58;
    .scope S_0000026c2efa1df0;
T_59 ;
    %wait E_0000026c2ef91aa0;
    %load/vec4 v0000026c2ef85f70_0;
    %flag_set/vec4 8;
    %jmp/0xz  T_59.0, 8;
    %pushi/vec4 0, 0, 4;
    %ix/load 3, 59, 0;
    %flag_set/imm 4, 0;
    %ix/load 4, 0, 0; Constant delay
    %assign/vec4/a/d v0000026c2ef86f10, 0, 4;
    %jmp T_59.1;
T_59.0 ;
    %load/vec4 v0000026c2ef86650_0;
    %flag_set/vec4 9;
    %flag_get/vec4 9;
    %jmp/0 T_59.4, 9;
    %load/vec4 v0000026c2ef87910_0;
    %pad/u 8;
    %pushi/vec4 59, 0, 8;
    %cmp/e;
    %flag_get/vec4 4;
    %and;
T_59.4;
    %flag_set/vec4 8;
    %jmp/0xz  T_59.2, 8;
    %load/vec4 v0000026c2ef86b50_0;
    %ix/load 3, 59, 0;
    %flag_set/imm 4, 0;
    %ix/load 4, 0, 0; Constant delay
    %assign/vec4/a/d v0000026c2ef86f10, 0, 4;
T_59.2 ;
T_59.1 ;
    %jmp T_59;
    .thread T_59;
    .scope S_0000026c2efa1490;
T_60 ;
    %wait E_0000026c2ef91aa0;
    %load/vec4 v0000026c2ef85f70_0;
    %flag_set/vec4 8;
    %jmp/0xz  T_60.0, 8;
    %pushi/vec4 0, 0, 4;
    %ix/load 3, 60, 0;
    %flag_set/imm 4, 0;
    %ix/load 4, 0, 0; Constant delay
    %assign/vec4/a/d v0000026c2ef86f10, 0, 4;
    %jmp T_60.1;
T_60.0 ;
    %load/vec4 v0000026c2ef86650_0;
    %flag_set/vec4 9;
    %flag_get/vec4 9;
    %jmp/0 T_60.4, 9;
    %load/vec4 v0000026c2ef87910_0;
    %pad/u 8;
    %pushi/vec4 60, 0, 8;
    %cmp/e;
    %flag_get/vec4 4;
    %and;
T_60.4;
    %flag_set/vec4 8;
    %jmp/0xz  T_60.2, 8;
    %load/vec4 v0000026c2ef86b50_0;
    %ix/load 3, 60, 0;
    %flag_set/imm 4, 0;
    %ix/load 4, 0, 0; Constant delay
    %assign/vec4/a/d v0000026c2ef86f10, 0, 4;
T_60.2 ;
T_60.1 ;
    %jmp T_60;
    .thread T_60;
    .scope S_0000026c2efa2c00;
T_61 ;
    %wait E_0000026c2ef91aa0;
    %load/vec4 v0000026c2ef85f70_0;
    %flag_set/vec4 8;
    %jmp/0xz  T_61.0, 8;
    %pushi/vec4 0, 0, 4;
    %ix/load 3, 61, 0;
    %flag_set/imm 4, 0;
    %ix/load 4, 0, 0; Constant delay
    %assign/vec4/a/d v0000026c2ef86f10, 0, 4;
    %jmp T_61.1;
T_61.0 ;
    %load/vec4 v0000026c2ef86650_0;
    %flag_set/vec4 9;
    %flag_get/vec4 9;
    %jmp/0 T_61.4, 9;
    %load/vec4 v0000026c2ef87910_0;
    %pad/u 8;
    %pushi/vec4 61, 0, 8;
    %cmp/e;
    %flag_get/vec4 4;
    %and;
T_61.4;
    %flag_set/vec4 8;
    %jmp/0xz  T_61.2, 8;
    %load/vec4 v0000026c2ef86b50_0;
    %ix/load 3, 61, 0;
    %flag_set/imm 4, 0;
    %ix/load 4, 0, 0; Constant delay
    %assign/vec4/a/d v0000026c2ef86f10, 0, 4;
T_61.2 ;
T_61.1 ;
    %jmp T_61;
    .thread T_61;
    .scope S_0000026c2efa0fe0;
T_62 ;
    %wait E_0000026c2ef91aa0;
    %load/vec4 v0000026c2ef85f70_0;
    %flag_set/vec4 8;
    %jmp/0xz  T_62.0, 8;
    %pushi/vec4 0, 0, 4;
    %ix/load 3, 62, 0;
    %flag_set/imm 4, 0;
    %ix/load 4, 0, 0; Constant delay
    %assign/vec4/a/d v0000026c2ef86f10, 0, 4;
    %jmp T_62.1;
T_62.0 ;
    %load/vec4 v0000026c2ef86650_0;
    %flag_set/vec4 9;
    %flag_get/vec4 9;
    %jmp/0 T_62.4, 9;
    %load/vec4 v0000026c2ef87910_0;
    %pad/u 8;
    %pushi/vec4 62, 0, 8;
    %cmp/e;
    %flag_get/vec4 4;
    %and;
T_62.4;
    %flag_set/vec4 8;
    %jmp/0xz  T_62.2, 8;
    %load/vec4 v0000026c2ef86b50_0;
    %ix/load 3, 62, 0;
    %flag_set/imm 4, 0;
    %ix/load 4, 0, 0; Constant delay
    %assign/vec4/a/d v0000026c2ef86f10, 0, 4;
T_62.2 ;
T_62.1 ;
    %jmp T_62;
    .thread T_62;
    .scope S_0000026c2efa1300;
T_63 ;
    %wait E_0000026c2ef91aa0;
    %load/vec4 v0000026c2ef85f70_0;
    %flag_set/vec4 8;
    %jmp/0xz  T_63.0, 8;
    %pushi/vec4 0, 0, 4;
    %ix/load 3, 63, 0;
    %flag_set/imm 4, 0;
    %ix/load 4, 0, 0; Constant delay
    %assign/vec4/a/d v0000026c2ef86f10, 0, 4;
    %jmp T_63.1;
T_63.0 ;
    %load/vec4 v0000026c2ef86650_0;
    %flag_set/vec4 9;
    %flag_get/vec4 9;
    %jmp/0 T_63.4, 9;
    %load/vec4 v0000026c2ef87910_0;
    %pad/u 8;
    %pushi/vec4 63, 0, 8;
    %cmp/e;
    %flag_get/vec4 4;
    %and;
T_63.4;
    %flag_set/vec4 8;
    %jmp/0xz  T_63.2, 8;
    %load/vec4 v0000026c2ef86b50_0;
    %ix/load 3, 63, 0;
    %flag_set/imm 4, 0;
    %ix/load 4, 0, 0; Constant delay
    %assign/vec4/a/d v0000026c2ef86f10, 0, 4;
T_63.2 ;
T_63.1 ;
    %jmp T_63;
    .thread T_63;
    .scope S_0000026c2ef72510;
T_64 ;
    %wait E_0000026c2ef91aa0;
    %pushi/vec4 0, 0, 1;
    %assign/vec4 v0000026c2ef86010_0, 0;
    %load/vec4 v0000026c2effd3d0_0;
    %pad/u 32;
    %cmpi/e 1, 0, 32;
    %jmp/0xz  T_64.0, 4;
    %pushi/vec4 0, 0, 6;
    %assign/vec4 v0000026c2ef86970_0, 0;
    %pushi/vec4 0, 0, 6;
    %assign/vec4 v0000026c2ef870f0_0, 0;
    %load/vec4 v0000026c2ef87cd0_0;
    %assign/vec4 v0000026c2ef86010_0, 0;
    %jmp T_64.1;
T_64.0 ;
    %load/vec4 v0000026c2effd0b0_0;
    %pad/u 32;
    %cmpi/e 1, 0, 32;
    %jmp/0xz  T_64.2, 4;
    %pushi/vec4 0, 0, 6;
    %assign/vec4 v0000026c2ef86970_0, 0;
    %jmp T_64.3;
T_64.2 ;
    %load/vec4 v0000026c2ef87690_0;
    %pad/u 32;
    %cmpi/e 1, 0, 32;
    %jmp/0xz  T_64.4, 4;
    %load/vec4 v0000026c2ef86970_0;
    %addi 1, 0, 6;
    %assign/vec4 v0000026c2ef86970_0, 0;
T_64.4 ;
T_64.3 ;
    %load/vec4 v0000026c2ef87730_0;
    %pad/u 32;
    %cmpi/e 1, 0, 32;
    %jmp/0xz  T_64.6, 4;
    %load/vec4 v0000026c2ef870f0_0;
    %addi 1, 0, 6;
    %assign/vec4 v0000026c2ef870f0_0, 0;
T_64.6 ;
T_64.1 ;
    %jmp T_64;
    .thread T_64;
# The file index is used to find the file name in the following table.
:file_names 4;
    "N/A";
    "<interactive>";
    "SimonDatapath.v";
    "./Memory.v";
