#! /c/Source/iverilog-install/bin/vvp
:ivl_version "12.0 (devel)" "(s20150603-1539-g2693dd32b)";
:ivl_delay_selection "TYPICAL";
:vpi_time_precision - 10;
:vpi_module "C:\iverilog\lib\ivl\system.vpi";
:vpi_module "C:\iverilog\lib\ivl\vhdl_sys.vpi";
:vpi_module "C:\iverilog\lib\ivl\vhdl_textio.vpi";
:vpi_module "C:\iverilog\lib\ivl\v2005_math.vpi";
:vpi_module "C:\iverilog\lib\ivl\va_math.vpi";
S_000002232494b500 .scope module, "ButtonDebouncer" "ButtonDebouncer" 2 7;
 .timescale -9 -10;
    .port_info 0 /INPUT 1 "sysclk";
    .port_info 1 /INPUT 1 "noisy_btn";
    .port_info 2 /OUTPUT 1 "clean_btn";
P_0000022324935770 .param/l "TIME_DELAY" 0 2 9, +C4<00000000000001111010000100100000>;
v000002232491f760_0 .var "clean_btn", 0 0;
v000002232491fc60_0 .var "count", 31 0;
o00000223249900e8 .functor BUFZ 1, C4<z>; HiZ drive
v000002232491e5e0_0 .net "noisy_btn", 0 0, o00000223249900e8;  0 drivers
o0000022324990118 .functor BUFZ 1, C4<z>; HiZ drive
v000002232491ec20_0 .net "sysclk", 0 0, o0000022324990118;  0 drivers
v000002232491e400_0 .var "xnew", 0 0;
E_0000022324935730 .event posedge, v000002232491ec20_0;
S_00000223249078c0 .scope module, "SimonTATest" "SimonTATest" 3 22;
 .timescale -9 -10;
P_0000022324948ff0 .param/l "LED_MODE_DONE" 1 3 40, C4<111>;
P_0000022324949028 .param/l "LED_MODE_INPUT" 1 3 37, C4<001>;
P_0000022324949060 .param/l "LED_MODE_PLAYBACK" 1 3 38, C4<010>;
P_0000022324949098 .param/l "LED_MODE_REPEAT" 1 3 39, C4<100>;
v00000223249e7270_0 .var "clk", 0 0;
v00000223249e76d0_0 .var "errors", 7 0;
v00000223249e7770_0 .var/i "idx", 31 0;
v00000223249e9b40_0 .var "level", 0 0;
v00000223249e9640_0 .net "mode_leds", 2 0, v000002232491efe0_0;  1 drivers
v00000223249e9320_0 .var "pattern", 3 0;
v00000223249e8ba0_0 .net "pattern_leds", 3 0, L_00000223249e9dc0;  1 drivers
v00000223249e8e20_0 .var "rst", 0 0;
v00000223249e98c0_0 .var "sysclk", 0 0;
S_000002232494e4a0 .scope module, "simon" "Simon" 3 53, 4 9 0, S_00000223249078c0;
 .timescale -9 -10;
    .port_info 0 /INPUT 1 "sysclk";
    .port_info 1 /INPUT 1 "pclk";
    .port_info 2 /INPUT 1 "rst";
    .port_info 3 /INPUT 1 "level";
    .port_info 4 /INPUT 4 "pattern";
    .port_info 5 /OUTPUT 4 "pattern_leds";
    .port_info 6 /OUTPUT 3 "mode_leds";
L_0000022324932760 .functor BUFZ 1, v00000223249e7270_0, C4<0>, C4<0>, C4<0>;
v00000223249e69b0_0 .net "count_i", 0 0, v000002232491e900_0;  1 drivers
v00000223249e6ff0_0 .net "count_ns", 0 0, v000002232491e720_0;  1 drivers
v00000223249e6370_0 .net "i_eq_ns", 0 0, L_00000223249e8ce0;  1 drivers
v00000223249e7c70_0 .net "legal", 0 0, L_0000022324933480;  1 drivers
v00000223249e78b0_0 .net "level", 0 0, v00000223249e9b40_0;  1 drivers
v00000223249e6a50_0 .net "m1", 0 0, v000002232491ea40_0;  1 drivers
v00000223249e65f0_0 .net "m2", 0 0, v000002232491e9a0_0;  1 drivers
v00000223249e64b0_0 .net "m3", 0 0, v000002232491eb80_0;  1 drivers
v00000223249e6c30_0 .net "m4", 0 0, v000002232491f800_0;  1 drivers
v00000223249e6cd0_0 .net "mode_leds", 2 0, v000002232491efe0_0;  alias, 1 drivers
v00000223249e7d10_0 .net "pattern", 3 0, v00000223249e9320_0;  1 drivers
v00000223249e7db0_0 .net "pattern_leds", 3 0, L_00000223249e9dc0;  alias, 1 drivers
v00000223249e74f0_0 .net "pclk", 0 0, v00000223249e7270_0;  1 drivers
v00000223249e7590_0 .net "reset", 0 0, v000002232491f580_0;  1 drivers
v00000223249e6f50_0 .net "right_guess", 0 0, L_00000223249e82e0;  1 drivers
v00000223249e7e50_0 .net "rst", 0 0, v00000223249e8e20_0;  1 drivers
v00000223249e7630_0 .net "rst_i", 0 0, v000002232491fd00_0;  1 drivers
v00000223249e7130_0 .net "sysclk", 0 0, v00000223249e98c0_0;  1 drivers
v00000223249e71d0_0 .net "uclk", 0 0, L_0000022324932760;  1 drivers
S_00000223248c8c40 .scope module, "ctrl" "SimonControl" 4 75, 5 5 0, S_000002232494e4a0;
 .timescale -9 -10;
    .port_info 0 /INPUT 1 "clk";
    .port_info 1 /INPUT 1 "rst";
    .port_info 2 /OUTPUT 1 "count_ns";
    .port_info 3 /OUTPUT 1 "rst_i";
    .port_info 4 /OUTPUT 1 "m1";
    .port_info 5 /OUTPUT 1 "m2";
    .port_info 6 /OUTPUT 1 "m3";
    .port_info 7 /OUTPUT 1 "m4";
    .port_info 8 /OUTPUT 1 "count_i";
    .port_info 9 /OUTPUT 1 "reset";
    .port_info 10 /INPUT 1 "right_guess";
    .port_info 11 /INPUT 1 "i_eq_ns";
    .port_info 12 /INPUT 1 "legal";
    .port_info 13 /OUTPUT 3 "mode_leds";
P_00000223248c8dd0 .param/l "DONE" 1 5 43, C4<11>;
P_00000223248c8e08 .param/l "INPUT" 1 5 40, C4<00>;
P_00000223248c8e40 .param/l "LED_MODE_DONE" 1 5 37, C4<111>;
P_00000223248c8e78 .param/l "LED_MODE_INPUT" 1 5 34, C4<001>;
P_00000223248c8eb0 .param/l "LED_MODE_PLAYBACK" 1 5 35, C4<010>;
P_00000223248c8ee8 .param/l "LED_MODE_REPEAT" 1 5 36, C4<100>;
P_00000223248c8f20 .param/l "PLAYBACK" 1 5 41, C4<01>;
P_00000223248c8f58 .param/l "REPEAT" 1 5 42, C4<10>;
v000002232491e680_0 .net "clk", 0 0, L_0000022324932760;  alias, 1 drivers
v000002232491e900_0 .var "count_i", 0 0;
v000002232491e720_0 .var "count_ns", 0 0;
v000002232491e7c0_0 .net "i_eq_ns", 0 0, L_00000223249e8ce0;  alias, 1 drivers
v000002232491e220_0 .net "legal", 0 0, L_0000022324933480;  alias, 1 drivers
v000002232491ea40_0 .var "m1", 0 0;
v000002232491e9a0_0 .var "m2", 0 0;
v000002232491eb80_0 .var "m3", 0 0;
v000002232491f800_0 .var "m4", 0 0;
v000002232491efe0_0 .var "mode_leds", 2 0;
v000002232491f120_0 .var "next_state", 1 0;
v000002232491f580_0 .var "reset", 0 0;
v000002232491f440_0 .net "right_guess", 0 0, L_00000223249e82e0;  alias, 1 drivers
v000002232491f1c0_0 .net "rst", 0 0, v00000223249e8e20_0;  alias, 1 drivers
v000002232491fd00_0 .var "rst_i", 0 0;
v000002232491f620_0 .var "state", 1 0;
E_00000223249361f0 .event posedge, v000002232491e680_0;
E_0000022324935bb0 .event anyedge, v000002232491f620_0, v000002232491e220_0, v000002232491e7c0_0, v000002232491f440_0;
E_00000223249362b0/0 .event anyedge, v000002232491f1c0_0, v000002232491f620_0, v000002232491e220_0, v000002232491e7c0_0;
E_00000223249362b0/1 .event anyedge, v000002232491f440_0;
E_00000223249362b0 .event/or E_00000223249362b0/0, E_00000223249362b0/1;
S_00000223248bcc80 .scope module, "dpath" "SimonDatapath" 4 56, 6 7 0, S_000002232494e4a0;
 .timescale -9 -10;
    .port_info 0 /INPUT 1 "clk";
    .port_info 1 /INPUT 1 "level";
    .port_info 2 /INPUT 4 "pattern";
    .port_info 3 /INPUT 1 "count_ns";
    .port_info 4 /INPUT 1 "rst_i";
    .port_info 5 /INPUT 1 "m1";
    .port_info 6 /INPUT 1 "m2";
    .port_info 7 /INPUT 1 "m3";
    .port_info 8 /INPUT 1 "m4";
    .port_info 9 /INPUT 1 "reset";
    .port_info 10 /INPUT 1 "count_i";
    .port_info 11 /OUTPUT 1 "right_guess";
    .port_info 12 /OUTPUT 1 "i_eq_ns";
    .port_info 13 /OUTPUT 1 "legal";
    .port_info 14 /OUTPUT 4 "pattern_leds";
L_0000022324933410 .functor OR 1, v000002232491ea40_0, v000002232491eb80_0, C4<0>, C4<0>;
L_0000022324932df0 .functor OR 1, L_00000223249e9140, L_00000223249e9000, C4<0>, C4<0>;
L_00000223249331e0 .functor OR 1, L_0000022324932df0, L_00000223249e8240, C4<0>, C4<0>;
L_0000022324932bc0 .functor OR 1, L_00000223249331e0, L_00000223249e95a0, C4<0>, C4<0>;
L_0000022324933480 .functor OR 1, v00000223249e6550_0, L_0000022324932bc0, C4<0>, C4<0>;
v000002232491fee0_0 .net *"_ivl_1", 0 0, L_0000022324933410;  1 drivers
v0000022324920020_0 .net *"_ivl_10", 0 0, L_00000223249e9000;  1 drivers
v000002232491fa80_0 .net *"_ivl_13", 0 0, L_0000022324932df0;  1 drivers
L_00000223249ea240 .functor BUFT 1, C4<0100>, C4<0>, C4<0>, C4<0>;
v00000223249e6910_0 .net/2u *"_ivl_14", 3 0, L_00000223249ea240;  1 drivers
v00000223249e7a90_0 .net *"_ivl_16", 0 0, L_00000223249e8240;  1 drivers
v00000223249e7ef0_0 .net *"_ivl_19", 0 0, L_00000223249331e0;  1 drivers
L_00000223249ea288 .functor BUFT 1, C4<1000>, C4<0>, C4<0>, C4<0>;
v00000223249e7f90_0 .net/2u *"_ivl_20", 3 0, L_00000223249ea288;  1 drivers
v00000223249e73b0_0 .net *"_ivl_22", 0 0, L_00000223249e95a0;  1 drivers
v00000223249e6d70_0 .net *"_ivl_25", 0 0, L_0000022324932bc0;  1 drivers
L_00000223249ea1b0 .functor BUFT 1, C4<0001>, C4<0>, C4<0>, C4<0>;
v00000223249e7810_0 .net/2u *"_ivl_4", 3 0, L_00000223249ea1b0;  1 drivers
v00000223249e7310_0 .net *"_ivl_6", 0 0, L_00000223249e9140;  1 drivers
L_00000223249ea1f8 .functor BUFT 1, C4<0010>, C4<0>, C4<0>, C4<0>;
v00000223249e7450_0 .net/2u *"_ivl_8", 3 0, L_00000223249ea1f8;  1 drivers
v00000223249e8030_0 .net "clk", 0 0, L_0000022324932760;  alias, 1 drivers
v00000223249e62d0_0 .net "count_i", 0 0, v000002232491e900_0;  alias, 1 drivers
v00000223249e7090_0 .net "count_ns", 0 0, v000002232491e720_0;  alias, 1 drivers
v00000223249e6730_0 .net "cur_sequence", 3 0, L_0000022324932d80;  1 drivers
v00000223249e67d0_0 .var "i", 5 0;
v00000223249e6e10_0 .net "i_eq_ns", 0 0, L_00000223249e8ce0;  alias, 1 drivers
v00000223249e7bd0_0 .net "legal", 0 0, L_0000022324933480;  alias, 1 drivers
v00000223249e7950_0 .net "level", 0 0, v00000223249e9b40_0;  alias, 1 drivers
v00000223249e6550_0 .var "lvl", 0 0;
v00000223249e6690_0 .net "m1", 0 0, v000002232491ea40_0;  alias, 1 drivers
v00000223249e6870_0 .net "m2", 0 0, v000002232491e9a0_0;  alias, 1 drivers
v00000223249e6190_0 .net "m3", 0 0, v000002232491eb80_0;  alias, 1 drivers
v00000223249e7b30_0 .net "m4", 0 0, v000002232491f800_0;  alias, 1 drivers
v00000223249e6410_0 .var "ns", 5 0;
v00000223249e6af0_0 .net "pattern", 3 0, v00000223249e9320_0;  alias, 1 drivers
v00000223249e79f0_0 .net "pattern_leds", 3 0, L_00000223249e9dc0;  alias, 1 drivers
v00000223249e6230_0 .net "reset", 0 0, v000002232491f580_0;  alias, 1 drivers
v00000223249e6b90_0 .net "right_guess", 0 0, L_00000223249e82e0;  alias, 1 drivers
v00000223249e6eb0_0 .net "rst_i", 0 0, v000002232491fd00_0;  alias, 1 drivers
L_00000223249e9dc0 .functor MUXZ 4, L_0000022324932d80, v00000223249e9320_0, L_0000022324933410, C4<>;
L_00000223249e9140 .cmp/eq 4, v00000223249e9320_0, L_00000223249ea1b0;
L_00000223249e9000 .cmp/eq 4, v00000223249e9320_0, L_00000223249ea1f8;
L_00000223249e8240 .cmp/eq 4, v00000223249e9320_0, L_00000223249ea240;
L_00000223249e95a0 .cmp/eq 4, v00000223249e9320_0, L_00000223249ea288;
L_00000223249e8ce0 .cmp/eq 6, v00000223249e67d0_0, v00000223249e6410_0;
L_00000223249e82e0 .cmp/eq 4, L_0000022324932d80, v00000223249e9320_0;
S_00000223248bce10 .scope module, "mem" "Memory" 6 65, 7 5 0, S_00000223248bcc80;
 .timescale -9 -10;
    .port_info 0 /INPUT 1 "clk";
    .port_info 1 /INPUT 1 "rst";
    .port_info 2 /INPUT 6 "r_addr";
    .port_info 3 /INPUT 6 "w_addr";
    .port_info 4 /INPUT 4 "w_data";
    .port_info 5 /INPUT 1 "w_en";
    .port_info 6 /OUTPUT 4 "r_data";
P_0000022324945760 .param/l "ADDR_WIDTH" 0 7 8, +C4<00000000000000000000000000000110>;
P_0000022324945798 .param/l "DATA_WIDTH" 0 7 9, +C4<00000000000000000000000000000100>;
P_00000223249457d0 .param/l "N_ELEMENTS" 0 7 7, +C4<00000000000000000000000001000000>;
L_0000022324932d80 .functor BUFZ 4, L_00000223249ea040, C4<0000>, C4<0000>, C4<0000>;
v000002232491f260_0 .net *"_ivl_0", 3 0, L_00000223249ea040;  1 drivers
v000002232491f300_0 .net *"_ivl_2", 7 0, L_00000223249e8600;  1 drivers
L_00000223249ea168 .functor BUFT 1, C4<00>, C4<0>, C4<0>, C4<0>;
v000002232491fda0_0 .net *"_ivl_5", 1 0, L_00000223249ea168;  1 drivers
v000002232491f3a0_0 .net "clk", 0 0, L_0000022324932760;  alias, 1 drivers
v000002232491f4e0 .array "mem", 0 64, 3 0;
v000002232491ff80_0 .net "r_addr", 5 0, v00000223249e67d0_0;  1 drivers
v000002232491fbc0_0 .net "r_data", 3 0, L_0000022324932d80;  alias, 1 drivers
v000002232491f6c0_0 .net "rst", 0 0, v000002232491f580_0;  alias, 1 drivers
v000002232491f8a0_0 .net "w_addr", 5 0, v00000223249e6410_0;  1 drivers
v000002232491f940_0 .net "w_data", 3 0, v00000223249e9320_0;  alias, 1 drivers
v000002232491f9e0_0 .net "w_en", 0 0, v000002232491ea40_0;  alias, 1 drivers
L_00000223249ea040 .array/port v000002232491f4e0, L_00000223249e8600;
L_00000223249e8600 .concat [ 6 2 0 0], v00000223249e67d0_0, L_00000223249ea168;
S_000002232498b750 .scope generate, "wport[0]" "wport[0]" 7 32, 7 32 0, S_00000223248bce10;
 .timescale -9 -10;
P_0000022324935ef0 .param/l "i" 0 7 32, +C4<00>;
S_000002232498b8e0 .scope generate, "wport[1]" "wport[1]" 7 32, 7 32 0, S_00000223248bce10;
 .timescale -9 -10;
P_0000022324936230 .param/l "i" 0 7 32, +C4<01>;
S_00000223248c5ac0 .scope generate, "wport[2]" "wport[2]" 7 32, 7 32 0, S_00000223248bce10;
 .timescale -9 -10;
P_0000022324935fb0 .param/l "i" 0 7 32, +C4<010>;
S_00000223248c5c50 .scope generate, "wport[3]" "wport[3]" 7 32, 7 32 0, S_00000223248bce10;
 .timescale -9 -10;
P_0000022324935af0 .param/l "i" 0 7 32, +C4<011>;
S_00000223248b36f0 .scope generate, "wport[4]" "wport[4]" 7 32, 7 32 0, S_00000223248bce10;
 .timescale -9 -10;
P_0000022324935830 .param/l "i" 0 7 32, +C4<0100>;
S_00000223248b3880 .scope generate, "wport[5]" "wport[5]" 7 32, 7 32 0, S_00000223248bce10;
 .timescale -9 -10;
P_00000223249355b0 .param/l "i" 0 7 32, +C4<0101>;
S_0000022324872550 .scope generate, "wport[6]" "wport[6]" 7 32, 7 32 0, S_00000223248bce10;
 .timescale -9 -10;
P_0000022324935a30 .param/l "i" 0 7 32, +C4<0110>;
S_00000223248726e0 .scope generate, "wport[7]" "wport[7]" 7 32, 7 32 0, S_00000223248bce10;
 .timescale -9 -10;
P_00000223249356b0 .param/l "i" 0 7 32, +C4<0111>;
S_0000022324872870 .scope generate, "wport[8]" "wport[8]" 7 32, 7 32 0, S_00000223248bce10;
 .timescale -9 -10;
P_0000022324935b70 .param/l "i" 0 7 32, +C4<01000>;
S_0000022324958a00 .scope generate, "wport[9]" "wport[9]" 7 32, 7 32 0, S_00000223248bce10;
 .timescale -9 -10;
P_0000022324935ff0 .param/l "i" 0 7 32, +C4<01001>;
S_0000022324958b90 .scope generate, "wport[10]" "wport[10]" 7 32, 7 32 0, S_00000223248bce10;
 .timescale -9 -10;
P_0000022324936070 .param/l "i" 0 7 32, +C4<01010>;
S_00000223249035b0 .scope generate, "wport[11]" "wport[11]" 7 32, 7 32 0, S_00000223248bce10;
 .timescale -9 -10;
P_0000022324935ab0 .param/l "i" 0 7 32, +C4<01011>;
S_0000022324904230 .scope generate, "wport[12]" "wport[12]" 7 32, 7 32 0, S_00000223248bce10;
 .timescale -9 -10;
P_00000223249355f0 .param/l "i" 0 7 32, +C4<01100>;
S_00000223249040a0 .scope generate, "wport[13]" "wport[13]" 7 32, 7 32 0, S_00000223248bce10;
 .timescale -9 -10;
P_00000223249360f0 .param/l "i" 0 7 32, +C4<01101>;
S_0000022324903740 .scope generate, "wport[14]" "wport[14]" 7 32, 7 32 0, S_00000223248bce10;
 .timescale -9 -10;
P_00000223249354f0 .param/l "i" 0 7 32, +C4<01110>;
S_00000223249038d0 .scope generate, "wport[15]" "wport[15]" 7 32, 7 32 0, S_00000223248bce10;
 .timescale -9 -10;
P_00000223249362f0 .param/l "i" 0 7 32, +C4<01111>;
S_00000223249043c0 .scope generate, "wport[16]" "wport[16]" 7 32, 7 32 0, S_00000223248bce10;
 .timescale -9 -10;
P_00000223249356f0 .param/l "i" 0 7 32, +C4<010000>;
S_0000022324903a60 .scope generate, "wport[17]" "wport[17]" 7 32, 7 32 0, S_00000223248bce10;
 .timescale -9 -10;
P_00000223249357b0 .param/l "i" 0 7 32, +C4<010001>;
S_0000022324903bf0 .scope generate, "wport[18]" "wport[18]" 7 32, 7 32 0, S_00000223248bce10;
 .timescale -9 -10;
P_0000022324936330 .param/l "i" 0 7 32, +C4<010010>;
S_0000022324903d80 .scope generate, "wport[19]" "wport[19]" 7 32, 7 32 0, S_00000223248bce10;
 .timescale -9 -10;
P_0000022324936370 .param/l "i" 0 7 32, +C4<010011>;
S_0000022324903f10 .scope generate, "wport[20]" "wport[20]" 7 32, 7 32 0, S_00000223248bce10;
 .timescale -9 -10;
P_0000022324935f30 .param/l "i" 0 7 32, +C4<010100>;
S_00000223249e1bf0 .scope generate, "wport[21]" "wport[21]" 7 32, 7 32 0, S_00000223248bce10;
 .timescale -9 -10;
P_00000223249357f0 .param/l "i" 0 7 32, +C4<010101>;
S_00000223249e18d0 .scope generate, "wport[22]" "wport[22]" 7 32, 7 32 0, S_00000223248bce10;
 .timescale -9 -10;
P_00000223249363b0 .param/l "i" 0 7 32, +C4<010110>;
S_00000223249e1740 .scope generate, "wport[23]" "wport[23]" 7 32, 7 32 0, S_00000223248bce10;
 .timescale -9 -10;
P_0000022324935530 .param/l "i" 0 7 32, +C4<010111>;
S_00000223249e1d80 .scope generate, "wport[24]" "wport[24]" 7 32, 7 32 0, S_00000223248bce10;
 .timescale -9 -10;
P_00000223249360b0 .param/l "i" 0 7 32, +C4<011000>;
S_00000223249e15b0 .scope generate, "wport[25]" "wport[25]" 7 32, 7 32 0, S_00000223248bce10;
 .timescale -9 -10;
P_0000022324935870 .param/l "i" 0 7 32, +C4<011001>;
S_00000223249e0930 .scope generate, "wport[26]" "wport[26]" 7 32, 7 32 0, S_00000223248bce10;
 .timescale -9 -10;
P_0000022324936030 .param/l "i" 0 7 32, +C4<011010>;
S_00000223249e1f10 .scope generate, "wport[27]" "wport[27]" 7 32, 7 32 0, S_00000223248bce10;
 .timescale -9 -10;
P_0000022324935f70 .param/l "i" 0 7 32, +C4<011011>;
S_00000223249e1100 .scope generate, "wport[28]" "wport[28]" 7 32, 7 32 0, S_00000223248bce10;
 .timescale -9 -10;
P_0000022324935b30 .param/l "i" 0 7 32, +C4<011100>;
S_00000223249e0f70 .scope generate, "wport[29]" "wport[29]" 7 32, 7 32 0, S_00000223248bce10;
 .timescale -9 -10;
P_0000022324935e30 .param/l "i" 0 7 32, +C4<011101>;
S_00000223249e1290 .scope generate, "wport[30]" "wport[30]" 7 32, 7 32 0, S_00000223248bce10;
 .timescale -9 -10;
P_0000022324936130 .param/l "i" 0 7 32, +C4<011110>;
S_00000223249e1a60 .scope generate, "wport[31]" "wport[31]" 7 32, 7 32 0, S_00000223248bce10;
 .timescale -9 -10;
P_00000223249358b0 .param/l "i" 0 7 32, +C4<011111>;
S_00000223249e07a0 .scope generate, "wport[32]" "wport[32]" 7 32, 7 32 0, S_00000223248bce10;
 .timescale -9 -10;
P_0000022324935bf0 .param/l "i" 0 7 32, +C4<0100000>;
S_00000223249e0ac0 .scope generate, "wport[33]" "wport[33]" 7 32, 7 32 0, S_00000223248bce10;
 .timescale -9 -10;
P_0000022324935d30 .param/l "i" 0 7 32, +C4<0100001>;
S_00000223249e0160 .scope generate, "wport[34]" "wport[34]" 7 32, 7 32 0, S_00000223248bce10;
 .timescale -9 -10;
P_00000223249363f0 .param/l "i" 0 7 32, +C4<0100010>;
S_00000223249e02f0 .scope generate, "wport[35]" "wport[35]" 7 32, 7 32 0, S_00000223248bce10;
 .timescale -9 -10;
P_0000022324936430 .param/l "i" 0 7 32, +C4<0100011>;
S_00000223249e0c50 .scope generate, "wport[36]" "wport[36]" 7 32, 7 32 0, S_00000223248bce10;
 .timescale -9 -10;
P_00000223249358f0 .param/l "i" 0 7 32, +C4<0100100>;
S_00000223249e0480 .scope generate, "wport[37]" "wport[37]" 7 32, 7 32 0, S_00000223248bce10;
 .timescale -9 -10;
P_0000022324936170 .param/l "i" 0 7 32, +C4<0100101>;
S_00000223249e0610 .scope generate, "wport[38]" "wport[38]" 7 32, 7 32 0, S_00000223248bce10;
 .timescale -9 -10;
P_00000223249361b0 .param/l "i" 0 7 32, +C4<0100110>;
S_00000223249e0de0 .scope generate, "wport[39]" "wport[39]" 7 32, 7 32 0, S_00000223248bce10;
 .timescale -9 -10;
P_0000022324935470 .param/l "i" 0 7 32, +C4<0100111>;
S_00000223249e1420 .scope generate, "wport[40]" "wport[40]" 7 32, 7 32 0, S_00000223248bce10;
 .timescale -9 -10;
P_00000223249354b0 .param/l "i" 0 7 32, +C4<0101000>;
S_00000223249e3d90 .scope generate, "wport[41]" "wport[41]" 7 32, 7 32 0, S_00000223248bce10;
 .timescale -9 -10;
P_0000022324935570 .param/l "i" 0 7 32, +C4<0101001>;
S_00000223249e3430 .scope generate, "wport[42]" "wport[42]" 7 32, 7 32 0, S_00000223248bce10;
 .timescale -9 -10;
P_0000022324935930 .param/l "i" 0 7 32, +C4<0101010>;
S_00000223249e3f20 .scope generate, "wport[43]" "wport[43]" 7 32, 7 32 0, S_00000223248bce10;
 .timescale -9 -10;
P_0000022324935e70 .param/l "i" 0 7 32, +C4<0101011>;
S_00000223249e2c60 .scope generate, "wport[44]" "wport[44]" 7 32, 7 32 0, S_00000223248bce10;
 .timescale -9 -10;
P_0000022324935970 .param/l "i" 0 7 32, +C4<0101100>;
S_00000223249e3110 .scope generate, "wport[45]" "wport[45]" 7 32, 7 32 0, S_00000223248bce10;
 .timescale -9 -10;
P_00000223249359b0 .param/l "i" 0 7 32, +C4<0101101>;
S_00000223249e35c0 .scope generate, "wport[46]" "wport[46]" 7 32, 7 32 0, S_00000223248bce10;
 .timescale -9 -10;
P_00000223249359f0 .param/l "i" 0 7 32, +C4<0101110>;
S_00000223249e2df0 .scope generate, "wport[47]" "wport[47]" 7 32, 7 32 0, S_00000223248bce10;
 .timescale -9 -10;
P_0000022324935a70 .param/l "i" 0 7 32, +C4<0101111>;
S_00000223249e2f80 .scope generate, "wport[48]" "wport[48]" 7 32, 7 32 0, S_00000223248bce10;
 .timescale -9 -10;
P_0000022324935c30 .param/l "i" 0 7 32, +C4<0110000>;
S_00000223249e32a0 .scope generate, "wport[49]" "wport[49]" 7 32, 7 32 0, S_00000223248bce10;
 .timescale -9 -10;
P_0000022324935c70 .param/l "i" 0 7 32, +C4<0110001>;
S_00000223249e2170 .scope generate, "wport[50]" "wport[50]" 7 32, 7 32 0, S_00000223248bce10;
 .timescale -9 -10;
P_0000022324935cb0 .param/l "i" 0 7 32, +C4<0110010>;
S_00000223249e2300 .scope generate, "wport[51]" "wport[51]" 7 32, 7 32 0, S_00000223248bce10;
 .timescale -9 -10;
P_0000022324935cf0 .param/l "i" 0 7 32, +C4<0110011>;
S_00000223249e3750 .scope generate, "wport[52]" "wport[52]" 7 32, 7 32 0, S_00000223248bce10;
 .timescale -9 -10;
P_0000022324935d70 .param/l "i" 0 7 32, +C4<0110100>;
S_00000223249e2490 .scope generate, "wport[53]" "wport[53]" 7 32, 7 32 0, S_00000223248bce10;
 .timescale -9 -10;
P_0000022324935db0 .param/l "i" 0 7 32, +C4<0110101>;
S_00000223249e3c00 .scope generate, "wport[54]" "wport[54]" 7 32, 7 32 0, S_00000223248bce10;
 .timescale -9 -10;
P_0000022324935df0 .param/l "i" 0 7 32, +C4<0110110>;
S_00000223249e38e0 .scope generate, "wport[55]" "wport[55]" 7 32, 7 32 0, S_00000223248bce10;
 .timescale -9 -10;
P_0000022324936570 .param/l "i" 0 7 32, +C4<0110111>;
S_00000223249e3a70 .scope generate, "wport[56]" "wport[56]" 7 32, 7 32 0, S_00000223248bce10;
 .timescale -9 -10;
P_0000022324939170 .param/l "i" 0 7 32, +C4<0111000>;
S_00000223249e2620 .scope generate, "wport[57]" "wport[57]" 7 32, 7 32 0, S_00000223248bce10;
 .timescale -9 -10;
P_00000223248c51e0 .param/l "i" 0 7 32, +C4<0111001>;
S_00000223249e27b0 .scope generate, "wport[58]" "wport[58]" 7 32, 7 32 0, S_00000223248bce10;
 .timescale -9 -10;
P_00000223248c4be0 .param/l "i" 0 7 32, +C4<0111010>;
S_00000223249e2940 .scope generate, "wport[59]" "wport[59]" 7 32, 7 32 0, S_00000223248bce10;
 .timescale -9 -10;
P_00000223248c50a0 .param/l "i" 0 7 32, +C4<0111011>;
S_00000223249e2ad0 .scope generate, "wport[60]" "wport[60]" 7 32, 7 32 0, S_00000223248bce10;
 .timescale -9 -10;
P_00000223248c58e0 .param/l "i" 0 7 32, +C4<0111100>;
S_00000223249e5a80 .scope generate, "wport[61]" "wport[61]" 7 32, 7 32 0, S_00000223248bce10;
 .timescale -9 -10;
P_00000223248c53e0 .param/l "i" 0 7 32, +C4<0111101>;
S_00000223249e5c10 .scope generate, "wport[62]" "wport[62]" 7 32, 7 32 0, S_00000223248bce10;
 .timescale -9 -10;
P_00000223248c5260 .param/l "i" 0 7 32, +C4<0111110>;
S_00000223249e5da0 .scope generate, "wport[63]" "wport[63]" 7 32, 7 32 0, S_00000223248bce10;
 .timescale -9 -10;
P_00000223248c4da0 .param/l "i" 0 7 32, +C4<0111111>;
    .scope S_000002232494b500;
T_0 ;
    %wait E_0000022324935730;
    %load/vec4 v000002232491e5e0_0;
    %load/vec4 v000002232491e400_0;
    %cmp/ne;
    %jmp/0xz  T_0.0, 4;
    %load/vec4 v000002232491e5e0_0;
    %assign/vec4 v000002232491e400_0, 0;
    %pushi/vec4 0, 0, 32;
    %assign/vec4 v000002232491fc60_0, 0;
    %jmp T_0.1;
T_0.0 ;
    %load/vec4 v000002232491fc60_0;
    %cmpi/e 500000, 0, 32;
    %jmp/0xz  T_0.2, 4;
    %load/vec4 v000002232491e400_0;
    %assign/vec4 v000002232491f760_0, 0;
    %jmp T_0.3;
T_0.2 ;
    %load/vec4 v000002232491fc60_0;
    %addi 1, 0, 32;
    %assign/vec4 v000002232491fc60_0, 0;
T_0.3 ;
T_0.1 ;
    %jmp T_0;
    .thread T_0;
    .scope S_000002232498b750;
T_1 ;
    %wait E_00000223249361f0;
    %load/vec4 v000002232491f6c0_0;
    %flag_set/vec4 8;
    %jmp/0xz  T_1.0, 8;
    %pushi/vec4 0, 0, 4;
    %ix/load 3, 0, 0;
    %flag_set/imm 4, 0;
    %ix/load 4, 0, 0; Constant delay
    %assign/vec4/a/d v000002232491f4e0, 0, 4;
    %jmp T_1.1;
T_1.0 ;
    %load/vec4 v000002232491f9e0_0;
    %flag_set/vec4 9;
    %flag_get/vec4 9;
    %jmp/0 T_1.4, 9;
    %load/vec4 v000002232491f8a0_0;
    %pad/u 7;
    %pushi/vec4 0, 0, 7;
    %cmp/e;
    %flag_get/vec4 4;
    %and;
T_1.4;
    %flag_set/vec4 8;
    %jmp/0xz  T_1.2, 8;
    %load/vec4 v000002232491f940_0;
    %ix/load 3, 0, 0;
    %flag_set/imm 4, 0;
    %ix/load 4, 0, 0; Constant delay
    %assign/vec4/a/d v000002232491f4e0, 0, 4;
T_1.2 ;
T_1.1 ;
    %jmp T_1;
    .thread T_1;
    .scope S_000002232498b8e0;
T_2 ;
    %wait E_00000223249361f0;
    %load/vec4 v000002232491f6c0_0;
    %flag_set/vec4 8;
    %jmp/0xz  T_2.0, 8;
    %pushi/vec4 0, 0, 4;
    %ix/load 3, 1, 0;
    %flag_set/imm 4, 0;
    %ix/load 4, 0, 0; Constant delay
    %assign/vec4/a/d v000002232491f4e0, 0, 4;
    %jmp T_2.1;
T_2.0 ;
    %load/vec4 v000002232491f9e0_0;
    %flag_set/vec4 9;
    %flag_get/vec4 9;
    %jmp/0 T_2.4, 9;
    %load/vec4 v000002232491f8a0_0;
    %pad/u 7;
    %pushi/vec4 1, 0, 7;
    %cmp/e;
    %flag_get/vec4 4;
    %and;
T_2.4;
    %flag_set/vec4 8;
    %jmp/0xz  T_2.2, 8;
    %load/vec4 v000002232491f940_0;
    %ix/load 3, 1, 0;
    %flag_set/imm 4, 0;
    %ix/load 4, 0, 0; Constant delay
    %assign/vec4/a/d v000002232491f4e0, 0, 4;
T_2.2 ;
T_2.1 ;
    %jmp T_2;
    .thread T_2;
    .scope S_00000223248c5ac0;
T_3 ;
    %wait E_00000223249361f0;
    %load/vec4 v000002232491f6c0_0;
    %flag_set/vec4 8;
    %jmp/0xz  T_3.0, 8;
    %pushi/vec4 0, 0, 4;
    %ix/load 3, 2, 0;
    %flag_set/imm 4, 0;
    %ix/load 4, 0, 0; Constant delay
    %assign/vec4/a/d v000002232491f4e0, 0, 4;
    %jmp T_3.1;
T_3.0 ;
    %load/vec4 v000002232491f9e0_0;
    %flag_set/vec4 9;
    %flag_get/vec4 9;
    %jmp/0 T_3.4, 9;
    %load/vec4 v000002232491f8a0_0;
    %pad/u 7;
    %pushi/vec4 2, 0, 7;
    %cmp/e;
    %flag_get/vec4 4;
    %and;
T_3.4;
    %flag_set/vec4 8;
    %jmp/0xz  T_3.2, 8;
    %load/vec4 v000002232491f940_0;
    %ix/load 3, 2, 0;
    %flag_set/imm 4, 0;
    %ix/load 4, 0, 0; Constant delay
    %assign/vec4/a/d v000002232491f4e0, 0, 4;
T_3.2 ;
T_3.1 ;
    %jmp T_3;
    .thread T_3;
    .scope S_00000223248c5c50;
T_4 ;
    %wait E_00000223249361f0;
    %load/vec4 v000002232491f6c0_0;
    %flag_set/vec4 8;
    %jmp/0xz  T_4.0, 8;
    %pushi/vec4 0, 0, 4;
    %ix/load 3, 3, 0;
    %flag_set/imm 4, 0;
    %ix/load 4, 0, 0; Constant delay
    %assign/vec4/a/d v000002232491f4e0, 0, 4;
    %jmp T_4.1;
T_4.0 ;
    %load/vec4 v000002232491f9e0_0;
    %flag_set/vec4 9;
    %flag_get/vec4 9;
    %jmp/0 T_4.4, 9;
    %load/vec4 v000002232491f8a0_0;
    %pad/u 7;
    %pushi/vec4 3, 0, 7;
    %cmp/e;
    %flag_get/vec4 4;
    %and;
T_4.4;
    %flag_set/vec4 8;
    %jmp/0xz  T_4.2, 8;
    %load/vec4 v000002232491f940_0;
    %ix/load 3, 3, 0;
    %flag_set/imm 4, 0;
    %ix/load 4, 0, 0; Constant delay
    %assign/vec4/a/d v000002232491f4e0, 0, 4;
T_4.2 ;
T_4.1 ;
    %jmp T_4;
    .thread T_4;
    .scope S_00000223248b36f0;
T_5 ;
    %wait E_00000223249361f0;
    %load/vec4 v000002232491f6c0_0;
    %flag_set/vec4 8;
    %jmp/0xz  T_5.0, 8;
    %pushi/vec4 0, 0, 4;
    %ix/load 3, 4, 0;
    %flag_set/imm 4, 0;
    %ix/load 4, 0, 0; Constant delay
    %assign/vec4/a/d v000002232491f4e0, 0, 4;
    %jmp T_5.1;
T_5.0 ;
    %load/vec4 v000002232491f9e0_0;
    %flag_set/vec4 9;
    %flag_get/vec4 9;
    %jmp/0 T_5.4, 9;
    %load/vec4 v000002232491f8a0_0;
    %pad/u 7;
    %pushi/vec4 4, 0, 7;
    %cmp/e;
    %flag_get/vec4 4;
    %and;
T_5.4;
    %flag_set/vec4 8;
    %jmp/0xz  T_5.2, 8;
    %load/vec4 v000002232491f940_0;
    %ix/load 3, 4, 0;
    %flag_set/imm 4, 0;
    %ix/load 4, 0, 0; Constant delay
    %assign/vec4/a/d v000002232491f4e0, 0, 4;
T_5.2 ;
T_5.1 ;
    %jmp T_5;
    .thread T_5;
    .scope S_00000223248b3880;
T_6 ;
    %wait E_00000223249361f0;
    %load/vec4 v000002232491f6c0_0;
    %flag_set/vec4 8;
    %jmp/0xz  T_6.0, 8;
    %pushi/vec4 0, 0, 4;
    %ix/load 3, 5, 0;
    %flag_set/imm 4, 0;
    %ix/load 4, 0, 0; Constant delay
    %assign/vec4/a/d v000002232491f4e0, 0, 4;
    %jmp T_6.1;
T_6.0 ;
    %load/vec4 v000002232491f9e0_0;
    %flag_set/vec4 9;
    %flag_get/vec4 9;
    %jmp/0 T_6.4, 9;
    %load/vec4 v000002232491f8a0_0;
    %pad/u 7;
    %pushi/vec4 5, 0, 7;
    %cmp/e;
    %flag_get/vec4 4;
    %and;
T_6.4;
    %flag_set/vec4 8;
    %jmp/0xz  T_6.2, 8;
    %load/vec4 v000002232491f940_0;
    %ix/load 3, 5, 0;
    %flag_set/imm 4, 0;
    %ix/load 4, 0, 0; Constant delay
    %assign/vec4/a/d v000002232491f4e0, 0, 4;
T_6.2 ;
T_6.1 ;
    %jmp T_6;
    .thread T_6;
    .scope S_0000022324872550;
T_7 ;
    %wait E_00000223249361f0;
    %load/vec4 v000002232491f6c0_0;
    %flag_set/vec4 8;
    %jmp/0xz  T_7.0, 8;
    %pushi/vec4 0, 0, 4;
    %ix/load 3, 6, 0;
    %flag_set/imm 4, 0;
    %ix/load 4, 0, 0; Constant delay
    %assign/vec4/a/d v000002232491f4e0, 0, 4;
    %jmp T_7.1;
T_7.0 ;
    %load/vec4 v000002232491f9e0_0;
    %flag_set/vec4 9;
    %flag_get/vec4 9;
    %jmp/0 T_7.4, 9;
    %load/vec4 v000002232491f8a0_0;
    %pad/u 7;
    %pushi/vec4 6, 0, 7;
    %cmp/e;
    %flag_get/vec4 4;
    %and;
T_7.4;
    %flag_set/vec4 8;
    %jmp/0xz  T_7.2, 8;
    %load/vec4 v000002232491f940_0;
    %ix/load 3, 6, 0;
    %flag_set/imm 4, 0;
    %ix/load 4, 0, 0; Constant delay
    %assign/vec4/a/d v000002232491f4e0, 0, 4;
T_7.2 ;
T_7.1 ;
    %jmp T_7;
    .thread T_7;
    .scope S_00000223248726e0;
T_8 ;
    %wait E_00000223249361f0;
    %load/vec4 v000002232491f6c0_0;
    %flag_set/vec4 8;
    %jmp/0xz  T_8.0, 8;
    %pushi/vec4 0, 0, 4;
    %ix/load 3, 7, 0;
    %flag_set/imm 4, 0;
    %ix/load 4, 0, 0; Constant delay
    %assign/vec4/a/d v000002232491f4e0, 0, 4;
    %jmp T_8.1;
T_8.0 ;
    %load/vec4 v000002232491f9e0_0;
    %flag_set/vec4 9;
    %flag_get/vec4 9;
    %jmp/0 T_8.4, 9;
    %load/vec4 v000002232491f8a0_0;
    %pad/u 7;
    %pushi/vec4 7, 0, 7;
    %cmp/e;
    %flag_get/vec4 4;
    %and;
T_8.4;
    %flag_set/vec4 8;
    %jmp/0xz  T_8.2, 8;
    %load/vec4 v000002232491f940_0;
    %ix/load 3, 7, 0;
    %flag_set/imm 4, 0;
    %ix/load 4, 0, 0; Constant delay
    %assign/vec4/a/d v000002232491f4e0, 0, 4;
T_8.2 ;
T_8.1 ;
    %jmp T_8;
    .thread T_8;
    .scope S_0000022324872870;
T_9 ;
    %wait E_00000223249361f0;
    %load/vec4 v000002232491f6c0_0;
    %flag_set/vec4 8;
    %jmp/0xz  T_9.0, 8;
    %pushi/vec4 0, 0, 4;
    %ix/load 3, 8, 0;
    %flag_set/imm 4, 0;
    %ix/load 4, 0, 0; Constant delay
    %assign/vec4/a/d v000002232491f4e0, 0, 4;
    %jmp T_9.1;
T_9.0 ;
    %load/vec4 v000002232491f9e0_0;
    %flag_set/vec4 9;
    %flag_get/vec4 9;
    %jmp/0 T_9.4, 9;
    %load/vec4 v000002232491f8a0_0;
    %pad/u 7;
    %pushi/vec4 8, 0, 7;
    %cmp/e;
    %flag_get/vec4 4;
    %and;
T_9.4;
    %flag_set/vec4 8;
    %jmp/0xz  T_9.2, 8;
    %load/vec4 v000002232491f940_0;
    %ix/load 3, 8, 0;
    %flag_set/imm 4, 0;
    %ix/load 4, 0, 0; Constant delay
    %assign/vec4/a/d v000002232491f4e0, 0, 4;
T_9.2 ;
T_9.1 ;
    %jmp T_9;
    .thread T_9;
    .scope S_0000022324958a00;
T_10 ;
    %wait E_00000223249361f0;
    %load/vec4 v000002232491f6c0_0;
    %flag_set/vec4 8;
    %jmp/0xz  T_10.0, 8;
    %pushi/vec4 0, 0, 4;
    %ix/load 3, 9, 0;
    %flag_set/imm 4, 0;
    %ix/load 4, 0, 0; Constant delay
    %assign/vec4/a/d v000002232491f4e0, 0, 4;
    %jmp T_10.1;
T_10.0 ;
    %load/vec4 v000002232491f9e0_0;
    %flag_set/vec4 9;
    %flag_get/vec4 9;
    %jmp/0 T_10.4, 9;
    %load/vec4 v000002232491f8a0_0;
    %pad/u 7;
    %pushi/vec4 9, 0, 7;
    %cmp/e;
    %flag_get/vec4 4;
    %and;
T_10.4;
    %flag_set/vec4 8;
    %jmp/0xz  T_10.2, 8;
    %load/vec4 v000002232491f940_0;
    %ix/load 3, 9, 0;
    %flag_set/imm 4, 0;
    %ix/load 4, 0, 0; Constant delay
    %assign/vec4/a/d v000002232491f4e0, 0, 4;
T_10.2 ;
T_10.1 ;
    %jmp T_10;
    .thread T_10;
    .scope S_0000022324958b90;
T_11 ;
    %wait E_00000223249361f0;
    %load/vec4 v000002232491f6c0_0;
    %flag_set/vec4 8;
    %jmp/0xz  T_11.0, 8;
    %pushi/vec4 0, 0, 4;
    %ix/load 3, 10, 0;
    %flag_set/imm 4, 0;
    %ix/load 4, 0, 0; Constant delay
    %assign/vec4/a/d v000002232491f4e0, 0, 4;
    %jmp T_11.1;
T_11.0 ;
    %load/vec4 v000002232491f9e0_0;
    %flag_set/vec4 9;
    %flag_get/vec4 9;
    %jmp/0 T_11.4, 9;
    %load/vec4 v000002232491f8a0_0;
    %pad/u 7;
    %pushi/vec4 10, 0, 7;
    %cmp/e;
    %flag_get/vec4 4;
    %and;
T_11.4;
    %flag_set/vec4 8;
    %jmp/0xz  T_11.2, 8;
    %load/vec4 v000002232491f940_0;
    %ix/load 3, 10, 0;
    %flag_set/imm 4, 0;
    %ix/load 4, 0, 0; Constant delay
    %assign/vec4/a/d v000002232491f4e0, 0, 4;
T_11.2 ;
T_11.1 ;
    %jmp T_11;
    .thread T_11;
    .scope S_00000223249035b0;
T_12 ;
    %wait E_00000223249361f0;
    %load/vec4 v000002232491f6c0_0;
    %flag_set/vec4 8;
    %jmp/0xz  T_12.0, 8;
    %pushi/vec4 0, 0, 4;
    %ix/load 3, 11, 0;
    %flag_set/imm 4, 0;
    %ix/load 4, 0, 0; Constant delay
    %assign/vec4/a/d v000002232491f4e0, 0, 4;
    %jmp T_12.1;
T_12.0 ;
    %load/vec4 v000002232491f9e0_0;
    %flag_set/vec4 9;
    %flag_get/vec4 9;
    %jmp/0 T_12.4, 9;
    %load/vec4 v000002232491f8a0_0;
    %pad/u 7;
    %pushi/vec4 11, 0, 7;
    %cmp/e;
    %flag_get/vec4 4;
    %and;
T_12.4;
    %flag_set/vec4 8;
    %jmp/0xz  T_12.2, 8;
    %load/vec4 v000002232491f940_0;
    %ix/load 3, 11, 0;
    %flag_set/imm 4, 0;
    %ix/load 4, 0, 0; Constant delay
    %assign/vec4/a/d v000002232491f4e0, 0, 4;
T_12.2 ;
T_12.1 ;
    %jmp T_12;
    .thread T_12;
    .scope S_0000022324904230;
T_13 ;
    %wait E_00000223249361f0;
    %load/vec4 v000002232491f6c0_0;
    %flag_set/vec4 8;
    %jmp/0xz  T_13.0, 8;
    %pushi/vec4 0, 0, 4;
    %ix/load 3, 12, 0;
    %flag_set/imm 4, 0;
    %ix/load 4, 0, 0; Constant delay
    %assign/vec4/a/d v000002232491f4e0, 0, 4;
    %jmp T_13.1;
T_13.0 ;
    %load/vec4 v000002232491f9e0_0;
    %flag_set/vec4 9;
    %flag_get/vec4 9;
    %jmp/0 T_13.4, 9;
    %load/vec4 v000002232491f8a0_0;
    %pad/u 7;
    %pushi/vec4 12, 0, 7;
    %cmp/e;
    %flag_get/vec4 4;
    %and;
T_13.4;
    %flag_set/vec4 8;
    %jmp/0xz  T_13.2, 8;
    %load/vec4 v000002232491f940_0;
    %ix/load 3, 12, 0;
    %flag_set/imm 4, 0;
    %ix/load 4, 0, 0; Constant delay
    %assign/vec4/a/d v000002232491f4e0, 0, 4;
T_13.2 ;
T_13.1 ;
    %jmp T_13;
    .thread T_13;
    .scope S_00000223249040a0;
T_14 ;
    %wait E_00000223249361f0;
    %load/vec4 v000002232491f6c0_0;
    %flag_set/vec4 8;
    %jmp/0xz  T_14.0, 8;
    %pushi/vec4 0, 0, 4;
    %ix/load 3, 13, 0;
    %flag_set/imm 4, 0;
    %ix/load 4, 0, 0; Constant delay
    %assign/vec4/a/d v000002232491f4e0, 0, 4;
    %jmp T_14.1;
T_14.0 ;
    %load/vec4 v000002232491f9e0_0;
    %flag_set/vec4 9;
    %flag_get/vec4 9;
    %jmp/0 T_14.4, 9;
    %load/vec4 v000002232491f8a0_0;
    %pad/u 7;
    %pushi/vec4 13, 0, 7;
    %cmp/e;
    %flag_get/vec4 4;
    %and;
T_14.4;
    %flag_set/vec4 8;
    %jmp/0xz  T_14.2, 8;
    %load/vec4 v000002232491f940_0;
    %ix/load 3, 13, 0;
    %flag_set/imm 4, 0;
    %ix/load 4, 0, 0; Constant delay
    %assign/vec4/a/d v000002232491f4e0, 0, 4;
T_14.2 ;
T_14.1 ;
    %jmp T_14;
    .thread T_14;
    .scope S_0000022324903740;
T_15 ;
    %wait E_00000223249361f0;
    %load/vec4 v000002232491f6c0_0;
    %flag_set/vec4 8;
    %jmp/0xz  T_15.0, 8;
    %pushi/vec4 0, 0, 4;
    %ix/load 3, 14, 0;
    %flag_set/imm 4, 0;
    %ix/load 4, 0, 0; Constant delay
    %assign/vec4/a/d v000002232491f4e0, 0, 4;
    %jmp T_15.1;
T_15.0 ;
    %load/vec4 v000002232491f9e0_0;
    %flag_set/vec4 9;
    %flag_get/vec4 9;
    %jmp/0 T_15.4, 9;
    %load/vec4 v000002232491f8a0_0;
    %pad/u 7;
    %pushi/vec4 14, 0, 7;
    %cmp/e;
    %flag_get/vec4 4;
    %and;
T_15.4;
    %flag_set/vec4 8;
    %jmp/0xz  T_15.2, 8;
    %load/vec4 v000002232491f940_0;
    %ix/load 3, 14, 0;
    %flag_set/imm 4, 0;
    %ix/load 4, 0, 0; Constant delay
    %assign/vec4/a/d v000002232491f4e0, 0, 4;
T_15.2 ;
T_15.1 ;
    %jmp T_15;
    .thread T_15;
    .scope S_00000223249038d0;
T_16 ;
    %wait E_00000223249361f0;
    %load/vec4 v000002232491f6c0_0;
    %flag_set/vec4 8;
    %jmp/0xz  T_16.0, 8;
    %pushi/vec4 0, 0, 4;
    %ix/load 3, 15, 0;
    %flag_set/imm 4, 0;
    %ix/load 4, 0, 0; Constant delay
    %assign/vec4/a/d v000002232491f4e0, 0, 4;
    %jmp T_16.1;
T_16.0 ;
    %load/vec4 v000002232491f9e0_0;
    %flag_set/vec4 9;
    %flag_get/vec4 9;
    %jmp/0 T_16.4, 9;
    %load/vec4 v000002232491f8a0_0;
    %pad/u 7;
    %pushi/vec4 15, 0, 7;
    %cmp/e;
    %flag_get/vec4 4;
    %and;
T_16.4;
    %flag_set/vec4 8;
    %jmp/0xz  T_16.2, 8;
    %load/vec4 v000002232491f940_0;
    %ix/load 3, 15, 0;
    %flag_set/imm 4, 0;
    %ix/load 4, 0, 0; Constant delay
    %assign/vec4/a/d v000002232491f4e0, 0, 4;
T_16.2 ;
T_16.1 ;
    %jmp T_16;
    .thread T_16;
    .scope S_00000223249043c0;
T_17 ;
    %wait E_00000223249361f0;
    %load/vec4 v000002232491f6c0_0;
    %flag_set/vec4 8;
    %jmp/0xz  T_17.0, 8;
    %pushi/vec4 0, 0, 4;
    %ix/load 3, 16, 0;
    %flag_set/imm 4, 0;
    %ix/load 4, 0, 0; Constant delay
    %assign/vec4/a/d v000002232491f4e0, 0, 4;
    %jmp T_17.1;
T_17.0 ;
    %load/vec4 v000002232491f9e0_0;
    %flag_set/vec4 9;
    %flag_get/vec4 9;
    %jmp/0 T_17.4, 9;
    %load/vec4 v000002232491f8a0_0;
    %pad/u 7;
    %pushi/vec4 16, 0, 7;
    %cmp/e;
    %flag_get/vec4 4;
    %and;
T_17.4;
    %flag_set/vec4 8;
    %jmp/0xz  T_17.2, 8;
    %load/vec4 v000002232491f940_0;
    %ix/load 3, 16, 0;
    %flag_set/imm 4, 0;
    %ix/load 4, 0, 0; Constant delay
    %assign/vec4/a/d v000002232491f4e0, 0, 4;
T_17.2 ;
T_17.1 ;
    %jmp T_17;
    .thread T_17;
    .scope S_0000022324903a60;
T_18 ;
    %wait E_00000223249361f0;
    %load/vec4 v000002232491f6c0_0;
    %flag_set/vec4 8;
    %jmp/0xz  T_18.0, 8;
    %pushi/vec4 0, 0, 4;
    %ix/load 3, 17, 0;
    %flag_set/imm 4, 0;
    %ix/load 4, 0, 0; Constant delay
    %assign/vec4/a/d v000002232491f4e0, 0, 4;
    %jmp T_18.1;
T_18.0 ;
    %load/vec4 v000002232491f9e0_0;
    %flag_set/vec4 9;
    %flag_get/vec4 9;
    %jmp/0 T_18.4, 9;
    %load/vec4 v000002232491f8a0_0;
    %pad/u 7;
    %pushi/vec4 17, 0, 7;
    %cmp/e;
    %flag_get/vec4 4;
    %and;
T_18.4;
    %flag_set/vec4 8;
    %jmp/0xz  T_18.2, 8;
    %load/vec4 v000002232491f940_0;
    %ix/load 3, 17, 0;
    %flag_set/imm 4, 0;
    %ix/load 4, 0, 0; Constant delay
    %assign/vec4/a/d v000002232491f4e0, 0, 4;
T_18.2 ;
T_18.1 ;
    %jmp T_18;
    .thread T_18;
    .scope S_0000022324903bf0;
T_19 ;
    %wait E_00000223249361f0;
    %load/vec4 v000002232491f6c0_0;
    %flag_set/vec4 8;
    %jmp/0xz  T_19.0, 8;
    %pushi/vec4 0, 0, 4;
    %ix/load 3, 18, 0;
    %flag_set/imm 4, 0;
    %ix/load 4, 0, 0; Constant delay
    %assign/vec4/a/d v000002232491f4e0, 0, 4;
    %jmp T_19.1;
T_19.0 ;
    %load/vec4 v000002232491f9e0_0;
    %flag_set/vec4 9;
    %flag_get/vec4 9;
    %jmp/0 T_19.4, 9;
    %load/vec4 v000002232491f8a0_0;
    %pad/u 7;
    %pushi/vec4 18, 0, 7;
    %cmp/e;
    %flag_get/vec4 4;
    %and;
T_19.4;
    %flag_set/vec4 8;
    %jmp/0xz  T_19.2, 8;
    %load/vec4 v000002232491f940_0;
    %ix/load 3, 18, 0;
    %flag_set/imm 4, 0;
    %ix/load 4, 0, 0; Constant delay
    %assign/vec4/a/d v000002232491f4e0, 0, 4;
T_19.2 ;
T_19.1 ;
    %jmp T_19;
    .thread T_19;
    .scope S_0000022324903d80;
T_20 ;
    %wait E_00000223249361f0;
    %load/vec4 v000002232491f6c0_0;
    %flag_set/vec4 8;
    %jmp/0xz  T_20.0, 8;
    %pushi/vec4 0, 0, 4;
    %ix/load 3, 19, 0;
    %flag_set/imm 4, 0;
    %ix/load 4, 0, 0; Constant delay
    %assign/vec4/a/d v000002232491f4e0, 0, 4;
    %jmp T_20.1;
T_20.0 ;
    %load/vec4 v000002232491f9e0_0;
    %flag_set/vec4 9;
    %flag_get/vec4 9;
    %jmp/0 T_20.4, 9;
    %load/vec4 v000002232491f8a0_0;
    %pad/u 7;
    %pushi/vec4 19, 0, 7;
    %cmp/e;
    %flag_get/vec4 4;
    %and;
T_20.4;
    %flag_set/vec4 8;
    %jmp/0xz  T_20.2, 8;
    %load/vec4 v000002232491f940_0;
    %ix/load 3, 19, 0;
    %flag_set/imm 4, 0;
    %ix/load 4, 0, 0; Constant delay
    %assign/vec4/a/d v000002232491f4e0, 0, 4;
T_20.2 ;
T_20.1 ;
    %jmp T_20;
    .thread T_20;
    .scope S_0000022324903f10;
T_21 ;
    %wait E_00000223249361f0;
    %load/vec4 v000002232491f6c0_0;
    %flag_set/vec4 8;
    %jmp/0xz  T_21.0, 8;
    %pushi/vec4 0, 0, 4;
    %ix/load 3, 20, 0;
    %flag_set/imm 4, 0;
    %ix/load 4, 0, 0; Constant delay
    %assign/vec4/a/d v000002232491f4e0, 0, 4;
    %jmp T_21.1;
T_21.0 ;
    %load/vec4 v000002232491f9e0_0;
    %flag_set/vec4 9;
    %flag_get/vec4 9;
    %jmp/0 T_21.4, 9;
    %load/vec4 v000002232491f8a0_0;
    %pad/u 7;
    %pushi/vec4 20, 0, 7;
    %cmp/e;
    %flag_get/vec4 4;
    %and;
T_21.4;
    %flag_set/vec4 8;
    %jmp/0xz  T_21.2, 8;
    %load/vec4 v000002232491f940_0;
    %ix/load 3, 20, 0;
    %flag_set/imm 4, 0;
    %ix/load 4, 0, 0; Constant delay
    %assign/vec4/a/d v000002232491f4e0, 0, 4;
T_21.2 ;
T_21.1 ;
    %jmp T_21;
    .thread T_21;
    .scope S_00000223249e1bf0;
T_22 ;
    %wait E_00000223249361f0;
    %load/vec4 v000002232491f6c0_0;
    %flag_set/vec4 8;
    %jmp/0xz  T_22.0, 8;
    %pushi/vec4 0, 0, 4;
    %ix/load 3, 21, 0;
    %flag_set/imm 4, 0;
    %ix/load 4, 0, 0; Constant delay
    %assign/vec4/a/d v000002232491f4e0, 0, 4;
    %jmp T_22.1;
T_22.0 ;
    %load/vec4 v000002232491f9e0_0;
    %flag_set/vec4 9;
    %flag_get/vec4 9;
    %jmp/0 T_22.4, 9;
    %load/vec4 v000002232491f8a0_0;
    %pad/u 7;
    %pushi/vec4 21, 0, 7;
    %cmp/e;
    %flag_get/vec4 4;
    %and;
T_22.4;
    %flag_set/vec4 8;
    %jmp/0xz  T_22.2, 8;
    %load/vec4 v000002232491f940_0;
    %ix/load 3, 21, 0;
    %flag_set/imm 4, 0;
    %ix/load 4, 0, 0; Constant delay
    %assign/vec4/a/d v000002232491f4e0, 0, 4;
T_22.2 ;
T_22.1 ;
    %jmp T_22;
    .thread T_22;
    .scope S_00000223249e18d0;
T_23 ;
    %wait E_00000223249361f0;
    %load/vec4 v000002232491f6c0_0;
    %flag_set/vec4 8;
    %jmp/0xz  T_23.0, 8;
    %pushi/vec4 0, 0, 4;
    %ix/load 3, 22, 0;
    %flag_set/imm 4, 0;
    %ix/load 4, 0, 0; Constant delay
    %assign/vec4/a/d v000002232491f4e0, 0, 4;
    %jmp T_23.1;
T_23.0 ;
    %load/vec4 v000002232491f9e0_0;
    %flag_set/vec4 9;
    %flag_get/vec4 9;
    %jmp/0 T_23.4, 9;
    %load/vec4 v000002232491f8a0_0;
    %pad/u 7;
    %pushi/vec4 22, 0, 7;
    %cmp/e;
    %flag_get/vec4 4;
    %and;
T_23.4;
    %flag_set/vec4 8;
    %jmp/0xz  T_23.2, 8;
    %load/vec4 v000002232491f940_0;
    %ix/load 3, 22, 0;
    %flag_set/imm 4, 0;
    %ix/load 4, 0, 0; Constant delay
    %assign/vec4/a/d v000002232491f4e0, 0, 4;
T_23.2 ;
T_23.1 ;
    %jmp T_23;
    .thread T_23;
    .scope S_00000223249e1740;
T_24 ;
    %wait E_00000223249361f0;
    %load/vec4 v000002232491f6c0_0;
    %flag_set/vec4 8;
    %jmp/0xz  T_24.0, 8;
    %pushi/vec4 0, 0, 4;
    %ix/load 3, 23, 0;
    %flag_set/imm 4, 0;
    %ix/load 4, 0, 0; Constant delay
    %assign/vec4/a/d v000002232491f4e0, 0, 4;
    %jmp T_24.1;
T_24.0 ;
    %load/vec4 v000002232491f9e0_0;
    %flag_set/vec4 9;
    %flag_get/vec4 9;
    %jmp/0 T_24.4, 9;
    %load/vec4 v000002232491f8a0_0;
    %pad/u 7;
    %pushi/vec4 23, 0, 7;
    %cmp/e;
    %flag_get/vec4 4;
    %and;
T_24.4;
    %flag_set/vec4 8;
    %jmp/0xz  T_24.2, 8;
    %load/vec4 v000002232491f940_0;
    %ix/load 3, 23, 0;
    %flag_set/imm 4, 0;
    %ix/load 4, 0, 0; Constant delay
    %assign/vec4/a/d v000002232491f4e0, 0, 4;
T_24.2 ;
T_24.1 ;
    %jmp T_24;
    .thread T_24;
    .scope S_00000223249e1d80;
T_25 ;
    %wait E_00000223249361f0;
    %load/vec4 v000002232491f6c0_0;
    %flag_set/vec4 8;
    %jmp/0xz  T_25.0, 8;
    %pushi/vec4 0, 0, 4;
    %ix/load 3, 24, 0;
    %flag_set/imm 4, 0;
    %ix/load 4, 0, 0; Constant delay
    %assign/vec4/a/d v000002232491f4e0, 0, 4;
    %jmp T_25.1;
T_25.0 ;
    %load/vec4 v000002232491f9e0_0;
    %flag_set/vec4 9;
    %flag_get/vec4 9;
    %jmp/0 T_25.4, 9;
    %load/vec4 v000002232491f8a0_0;
    %pad/u 7;
    %pushi/vec4 24, 0, 7;
    %cmp/e;
    %flag_get/vec4 4;
    %and;
T_25.4;
    %flag_set/vec4 8;
    %jmp/0xz  T_25.2, 8;
    %load/vec4 v000002232491f940_0;
    %ix/load 3, 24, 0;
    %flag_set/imm 4, 0;
    %ix/load 4, 0, 0; Constant delay
    %assign/vec4/a/d v000002232491f4e0, 0, 4;
T_25.2 ;
T_25.1 ;
    %jmp T_25;
    .thread T_25;
    .scope S_00000223249e15b0;
T_26 ;
    %wait E_00000223249361f0;
    %load/vec4 v000002232491f6c0_0;
    %flag_set/vec4 8;
    %jmp/0xz  T_26.0, 8;
    %pushi/vec4 0, 0, 4;
    %ix/load 3, 25, 0;
    %flag_set/imm 4, 0;
    %ix/load 4, 0, 0; Constant delay
    %assign/vec4/a/d v000002232491f4e0, 0, 4;
    %jmp T_26.1;
T_26.0 ;
    %load/vec4 v000002232491f9e0_0;
    %flag_set/vec4 9;
    %flag_get/vec4 9;
    %jmp/0 T_26.4, 9;
    %load/vec4 v000002232491f8a0_0;
    %pad/u 7;
    %pushi/vec4 25, 0, 7;
    %cmp/e;
    %flag_get/vec4 4;
    %and;
T_26.4;
    %flag_set/vec4 8;
    %jmp/0xz  T_26.2, 8;
    %load/vec4 v000002232491f940_0;
    %ix/load 3, 25, 0;
    %flag_set/imm 4, 0;
    %ix/load 4, 0, 0; Constant delay
    %assign/vec4/a/d v000002232491f4e0, 0, 4;
T_26.2 ;
T_26.1 ;
    %jmp T_26;
    .thread T_26;
    .scope S_00000223249e0930;
T_27 ;
    %wait E_00000223249361f0;
    %load/vec4 v000002232491f6c0_0;
    %flag_set/vec4 8;
    %jmp/0xz  T_27.0, 8;
    %pushi/vec4 0, 0, 4;
    %ix/load 3, 26, 0;
    %flag_set/imm 4, 0;
    %ix/load 4, 0, 0; Constant delay
    %assign/vec4/a/d v000002232491f4e0, 0, 4;
    %jmp T_27.1;
T_27.0 ;
    %load/vec4 v000002232491f9e0_0;
    %flag_set/vec4 9;
    %flag_get/vec4 9;
    %jmp/0 T_27.4, 9;
    %load/vec4 v000002232491f8a0_0;
    %pad/u 7;
    %pushi/vec4 26, 0, 7;
    %cmp/e;
    %flag_get/vec4 4;
    %and;
T_27.4;
    %flag_set/vec4 8;
    %jmp/0xz  T_27.2, 8;
    %load/vec4 v000002232491f940_0;
    %ix/load 3, 26, 0;
    %flag_set/imm 4, 0;
    %ix/load 4, 0, 0; Constant delay
    %assign/vec4/a/d v000002232491f4e0, 0, 4;
T_27.2 ;
T_27.1 ;
    %jmp T_27;
    .thread T_27;
    .scope S_00000223249e1f10;
T_28 ;
    %wait E_00000223249361f0;
    %load/vec4 v000002232491f6c0_0;
    %flag_set/vec4 8;
    %jmp/0xz  T_28.0, 8;
    %pushi/vec4 0, 0, 4;
    %ix/load 3, 27, 0;
    %flag_set/imm 4, 0;
    %ix/load 4, 0, 0; Constant delay
    %assign/vec4/a/d v000002232491f4e0, 0, 4;
    %jmp T_28.1;
T_28.0 ;
    %load/vec4 v000002232491f9e0_0;
    %flag_set/vec4 9;
    %flag_get/vec4 9;
    %jmp/0 T_28.4, 9;
    %load/vec4 v000002232491f8a0_0;
    %pad/u 7;
    %pushi/vec4 27, 0, 7;
    %cmp/e;
    %flag_get/vec4 4;
    %and;
T_28.4;
    %flag_set/vec4 8;
    %jmp/0xz  T_28.2, 8;
    %load/vec4 v000002232491f940_0;
    %ix/load 3, 27, 0;
    %flag_set/imm 4, 0;
    %ix/load 4, 0, 0; Constant delay
    %assign/vec4/a/d v000002232491f4e0, 0, 4;
T_28.2 ;
T_28.1 ;
    %jmp T_28;
    .thread T_28;
    .scope S_00000223249e1100;
T_29 ;
    %wait E_00000223249361f0;
    %load/vec4 v000002232491f6c0_0;
    %flag_set/vec4 8;
    %jmp/0xz  T_29.0, 8;
    %pushi/vec4 0, 0, 4;
    %ix/load 3, 28, 0;
    %flag_set/imm 4, 0;
    %ix/load 4, 0, 0; Constant delay
    %assign/vec4/a/d v000002232491f4e0, 0, 4;
    %jmp T_29.1;
T_29.0 ;
    %load/vec4 v000002232491f9e0_0;
    %flag_set/vec4 9;
    %flag_get/vec4 9;
    %jmp/0 T_29.4, 9;
    %load/vec4 v000002232491f8a0_0;
    %pad/u 7;
    %pushi/vec4 28, 0, 7;
    %cmp/e;
    %flag_get/vec4 4;
    %and;
T_29.4;
    %flag_set/vec4 8;
    %jmp/0xz  T_29.2, 8;
    %load/vec4 v000002232491f940_0;
    %ix/load 3, 28, 0;
    %flag_set/imm 4, 0;
    %ix/load 4, 0, 0; Constant delay
    %assign/vec4/a/d v000002232491f4e0, 0, 4;
T_29.2 ;
T_29.1 ;
    %jmp T_29;
    .thread T_29;
    .scope S_00000223249e0f70;
T_30 ;
    %wait E_00000223249361f0;
    %load/vec4 v000002232491f6c0_0;
    %flag_set/vec4 8;
    %jmp/0xz  T_30.0, 8;
    %pushi/vec4 0, 0, 4;
    %ix/load 3, 29, 0;
    %flag_set/imm 4, 0;
    %ix/load 4, 0, 0; Constant delay
    %assign/vec4/a/d v000002232491f4e0, 0, 4;
    %jmp T_30.1;
T_30.0 ;
    %load/vec4 v000002232491f9e0_0;
    %flag_set/vec4 9;
    %flag_get/vec4 9;
    %jmp/0 T_30.4, 9;
    %load/vec4 v000002232491f8a0_0;
    %pad/u 7;
    %pushi/vec4 29, 0, 7;
    %cmp/e;
    %flag_get/vec4 4;
    %and;
T_30.4;
    %flag_set/vec4 8;
    %jmp/0xz  T_30.2, 8;
    %load/vec4 v000002232491f940_0;
    %ix/load 3, 29, 0;
    %flag_set/imm 4, 0;
    %ix/load 4, 0, 0; Constant delay
    %assign/vec4/a/d v000002232491f4e0, 0, 4;
T_30.2 ;
T_30.1 ;
    %jmp T_30;
    .thread T_30;
    .scope S_00000223249e1290;
T_31 ;
    %wait E_00000223249361f0;
    %load/vec4 v000002232491f6c0_0;
    %flag_set/vec4 8;
    %jmp/0xz  T_31.0, 8;
    %pushi/vec4 0, 0, 4;
    %ix/load 3, 30, 0;
    %flag_set/imm 4, 0;
    %ix/load 4, 0, 0; Constant delay
    %assign/vec4/a/d v000002232491f4e0, 0, 4;
    %jmp T_31.1;
T_31.0 ;
    %load/vec4 v000002232491f9e0_0;
    %flag_set/vec4 9;
    %flag_get/vec4 9;
    %jmp/0 T_31.4, 9;
    %load/vec4 v000002232491f8a0_0;
    %pad/u 7;
    %pushi/vec4 30, 0, 7;
    %cmp/e;
    %flag_get/vec4 4;
    %and;
T_31.4;
    %flag_set/vec4 8;
    %jmp/0xz  T_31.2, 8;
    %load/vec4 v000002232491f940_0;
    %ix/load 3, 30, 0;
    %flag_set/imm 4, 0;
    %ix/load 4, 0, 0; Constant delay
    %assign/vec4/a/d v000002232491f4e0, 0, 4;
T_31.2 ;
T_31.1 ;
    %jmp T_31;
    .thread T_31;
    .scope S_00000223249e1a60;
T_32 ;
    %wait E_00000223249361f0;
    %load/vec4 v000002232491f6c0_0;
    %flag_set/vec4 8;
    %jmp/0xz  T_32.0, 8;
    %pushi/vec4 0, 0, 4;
    %ix/load 3, 31, 0;
    %flag_set/imm 4, 0;
    %ix/load 4, 0, 0; Constant delay
    %assign/vec4/a/d v000002232491f4e0, 0, 4;
    %jmp T_32.1;
T_32.0 ;
    %load/vec4 v000002232491f9e0_0;
    %flag_set/vec4 9;
    %flag_get/vec4 9;
    %jmp/0 T_32.4, 9;
    %load/vec4 v000002232491f8a0_0;
    %pad/u 7;
    %pushi/vec4 31, 0, 7;
    %cmp/e;
    %flag_get/vec4 4;
    %and;
T_32.4;
    %flag_set/vec4 8;
    %jmp/0xz  T_32.2, 8;
    %load/vec4 v000002232491f940_0;
    %ix/load 3, 31, 0;
    %flag_set/imm 4, 0;
    %ix/load 4, 0, 0; Constant delay
    %assign/vec4/a/d v000002232491f4e0, 0, 4;
T_32.2 ;
T_32.1 ;
    %jmp T_32;
    .thread T_32;
    .scope S_00000223249e07a0;
T_33 ;
    %wait E_00000223249361f0;
    %load/vec4 v000002232491f6c0_0;
    %flag_set/vec4 8;
    %jmp/0xz  T_33.0, 8;
    %pushi/vec4 0, 0, 4;
    %ix/load 3, 32, 0;
    %flag_set/imm 4, 0;
    %ix/load 4, 0, 0; Constant delay
    %assign/vec4/a/d v000002232491f4e0, 0, 4;
    %jmp T_33.1;
T_33.0 ;
    %load/vec4 v000002232491f9e0_0;
    %flag_set/vec4 9;
    %flag_get/vec4 9;
    %jmp/0 T_33.4, 9;
    %load/vec4 v000002232491f8a0_0;
    %pad/u 8;
    %pushi/vec4 32, 0, 8;
    %cmp/e;
    %flag_get/vec4 4;
    %and;
T_33.4;
    %flag_set/vec4 8;
    %jmp/0xz  T_33.2, 8;
    %load/vec4 v000002232491f940_0;
    %ix/load 3, 32, 0;
    %flag_set/imm 4, 0;
    %ix/load 4, 0, 0; Constant delay
    %assign/vec4/a/d v000002232491f4e0, 0, 4;
T_33.2 ;
T_33.1 ;
    %jmp T_33;
    .thread T_33;
    .scope S_00000223249e0ac0;
T_34 ;
    %wait E_00000223249361f0;
    %load/vec4 v000002232491f6c0_0;
    %flag_set/vec4 8;
    %jmp/0xz  T_34.0, 8;
    %pushi/vec4 0, 0, 4;
    %ix/load 3, 33, 0;
    %flag_set/imm 4, 0;
    %ix/load 4, 0, 0; Constant delay
    %assign/vec4/a/d v000002232491f4e0, 0, 4;
    %jmp T_34.1;
T_34.0 ;
    %load/vec4 v000002232491f9e0_0;
    %flag_set/vec4 9;
    %flag_get/vec4 9;
    %jmp/0 T_34.4, 9;
    %load/vec4 v000002232491f8a0_0;
    %pad/u 8;
    %pushi/vec4 33, 0, 8;
    %cmp/e;
    %flag_get/vec4 4;
    %and;
T_34.4;
    %flag_set/vec4 8;
    %jmp/0xz  T_34.2, 8;
    %load/vec4 v000002232491f940_0;
    %ix/load 3, 33, 0;
    %flag_set/imm 4, 0;
    %ix/load 4, 0, 0; Constant delay
    %assign/vec4/a/d v000002232491f4e0, 0, 4;
T_34.2 ;
T_34.1 ;
    %jmp T_34;
    .thread T_34;
    .scope S_00000223249e0160;
T_35 ;
    %wait E_00000223249361f0;
    %load/vec4 v000002232491f6c0_0;
    %flag_set/vec4 8;
    %jmp/0xz  T_35.0, 8;
    %pushi/vec4 0, 0, 4;
    %ix/load 3, 34, 0;
    %flag_set/imm 4, 0;
    %ix/load 4, 0, 0; Constant delay
    %assign/vec4/a/d v000002232491f4e0, 0, 4;
    %jmp T_35.1;
T_35.0 ;
    %load/vec4 v000002232491f9e0_0;
    %flag_set/vec4 9;
    %flag_get/vec4 9;
    %jmp/0 T_35.4, 9;
    %load/vec4 v000002232491f8a0_0;
    %pad/u 8;
    %pushi/vec4 34, 0, 8;
    %cmp/e;
    %flag_get/vec4 4;
    %and;
T_35.4;
    %flag_set/vec4 8;
    %jmp/0xz  T_35.2, 8;
    %load/vec4 v000002232491f940_0;
    %ix/load 3, 34, 0;
    %flag_set/imm 4, 0;
    %ix/load 4, 0, 0; Constant delay
    %assign/vec4/a/d v000002232491f4e0, 0, 4;
T_35.2 ;
T_35.1 ;
    %jmp T_35;
    .thread T_35;
    .scope S_00000223249e02f0;
T_36 ;
    %wait E_00000223249361f0;
    %load/vec4 v000002232491f6c0_0;
    %flag_set/vec4 8;
    %jmp/0xz  T_36.0, 8;
    %pushi/vec4 0, 0, 4;
    %ix/load 3, 35, 0;
    %flag_set/imm 4, 0;
    %ix/load 4, 0, 0; Constant delay
    %assign/vec4/a/d v000002232491f4e0, 0, 4;
    %jmp T_36.1;
T_36.0 ;
    %load/vec4 v000002232491f9e0_0;
    %flag_set/vec4 9;
    %flag_get/vec4 9;
    %jmp/0 T_36.4, 9;
    %load/vec4 v000002232491f8a0_0;
    %pad/u 8;
    %pushi/vec4 35, 0, 8;
    %cmp/e;
    %flag_get/vec4 4;
    %and;
T_36.4;
    %flag_set/vec4 8;
    %jmp/0xz  T_36.2, 8;
    %load/vec4 v000002232491f940_0;
    %ix/load 3, 35, 0;
    %flag_set/imm 4, 0;
    %ix/load 4, 0, 0; Constant delay
    %assign/vec4/a/d v000002232491f4e0, 0, 4;
T_36.2 ;
T_36.1 ;
    %jmp T_36;
    .thread T_36;
    .scope S_00000223249e0c50;
T_37 ;
    %wait E_00000223249361f0;
    %load/vec4 v000002232491f6c0_0;
    %flag_set/vec4 8;
    %jmp/0xz  T_37.0, 8;
    %pushi/vec4 0, 0, 4;
    %ix/load 3, 36, 0;
    %flag_set/imm 4, 0;
    %ix/load 4, 0, 0; Constant delay
    %assign/vec4/a/d v000002232491f4e0, 0, 4;
    %jmp T_37.1;
T_37.0 ;
    %load/vec4 v000002232491f9e0_0;
    %flag_set/vec4 9;
    %flag_get/vec4 9;
    %jmp/0 T_37.4, 9;
    %load/vec4 v000002232491f8a0_0;
    %pad/u 8;
    %pushi/vec4 36, 0, 8;
    %cmp/e;
    %flag_get/vec4 4;
    %and;
T_37.4;
    %flag_set/vec4 8;
    %jmp/0xz  T_37.2, 8;
    %load/vec4 v000002232491f940_0;
    %ix/load 3, 36, 0;
    %flag_set/imm 4, 0;
    %ix/load 4, 0, 0; Constant delay
    %assign/vec4/a/d v000002232491f4e0, 0, 4;
T_37.2 ;
T_37.1 ;
    %jmp T_37;
    .thread T_37;
    .scope S_00000223249e0480;
T_38 ;
    %wait E_00000223249361f0;
    %load/vec4 v000002232491f6c0_0;
    %flag_set/vec4 8;
    %jmp/0xz  T_38.0, 8;
    %pushi/vec4 0, 0, 4;
    %ix/load 3, 37, 0;
    %flag_set/imm 4, 0;
    %ix/load 4, 0, 0; Constant delay
    %assign/vec4/a/d v000002232491f4e0, 0, 4;
    %jmp T_38.1;
T_38.0 ;
    %load/vec4 v000002232491f9e0_0;
    %flag_set/vec4 9;
    %flag_get/vec4 9;
    %jmp/0 T_38.4, 9;
    %load/vec4 v000002232491f8a0_0;
    %pad/u 8;
    %pushi/vec4 37, 0, 8;
    %cmp/e;
    %flag_get/vec4 4;
    %and;
T_38.4;
    %flag_set/vec4 8;
    %jmp/0xz  T_38.2, 8;
    %load/vec4 v000002232491f940_0;
    %ix/load 3, 37, 0;
    %flag_set/imm 4, 0;
    %ix/load 4, 0, 0; Constant delay
    %assign/vec4/a/d v000002232491f4e0, 0, 4;
T_38.2 ;
T_38.1 ;
    %jmp T_38;
    .thread T_38;
    .scope S_00000223249e0610;
T_39 ;
    %wait E_00000223249361f0;
    %load/vec4 v000002232491f6c0_0;
    %flag_set/vec4 8;
    %jmp/0xz  T_39.0, 8;
    %pushi/vec4 0, 0, 4;
    %ix/load 3, 38, 0;
    %flag_set/imm 4, 0;
    %ix/load 4, 0, 0; Constant delay
    %assign/vec4/a/d v000002232491f4e0, 0, 4;
    %jmp T_39.1;
T_39.0 ;
    %load/vec4 v000002232491f9e0_0;
    %flag_set/vec4 9;
    %flag_get/vec4 9;
    %jmp/0 T_39.4, 9;
    %load/vec4 v000002232491f8a0_0;
    %pad/u 8;
    %pushi/vec4 38, 0, 8;
    %cmp/e;
    %flag_get/vec4 4;
    %and;
T_39.4;
    %flag_set/vec4 8;
    %jmp/0xz  T_39.2, 8;
    %load/vec4 v000002232491f940_0;
    %ix/load 3, 38, 0;
    %flag_set/imm 4, 0;
    %ix/load 4, 0, 0; Constant delay
    %assign/vec4/a/d v000002232491f4e0, 0, 4;
T_39.2 ;
T_39.1 ;
    %jmp T_39;
    .thread T_39;
    .scope S_00000223249e0de0;
T_40 ;
    %wait E_00000223249361f0;
    %load/vec4 v000002232491f6c0_0;
    %flag_set/vec4 8;
    %jmp/0xz  T_40.0, 8;
    %pushi/vec4 0, 0, 4;
    %ix/load 3, 39, 0;
    %flag_set/imm 4, 0;
    %ix/load 4, 0, 0; Constant delay
    %assign/vec4/a/d v000002232491f4e0, 0, 4;
    %jmp T_40.1;
T_40.0 ;
    %load/vec4 v000002232491f9e0_0;
    %flag_set/vec4 9;
    %flag_get/vec4 9;
    %jmp/0 T_40.4, 9;
    %load/vec4 v000002232491f8a0_0;
    %pad/u 8;
    %pushi/vec4 39, 0, 8;
    %cmp/e;
    %flag_get/vec4 4;
    %and;
T_40.4;
    %flag_set/vec4 8;
    %jmp/0xz  T_40.2, 8;
    %load/vec4 v000002232491f940_0;
    %ix/load 3, 39, 0;
    %flag_set/imm 4, 0;
    %ix/load 4, 0, 0; Constant delay
    %assign/vec4/a/d v000002232491f4e0, 0, 4;
T_40.2 ;
T_40.1 ;
    %jmp T_40;
    .thread T_40;
    .scope S_00000223249e1420;
T_41 ;
    %wait E_00000223249361f0;
    %load/vec4 v000002232491f6c0_0;
    %flag_set/vec4 8;
    %jmp/0xz  T_41.0, 8;
    %pushi/vec4 0, 0, 4;
    %ix/load 3, 40, 0;
    %flag_set/imm 4, 0;
    %ix/load 4, 0, 0; Constant delay
    %assign/vec4/a/d v000002232491f4e0, 0, 4;
    %jmp T_41.1;
T_41.0 ;
    %load/vec4 v000002232491f9e0_0;
    %flag_set/vec4 9;
    %flag_get/vec4 9;
    %jmp/0 T_41.4, 9;
    %load/vec4 v000002232491f8a0_0;
    %pad/u 8;
    %pushi/vec4 40, 0, 8;
    %cmp/e;
    %flag_get/vec4 4;
    %and;
T_41.4;
    %flag_set/vec4 8;
    %jmp/0xz  T_41.2, 8;
    %load/vec4 v000002232491f940_0;
    %ix/load 3, 40, 0;
    %flag_set/imm 4, 0;
    %ix/load 4, 0, 0; Constant delay
    %assign/vec4/a/d v000002232491f4e0, 0, 4;
T_41.2 ;
T_41.1 ;
    %jmp T_41;
    .thread T_41;
    .scope S_00000223249e3d90;
T_42 ;
    %wait E_00000223249361f0;
    %load/vec4 v000002232491f6c0_0;
    %flag_set/vec4 8;
    %jmp/0xz  T_42.0, 8;
    %pushi/vec4 0, 0, 4;
    %ix/load 3, 41, 0;
    %flag_set/imm 4, 0;
    %ix/load 4, 0, 0; Constant delay
    %assign/vec4/a/d v000002232491f4e0, 0, 4;
    %jmp T_42.1;
T_42.0 ;
    %load/vec4 v000002232491f9e0_0;
    %flag_set/vec4 9;
    %flag_get/vec4 9;
    %jmp/0 T_42.4, 9;
    %load/vec4 v000002232491f8a0_0;
    %pad/u 8;
    %pushi/vec4 41, 0, 8;
    %cmp/e;
    %flag_get/vec4 4;
    %and;
T_42.4;
    %flag_set/vec4 8;
    %jmp/0xz  T_42.2, 8;
    %load/vec4 v000002232491f940_0;
    %ix/load 3, 41, 0;
    %flag_set/imm 4, 0;
    %ix/load 4, 0, 0; Constant delay
    %assign/vec4/a/d v000002232491f4e0, 0, 4;
T_42.2 ;
T_42.1 ;
    %jmp T_42;
    .thread T_42;
    .scope S_00000223249e3430;
T_43 ;
    %wait E_00000223249361f0;
    %load/vec4 v000002232491f6c0_0;
    %flag_set/vec4 8;
    %jmp/0xz  T_43.0, 8;
    %pushi/vec4 0, 0, 4;
    %ix/load 3, 42, 0;
    %flag_set/imm 4, 0;
    %ix/load 4, 0, 0; Constant delay
    %assign/vec4/a/d v000002232491f4e0, 0, 4;
    %jmp T_43.1;
T_43.0 ;
    %load/vec4 v000002232491f9e0_0;
    %flag_set/vec4 9;
    %flag_get/vec4 9;
    %jmp/0 T_43.4, 9;
    %load/vec4 v000002232491f8a0_0;
    %pad/u 8;
    %pushi/vec4 42, 0, 8;
    %cmp/e;
    %flag_get/vec4 4;
    %and;
T_43.4;
    %flag_set/vec4 8;
    %jmp/0xz  T_43.2, 8;
    %load/vec4 v000002232491f940_0;
    %ix/load 3, 42, 0;
    %flag_set/imm 4, 0;
    %ix/load 4, 0, 0; Constant delay
    %assign/vec4/a/d v000002232491f4e0, 0, 4;
T_43.2 ;
T_43.1 ;
    %jmp T_43;
    .thread T_43;
    .scope S_00000223249e3f20;
T_44 ;
    %wait E_00000223249361f0;
    %load/vec4 v000002232491f6c0_0;
    %flag_set/vec4 8;
    %jmp/0xz  T_44.0, 8;
    %pushi/vec4 0, 0, 4;
    %ix/load 3, 43, 0;
    %flag_set/imm 4, 0;
    %ix/load 4, 0, 0; Constant delay
    %assign/vec4/a/d v000002232491f4e0, 0, 4;
    %jmp T_44.1;
T_44.0 ;
    %load/vec4 v000002232491f9e0_0;
    %flag_set/vec4 9;
    %flag_get/vec4 9;
    %jmp/0 T_44.4, 9;
    %load/vec4 v000002232491f8a0_0;
    %pad/u 8;
    %pushi/vec4 43, 0, 8;
    %cmp/e;
    %flag_get/vec4 4;
    %and;
T_44.4;
    %flag_set/vec4 8;
    %jmp/0xz  T_44.2, 8;
    %load/vec4 v000002232491f940_0;
    %ix/load 3, 43, 0;
    %flag_set/imm 4, 0;
    %ix/load 4, 0, 0; Constant delay
    %assign/vec4/a/d v000002232491f4e0, 0, 4;
T_44.2 ;
T_44.1 ;
    %jmp T_44;
    .thread T_44;
    .scope S_00000223249e2c60;
T_45 ;
    %wait E_00000223249361f0;
    %load/vec4 v000002232491f6c0_0;
    %flag_set/vec4 8;
    %jmp/0xz  T_45.0, 8;
    %pushi/vec4 0, 0, 4;
    %ix/load 3, 44, 0;
    %flag_set/imm 4, 0;
    %ix/load 4, 0, 0; Constant delay
    %assign/vec4/a/d v000002232491f4e0, 0, 4;
    %jmp T_45.1;
T_45.0 ;
    %load/vec4 v000002232491f9e0_0;
    %flag_set/vec4 9;
    %flag_get/vec4 9;
    %jmp/0 T_45.4, 9;
    %load/vec4 v000002232491f8a0_0;
    %pad/u 8;
    %pushi/vec4 44, 0, 8;
    %cmp/e;
    %flag_get/vec4 4;
    %and;
T_45.4;
    %flag_set/vec4 8;
    %jmp/0xz  T_45.2, 8;
    %load/vec4 v000002232491f940_0;
    %ix/load 3, 44, 0;
    %flag_set/imm 4, 0;
    %ix/load 4, 0, 0; Constant delay
    %assign/vec4/a/d v000002232491f4e0, 0, 4;
T_45.2 ;
T_45.1 ;
    %jmp T_45;
    .thread T_45;
    .scope S_00000223249e3110;
T_46 ;
    %wait E_00000223249361f0;
    %load/vec4 v000002232491f6c0_0;
    %flag_set/vec4 8;
    %jmp/0xz  T_46.0, 8;
    %pushi/vec4 0, 0, 4;
    %ix/load 3, 45, 0;
    %flag_set/imm 4, 0;
    %ix/load 4, 0, 0; Constant delay
    %assign/vec4/a/d v000002232491f4e0, 0, 4;
    %jmp T_46.1;
T_46.0 ;
    %load/vec4 v000002232491f9e0_0;
    %flag_set/vec4 9;
    %flag_get/vec4 9;
    %jmp/0 T_46.4, 9;
    %load/vec4 v000002232491f8a0_0;
    %pad/u 8;
    %pushi/vec4 45, 0, 8;
    %cmp/e;
    %flag_get/vec4 4;
    %and;
T_46.4;
    %flag_set/vec4 8;
    %jmp/0xz  T_46.2, 8;
    %load/vec4 v000002232491f940_0;
    %ix/load 3, 45, 0;
    %flag_set/imm 4, 0;
    %ix/load 4, 0, 0; Constant delay
    %assign/vec4/a/d v000002232491f4e0, 0, 4;
T_46.2 ;
T_46.1 ;
    %jmp T_46;
    .thread T_46;
    .scope S_00000223249e35c0;
T_47 ;
    %wait E_00000223249361f0;
    %load/vec4 v000002232491f6c0_0;
    %flag_set/vec4 8;
    %jmp/0xz  T_47.0, 8;
    %pushi/vec4 0, 0, 4;
    %ix/load 3, 46, 0;
    %flag_set/imm 4, 0;
    %ix/load 4, 0, 0; Constant delay
    %assign/vec4/a/d v000002232491f4e0, 0, 4;
    %jmp T_47.1;
T_47.0 ;
    %load/vec4 v000002232491f9e0_0;
    %flag_set/vec4 9;
    %flag_get/vec4 9;
    %jmp/0 T_47.4, 9;
    %load/vec4 v000002232491f8a0_0;
    %pad/u 8;
    %pushi/vec4 46, 0, 8;
    %cmp/e;
    %flag_get/vec4 4;
    %and;
T_47.4;
    %flag_set/vec4 8;
    %jmp/0xz  T_47.2, 8;
    %load/vec4 v000002232491f940_0;
    %ix/load 3, 46, 0;
    %flag_set/imm 4, 0;
    %ix/load 4, 0, 0; Constant delay
    %assign/vec4/a/d v000002232491f4e0, 0, 4;
T_47.2 ;
T_47.1 ;
    %jmp T_47;
    .thread T_47;
    .scope S_00000223249e2df0;
T_48 ;
    %wait E_00000223249361f0;
    %load/vec4 v000002232491f6c0_0;
    %flag_set/vec4 8;
    %jmp/0xz  T_48.0, 8;
    %pushi/vec4 0, 0, 4;
    %ix/load 3, 47, 0;
    %flag_set/imm 4, 0;
    %ix/load 4, 0, 0; Constant delay
    %assign/vec4/a/d v000002232491f4e0, 0, 4;
    %jmp T_48.1;
T_48.0 ;
    %load/vec4 v000002232491f9e0_0;
    %flag_set/vec4 9;
    %flag_get/vec4 9;
    %jmp/0 T_48.4, 9;
    %load/vec4 v000002232491f8a0_0;
    %pad/u 8;
    %pushi/vec4 47, 0, 8;
    %cmp/e;
    %flag_get/vec4 4;
    %and;
T_48.4;
    %flag_set/vec4 8;
    %jmp/0xz  T_48.2, 8;
    %load/vec4 v000002232491f940_0;
    %ix/load 3, 47, 0;
    %flag_set/imm 4, 0;
    %ix/load 4, 0, 0; Constant delay
    %assign/vec4/a/d v000002232491f4e0, 0, 4;
T_48.2 ;
T_48.1 ;
    %jmp T_48;
    .thread T_48;
    .scope S_00000223249e2f80;
T_49 ;
    %wait E_00000223249361f0;
    %load/vec4 v000002232491f6c0_0;
    %flag_set/vec4 8;
    %jmp/0xz  T_49.0, 8;
    %pushi/vec4 0, 0, 4;
    %ix/load 3, 48, 0;
    %flag_set/imm 4, 0;
    %ix/load 4, 0, 0; Constant delay
    %assign/vec4/a/d v000002232491f4e0, 0, 4;
    %jmp T_49.1;
T_49.0 ;
    %load/vec4 v000002232491f9e0_0;
    %flag_set/vec4 9;
    %flag_get/vec4 9;
    %jmp/0 T_49.4, 9;
    %load/vec4 v000002232491f8a0_0;
    %pad/u 8;
    %pushi/vec4 48, 0, 8;
    %cmp/e;
    %flag_get/vec4 4;
    %and;
T_49.4;
    %flag_set/vec4 8;
    %jmp/0xz  T_49.2, 8;
    %load/vec4 v000002232491f940_0;
    %ix/load 3, 48, 0;
    %flag_set/imm 4, 0;
    %ix/load 4, 0, 0; Constant delay
    %assign/vec4/a/d v000002232491f4e0, 0, 4;
T_49.2 ;
T_49.1 ;
    %jmp T_49;
    .thread T_49;
    .scope S_00000223249e32a0;
T_50 ;
    %wait E_00000223249361f0;
    %load/vec4 v000002232491f6c0_0;
    %flag_set/vec4 8;
    %jmp/0xz  T_50.0, 8;
    %pushi/vec4 0, 0, 4;
    %ix/load 3, 49, 0;
    %flag_set/imm 4, 0;
    %ix/load 4, 0, 0; Constant delay
    %assign/vec4/a/d v000002232491f4e0, 0, 4;
    %jmp T_50.1;
T_50.0 ;
    %load/vec4 v000002232491f9e0_0;
    %flag_set/vec4 9;
    %flag_get/vec4 9;
    %jmp/0 T_50.4, 9;
    %load/vec4 v000002232491f8a0_0;
    %pad/u 8;
    %pushi/vec4 49, 0, 8;
    %cmp/e;
    %flag_get/vec4 4;
    %and;
T_50.4;
    %flag_set/vec4 8;
    %jmp/0xz  T_50.2, 8;
    %load/vec4 v000002232491f940_0;
    %ix/load 3, 49, 0;
    %flag_set/imm 4, 0;
    %ix/load 4, 0, 0; Constant delay
    %assign/vec4/a/d v000002232491f4e0, 0, 4;
T_50.2 ;
T_50.1 ;
    %jmp T_50;
    .thread T_50;
    .scope S_00000223249e2170;
T_51 ;
    %wait E_00000223249361f0;
    %load/vec4 v000002232491f6c0_0;
    %flag_set/vec4 8;
    %jmp/0xz  T_51.0, 8;
    %pushi/vec4 0, 0, 4;
    %ix/load 3, 50, 0;
    %flag_set/imm 4, 0;
    %ix/load 4, 0, 0; Constant delay
    %assign/vec4/a/d v000002232491f4e0, 0, 4;
    %jmp T_51.1;
T_51.0 ;
    %load/vec4 v000002232491f9e0_0;
    %flag_set/vec4 9;
    %flag_get/vec4 9;
    %jmp/0 T_51.4, 9;
    %load/vec4 v000002232491f8a0_0;
    %pad/u 8;
    %pushi/vec4 50, 0, 8;
    %cmp/e;
    %flag_get/vec4 4;
    %and;
T_51.4;
    %flag_set/vec4 8;
    %jmp/0xz  T_51.2, 8;
    %load/vec4 v000002232491f940_0;
    %ix/load 3, 50, 0;
    %flag_set/imm 4, 0;
    %ix/load 4, 0, 0; Constant delay
    %assign/vec4/a/d v000002232491f4e0, 0, 4;
T_51.2 ;
T_51.1 ;
    %jmp T_51;
    .thread T_51;
    .scope S_00000223249e2300;
T_52 ;
    %wait E_00000223249361f0;
    %load/vec4 v000002232491f6c0_0;
    %flag_set/vec4 8;
    %jmp/0xz  T_52.0, 8;
    %pushi/vec4 0, 0, 4;
    %ix/load 3, 51, 0;
    %flag_set/imm 4, 0;
    %ix/load 4, 0, 0; Constant delay
    %assign/vec4/a/d v000002232491f4e0, 0, 4;
    %jmp T_52.1;
T_52.0 ;
    %load/vec4 v000002232491f9e0_0;
    %flag_set/vec4 9;
    %flag_get/vec4 9;
    %jmp/0 T_52.4, 9;
    %load/vec4 v000002232491f8a0_0;
    %pad/u 8;
    %pushi/vec4 51, 0, 8;
    %cmp/e;
    %flag_get/vec4 4;
    %and;
T_52.4;
    %flag_set/vec4 8;
    %jmp/0xz  T_52.2, 8;
    %load/vec4 v000002232491f940_0;
    %ix/load 3, 51, 0;
    %flag_set/imm 4, 0;
    %ix/load 4, 0, 0; Constant delay
    %assign/vec4/a/d v000002232491f4e0, 0, 4;
T_52.2 ;
T_52.1 ;
    %jmp T_52;
    .thread T_52;
    .scope S_00000223249e3750;
T_53 ;
    %wait E_00000223249361f0;
    %load/vec4 v000002232491f6c0_0;
    %flag_set/vec4 8;
    %jmp/0xz  T_53.0, 8;
    %pushi/vec4 0, 0, 4;
    %ix/load 3, 52, 0;
    %flag_set/imm 4, 0;
    %ix/load 4, 0, 0; Constant delay
    %assign/vec4/a/d v000002232491f4e0, 0, 4;
    %jmp T_53.1;
T_53.0 ;
    %load/vec4 v000002232491f9e0_0;
    %flag_set/vec4 9;
    %flag_get/vec4 9;
    %jmp/0 T_53.4, 9;
    %load/vec4 v000002232491f8a0_0;
    %pad/u 8;
    %pushi/vec4 52, 0, 8;
    %cmp/e;
    %flag_get/vec4 4;
    %and;
T_53.4;
    %flag_set/vec4 8;
    %jmp/0xz  T_53.2, 8;
    %load/vec4 v000002232491f940_0;
    %ix/load 3, 52, 0;
    %flag_set/imm 4, 0;
    %ix/load 4, 0, 0; Constant delay
    %assign/vec4/a/d v000002232491f4e0, 0, 4;
T_53.2 ;
T_53.1 ;
    %jmp T_53;
    .thread T_53;
    .scope S_00000223249e2490;
T_54 ;
    %wait E_00000223249361f0;
    %load/vec4 v000002232491f6c0_0;
    %flag_set/vec4 8;
    %jmp/0xz  T_54.0, 8;
    %pushi/vec4 0, 0, 4;
    %ix/load 3, 53, 0;
    %flag_set/imm 4, 0;
    %ix/load 4, 0, 0; Constant delay
    %assign/vec4/a/d v000002232491f4e0, 0, 4;
    %jmp T_54.1;
T_54.0 ;
    %load/vec4 v000002232491f9e0_0;
    %flag_set/vec4 9;
    %flag_get/vec4 9;
    %jmp/0 T_54.4, 9;
    %load/vec4 v000002232491f8a0_0;
    %pad/u 8;
    %pushi/vec4 53, 0, 8;
    %cmp/e;
    %flag_get/vec4 4;
    %and;
T_54.4;
    %flag_set/vec4 8;
    %jmp/0xz  T_54.2, 8;
    %load/vec4 v000002232491f940_0;
    %ix/load 3, 53, 0;
    %flag_set/imm 4, 0;
    %ix/load 4, 0, 0; Constant delay
    %assign/vec4/a/d v000002232491f4e0, 0, 4;
T_54.2 ;
T_54.1 ;
    %jmp T_54;
    .thread T_54;
    .scope S_00000223249e3c00;
T_55 ;
    %wait E_00000223249361f0;
    %load/vec4 v000002232491f6c0_0;
    %flag_set/vec4 8;
    %jmp/0xz  T_55.0, 8;
    %pushi/vec4 0, 0, 4;
    %ix/load 3, 54, 0;
    %flag_set/imm 4, 0;
    %ix/load 4, 0, 0; Constant delay
    %assign/vec4/a/d v000002232491f4e0, 0, 4;
    %jmp T_55.1;
T_55.0 ;
    %load/vec4 v000002232491f9e0_0;
    %flag_set/vec4 9;
    %flag_get/vec4 9;
    %jmp/0 T_55.4, 9;
    %load/vec4 v000002232491f8a0_0;
    %pad/u 8;
    %pushi/vec4 54, 0, 8;
    %cmp/e;
    %flag_get/vec4 4;
    %and;
T_55.4;
    %flag_set/vec4 8;
    %jmp/0xz  T_55.2, 8;
    %load/vec4 v000002232491f940_0;
    %ix/load 3, 54, 0;
    %flag_set/imm 4, 0;
    %ix/load 4, 0, 0; Constant delay
    %assign/vec4/a/d v000002232491f4e0, 0, 4;
T_55.2 ;
T_55.1 ;
    %jmp T_55;
    .thread T_55;
    .scope S_00000223249e38e0;
T_56 ;
    %wait E_00000223249361f0;
    %load/vec4 v000002232491f6c0_0;
    %flag_set/vec4 8;
    %jmp/0xz  T_56.0, 8;
    %pushi/vec4 0, 0, 4;
    %ix/load 3, 55, 0;
    %flag_set/imm 4, 0;
    %ix/load 4, 0, 0; Constant delay
    %assign/vec4/a/d v000002232491f4e0, 0, 4;
    %jmp T_56.1;
T_56.0 ;
    %load/vec4 v000002232491f9e0_0;
    %flag_set/vec4 9;
    %flag_get/vec4 9;
    %jmp/0 T_56.4, 9;
    %load/vec4 v000002232491f8a0_0;
    %pad/u 8;
    %pushi/vec4 55, 0, 8;
    %cmp/e;
    %flag_get/vec4 4;
    %and;
T_56.4;
    %flag_set/vec4 8;
    %jmp/0xz  T_56.2, 8;
    %load/vec4 v000002232491f940_0;
    %ix/load 3, 55, 0;
    %flag_set/imm 4, 0;
    %ix/load 4, 0, 0; Constant delay
    %assign/vec4/a/d v000002232491f4e0, 0, 4;
T_56.2 ;
T_56.1 ;
    %jmp T_56;
    .thread T_56;
    .scope S_00000223249e3a70;
T_57 ;
    %wait E_00000223249361f0;
    %load/vec4 v000002232491f6c0_0;
    %flag_set/vec4 8;
    %jmp/0xz  T_57.0, 8;
    %pushi/vec4 0, 0, 4;
    %ix/load 3, 56, 0;
    %flag_set/imm 4, 0;
    %ix/load 4, 0, 0; Constant delay
    %assign/vec4/a/d v000002232491f4e0, 0, 4;
    %jmp T_57.1;
T_57.0 ;
    %load/vec4 v000002232491f9e0_0;
    %flag_set/vec4 9;
    %flag_get/vec4 9;
    %jmp/0 T_57.4, 9;
    %load/vec4 v000002232491f8a0_0;
    %pad/u 8;
    %pushi/vec4 56, 0, 8;
    %cmp/e;
    %flag_get/vec4 4;
    %and;
T_57.4;
    %flag_set/vec4 8;
    %jmp/0xz  T_57.2, 8;
    %load/vec4 v000002232491f940_0;
    %ix/load 3, 56, 0;
    %flag_set/imm 4, 0;
    %ix/load 4, 0, 0; Constant delay
    %assign/vec4/a/d v000002232491f4e0, 0, 4;
T_57.2 ;
T_57.1 ;
    %jmp T_57;
    .thread T_57;
    .scope S_00000223249e2620;
T_58 ;
    %wait E_00000223249361f0;
    %load/vec4 v000002232491f6c0_0;
    %flag_set/vec4 8;
    %jmp/0xz  T_58.0, 8;
    %pushi/vec4 0, 0, 4;
    %ix/load 3, 57, 0;
    %flag_set/imm 4, 0;
    %ix/load 4, 0, 0; Constant delay
    %assign/vec4/a/d v000002232491f4e0, 0, 4;
    %jmp T_58.1;
T_58.0 ;
    %load/vec4 v000002232491f9e0_0;
    %flag_set/vec4 9;
    %flag_get/vec4 9;
    %jmp/0 T_58.4, 9;
    %load/vec4 v000002232491f8a0_0;
    %pad/u 8;
    %pushi/vec4 57, 0, 8;
    %cmp/e;
    %flag_get/vec4 4;
    %and;
T_58.4;
    %flag_set/vec4 8;
    %jmp/0xz  T_58.2, 8;
    %load/vec4 v000002232491f940_0;
    %ix/load 3, 57, 0;
    %flag_set/imm 4, 0;
    %ix/load 4, 0, 0; Constant delay
    %assign/vec4/a/d v000002232491f4e0, 0, 4;
T_58.2 ;
T_58.1 ;
    %jmp T_58;
    .thread T_58;
    .scope S_00000223249e27b0;
T_59 ;
    %wait E_00000223249361f0;
    %load/vec4 v000002232491f6c0_0;
    %flag_set/vec4 8;
    %jmp/0xz  T_59.0, 8;
    %pushi/vec4 0, 0, 4;
    %ix/load 3, 58, 0;
    %flag_set/imm 4, 0;
    %ix/load 4, 0, 0; Constant delay
    %assign/vec4/a/d v000002232491f4e0, 0, 4;
    %jmp T_59.1;
T_59.0 ;
    %load/vec4 v000002232491f9e0_0;
    %flag_set/vec4 9;
    %flag_get/vec4 9;
    %jmp/0 T_59.4, 9;
    %load/vec4 v000002232491f8a0_0;
    %pad/u 8;
    %pushi/vec4 58, 0, 8;
    %cmp/e;
    %flag_get/vec4 4;
    %and;
T_59.4;
    %flag_set/vec4 8;
    %jmp/0xz  T_59.2, 8;
    %load/vec4 v000002232491f940_0;
    %ix/load 3, 58, 0;
    %flag_set/imm 4, 0;
    %ix/load 4, 0, 0; Constant delay
    %assign/vec4/a/d v000002232491f4e0, 0, 4;
T_59.2 ;
T_59.1 ;
    %jmp T_59;
    .thread T_59;
    .scope S_00000223249e2940;
T_60 ;
    %wait E_00000223249361f0;
    %load/vec4 v000002232491f6c0_0;
    %flag_set/vec4 8;
    %jmp/0xz  T_60.0, 8;
    %pushi/vec4 0, 0, 4;
    %ix/load 3, 59, 0;
    %flag_set/imm 4, 0;
    %ix/load 4, 0, 0; Constant delay
    %assign/vec4/a/d v000002232491f4e0, 0, 4;
    %jmp T_60.1;
T_60.0 ;
    %load/vec4 v000002232491f9e0_0;
    %flag_set/vec4 9;
    %flag_get/vec4 9;
    %jmp/0 T_60.4, 9;
    %load/vec4 v000002232491f8a0_0;
    %pad/u 8;
    %pushi/vec4 59, 0, 8;
    %cmp/e;
    %flag_get/vec4 4;
    %and;
T_60.4;
    %flag_set/vec4 8;
    %jmp/0xz  T_60.2, 8;
    %load/vec4 v000002232491f940_0;
    %ix/load 3, 59, 0;
    %flag_set/imm 4, 0;
    %ix/load 4, 0, 0; Constant delay
    %assign/vec4/a/d v000002232491f4e0, 0, 4;
T_60.2 ;
T_60.1 ;
    %jmp T_60;
    .thread T_60;
    .scope S_00000223249e2ad0;
T_61 ;
    %wait E_00000223249361f0;
    %load/vec4 v000002232491f6c0_0;
    %flag_set/vec4 8;
    %jmp/0xz  T_61.0, 8;
    %pushi/vec4 0, 0, 4;
    %ix/load 3, 60, 0;
    %flag_set/imm 4, 0;
    %ix/load 4, 0, 0; Constant delay
    %assign/vec4/a/d v000002232491f4e0, 0, 4;
    %jmp T_61.1;
T_61.0 ;
    %load/vec4 v000002232491f9e0_0;
    %flag_set/vec4 9;
    %flag_get/vec4 9;
    %jmp/0 T_61.4, 9;
    %load/vec4 v000002232491f8a0_0;
    %pad/u 8;
    %pushi/vec4 60, 0, 8;
    %cmp/e;
    %flag_get/vec4 4;
    %and;
T_61.4;
    %flag_set/vec4 8;
    %jmp/0xz  T_61.2, 8;
    %load/vec4 v000002232491f940_0;
    %ix/load 3, 60, 0;
    %flag_set/imm 4, 0;
    %ix/load 4, 0, 0; Constant delay
    %assign/vec4/a/d v000002232491f4e0, 0, 4;
T_61.2 ;
T_61.1 ;
    %jmp T_61;
    .thread T_61;
    .scope S_00000223249e5a80;
T_62 ;
    %wait E_00000223249361f0;
    %load/vec4 v000002232491f6c0_0;
    %flag_set/vec4 8;
    %jmp/0xz  T_62.0, 8;
    %pushi/vec4 0, 0, 4;
    %ix/load 3, 61, 0;
    %flag_set/imm 4, 0;
    %ix/load 4, 0, 0; Constant delay
    %assign/vec4/a/d v000002232491f4e0, 0, 4;
    %jmp T_62.1;
T_62.0 ;
    %load/vec4 v000002232491f9e0_0;
    %flag_set/vec4 9;
    %flag_get/vec4 9;
    %jmp/0 T_62.4, 9;
    %load/vec4 v000002232491f8a0_0;
    %pad/u 8;
    %pushi/vec4 61, 0, 8;
    %cmp/e;
    %flag_get/vec4 4;
    %and;
T_62.4;
    %flag_set/vec4 8;
    %jmp/0xz  T_62.2, 8;
    %load/vec4 v000002232491f940_0;
    %ix/load 3, 61, 0;
    %flag_set/imm 4, 0;
    %ix/load 4, 0, 0; Constant delay
    %assign/vec4/a/d v000002232491f4e0, 0, 4;
T_62.2 ;
T_62.1 ;
    %jmp T_62;
    .thread T_62;
    .scope S_00000223249e5c10;
T_63 ;
    %wait E_00000223249361f0;
    %load/vec4 v000002232491f6c0_0;
    %flag_set/vec4 8;
    %jmp/0xz  T_63.0, 8;
    %pushi/vec4 0, 0, 4;
    %ix/load 3, 62, 0;
    %flag_set/imm 4, 0;
    %ix/load 4, 0, 0; Constant delay
    %assign/vec4/a/d v000002232491f4e0, 0, 4;
    %jmp T_63.1;
T_63.0 ;
    %load/vec4 v000002232491f9e0_0;
    %flag_set/vec4 9;
    %flag_get/vec4 9;
    %jmp/0 T_63.4, 9;
    %load/vec4 v000002232491f8a0_0;
    %pad/u 8;
    %pushi/vec4 62, 0, 8;
    %cmp/e;
    %flag_get/vec4 4;
    %and;
T_63.4;
    %flag_set/vec4 8;
    %jmp/0xz  T_63.2, 8;
    %load/vec4 v000002232491f940_0;
    %ix/load 3, 62, 0;
    %flag_set/imm 4, 0;
    %ix/load 4, 0, 0; Constant delay
    %assign/vec4/a/d v000002232491f4e0, 0, 4;
T_63.2 ;
T_63.1 ;
    %jmp T_63;
    .thread T_63;
    .scope S_00000223249e5da0;
T_64 ;
    %wait E_00000223249361f0;
    %load/vec4 v000002232491f6c0_0;
    %flag_set/vec4 8;
    %jmp/0xz  T_64.0, 8;
    %pushi/vec4 0, 0, 4;
    %ix/load 3, 63, 0;
    %flag_set/imm 4, 0;
    %ix/load 4, 0, 0; Constant delay
    %assign/vec4/a/d v000002232491f4e0, 0, 4;
    %jmp T_64.1;
T_64.0 ;
    %load/vec4 v000002232491f9e0_0;
    %flag_set/vec4 9;
    %flag_get/vec4 9;
    %jmp/0 T_64.4, 9;
    %load/vec4 v000002232491f8a0_0;
    %pad/u 8;
    %pushi/vec4 63, 0, 8;
    %cmp/e;
    %flag_get/vec4 4;
    %and;
T_64.4;
    %flag_set/vec4 8;
    %jmp/0xz  T_64.2, 8;
    %load/vec4 v000002232491f940_0;
    %ix/load 3, 63, 0;
    %flag_set/imm 4, 0;
    %ix/load 4, 0, 0; Constant delay
    %assign/vec4/a/d v000002232491f4e0, 0, 4;
T_64.2 ;
T_64.1 ;
    %jmp T_64;
    .thread T_64;
    .scope S_00000223248bcc80;
T_65 ;
    %wait E_00000223249361f0;
    %load/vec4 v00000223249e6230_0;
    %pad/u 32;
    %cmpi/e 1, 0, 32;
    %jmp/0xz  T_65.0, 4;
    %pushi/vec4 0, 0, 6;
    %assign/vec4 v00000223249e67d0_0, 0;
    %pushi/vec4 0, 0, 6;
    %assign/vec4 v00000223249e6410_0, 0;
    %load/vec4 v00000223249e7950_0;
    %assign/vec4 v00000223249e6550_0, 0;
    %jmp T_65.1;
T_65.0 ;
    %load/vec4 v00000223249e6eb0_0;
    %pad/u 32;
    %cmpi/e 1, 0, 32;
    %jmp/0xz  T_65.2, 4;
    %pushi/vec4 0, 0, 6;
    %assign/vec4 v00000223249e67d0_0, 0;
    %jmp T_65.3;
T_65.2 ;
    %load/vec4 v00000223249e62d0_0;
    %pad/u 32;
    %cmpi/e 1, 0, 32;
    %jmp/0xz  T_65.4, 4;
    %load/vec4 v00000223249e67d0_0;
    %addi 1, 0, 6;
    %assign/vec4 v00000223249e67d0_0, 0;
T_65.4 ;
T_65.3 ;
    %load/vec4 v00000223249e7090_0;
    %pad/u 32;
    %cmpi/e 1, 0, 32;
    %jmp/0xz  T_65.6, 4;
    %load/vec4 v00000223249e6410_0;
    %addi 1, 0, 6;
    %assign/vec4 v00000223249e6410_0, 0;
T_65.6 ;
T_65.1 ;
    %jmp T_65;
    .thread T_65;
    .scope S_00000223248c8c40;
T_66 ;
    %wait E_00000223249362b0;
    %pushi/vec4 0, 0, 1;
    %store/vec4 v000002232491ea40_0, 0, 1;
    %pushi/vec4 0, 0, 1;
    %store/vec4 v000002232491e9a0_0, 0, 1;
    %pushi/vec4 0, 0, 1;
    %store/vec4 v000002232491eb80_0, 0, 1;
    %pushi/vec4 0, 0, 1;
    %store/vec4 v000002232491f800_0, 0, 1;
    %pushi/vec4 0, 0, 1;
    %store/vec4 v000002232491e720_0, 0, 1;
    %pushi/vec4 0, 0, 1;
    %store/vec4 v000002232491fd00_0, 0, 1;
    %pushi/vec4 0, 0, 1;
    %store/vec4 v000002232491e900_0, 0, 1;
    %pushi/vec4 0, 0, 1;
    %store/vec4 v000002232491f580_0, 0, 1;
    %load/vec4 v000002232491f1c0_0;
    %flag_set/vec4 8;
    %jmp/0xz  T_66.0, 8;
    %pushi/vec4 1, 0, 1;
    %store/vec4 v000002232491f580_0, 0, 1;
T_66.0 ;
    %load/vec4 v000002232491f620_0;
    %dup/vec4;
    %pushi/vec4 0, 0, 2;
    %cmp/u;
    %jmp/1 T_66.2, 6;
    %dup/vec4;
    %pushi/vec4 1, 0, 2;
    %cmp/u;
    %jmp/1 T_66.3, 6;
    %dup/vec4;
    %pushi/vec4 2, 0, 2;
    %cmp/u;
    %jmp/1 T_66.4, 6;
    %dup/vec4;
    %pushi/vec4 3, 0, 2;
    %cmp/u;
    %jmp/1 T_66.5, 6;
    %jmp T_66.6;
T_66.2 ;
    %pushi/vec4 1, 0, 3;
    %store/vec4 v000002232491efe0_0, 0, 3;
    %pushi/vec4 1, 0, 1;
    %store/vec4 v000002232491ea40_0, 0, 1;
    %load/vec4 v000002232491e220_0;
    %flag_set/vec4 8;
    %jmp/0xz  T_66.7, 8;
    %pushi/vec4 1, 0, 1;
    %store/vec4 v000002232491fd00_0, 0, 1;
T_66.7 ;
    %jmp T_66.6;
T_66.3 ;
    %pushi/vec4 2, 0, 3;
    %store/vec4 v000002232491efe0_0, 0, 3;
    %pushi/vec4 1, 0, 1;
    %store/vec4 v000002232491e9a0_0, 0, 1;
    %pushi/vec4 1, 0, 1;
    %store/vec4 v000002232491e900_0, 0, 1;
    %load/vec4 v000002232491e7c0_0;
    %flag_set/vec4 8;
    %jmp/0xz  T_66.9, 8;
    %pushi/vec4 1, 0, 1;
    %store/vec4 v000002232491fd00_0, 0, 1;
T_66.9 ;
    %jmp T_66.6;
T_66.4 ;
    %pushi/vec4 4, 0, 3;
    %store/vec4 v000002232491efe0_0, 0, 3;
    %pushi/vec4 1, 0, 1;
    %store/vec4 v000002232491eb80_0, 0, 1;
    %pushi/vec4 1, 0, 1;
    %store/vec4 v000002232491e900_0, 0, 1;
    %load/vec4 v000002232491f440_0;
    %load/vec4 v000002232491e7c0_0;
    %and;
    %flag_set/vec4 8;
    %jmp/0xz  T_66.11, 8;
    %pushi/vec4 1, 0, 1;
    %store/vec4 v000002232491e720_0, 0, 1;
    %jmp T_66.12;
T_66.11 ;
    %load/vec4 v000002232491f440_0;
    %nor/r;
    %flag_set/vec4 8;
    %jmp/0xz  T_66.13, 8;
    %pushi/vec4 1, 0, 1;
    %store/vec4 v000002232491fd00_0, 0, 1;
T_66.13 ;
T_66.12 ;
    %jmp T_66.6;
T_66.5 ;
    %pushi/vec4 7, 0, 3;
    %store/vec4 v000002232491efe0_0, 0, 3;
    %pushi/vec4 1, 0, 1;
    %store/vec4 v000002232491f800_0, 0, 1;
    %load/vec4 v000002232491e7c0_0;
    %flag_set/vec4 8;
    %jmp/0xz  T_66.15, 8;
    %pushi/vec4 1, 0, 1;
    %store/vec4 v000002232491fd00_0, 0, 1;
    %jmp T_66.16;
T_66.15 ;
    %pushi/vec4 1, 0, 1;
    %store/vec4 v000002232491e900_0, 0, 1;
T_66.16 ;
    %jmp T_66.6;
T_66.6 ;
    %pop/vec4 1;
    %jmp T_66;
    .thread T_66, $push;
    .scope S_00000223248c8c40;
T_67 ;
    %wait E_0000022324935bb0;
    %load/vec4 v000002232491f620_0;
    %store/vec4 v000002232491f120_0, 0, 2;
    %load/vec4 v000002232491f620_0;
    %dup/vec4;
    %pushi/vec4 0, 0, 2;
    %cmp/u;
    %jmp/1 T_67.0, 6;
    %dup/vec4;
    %pushi/vec4 1, 0, 2;
    %cmp/u;
    %jmp/1 T_67.1, 6;
    %dup/vec4;
    %pushi/vec4 2, 0, 2;
    %cmp/u;
    %jmp/1 T_67.2, 6;
    %jmp T_67.3;
T_67.0 ;
    %load/vec4 v000002232491e220_0;
    %flag_set/vec4 8;
    %jmp/0xz  T_67.4, 8;
    %pushi/vec4 1, 0, 2;
    %store/vec4 v000002232491f120_0, 0, 2;
T_67.4 ;
    %jmp T_67.3;
T_67.1 ;
    %load/vec4 v000002232491e7c0_0;
    %flag_set/vec4 8;
    %jmp/0xz  T_67.6, 8;
    %pushi/vec4 2, 0, 2;
    %store/vec4 v000002232491f120_0, 0, 2;
T_67.6 ;
    %jmp T_67.3;
T_67.2 ;
    %load/vec4 v000002232491f440_0;
    %load/vec4 v000002232491e7c0_0;
    %and;
    %flag_set/vec4 8;
    %jmp/0xz  T_67.8, 8;
    %pushi/vec4 0, 0, 2;
    %store/vec4 v000002232491f120_0, 0, 2;
    %jmp T_67.9;
T_67.8 ;
    %load/vec4 v000002232491f440_0;
    %nor/r;
    %flag_set/vec4 8;
    %jmp/0xz  T_67.10, 8;
    %pushi/vec4 3, 0, 2;
    %store/vec4 v000002232491f120_0, 0, 2;
T_67.10 ;
T_67.9 ;
    %jmp T_67.3;
T_67.3 ;
    %pop/vec4 1;
    %jmp T_67;
    .thread T_67, $push;
    .scope S_00000223248c8c40;
T_68 ;
    %wait E_00000223249361f0;
    %load/vec4 v000002232491f1c0_0;
    %flag_set/vec4 8;
    %jmp/0xz  T_68.0, 8;
    %pushi/vec4 0, 0, 2;
    %assign/vec4 v000002232491f620_0, 0;
    %jmp T_68.1;
T_68.0 ;
    %load/vec4 v000002232491f120_0;
    %assign/vec4 v000002232491f620_0, 0;
T_68.1 ;
    %jmp T_68;
    .thread T_68;
    .scope S_00000223249078c0;
T_69 ;
    %pushi/vec4 0, 0, 1;
    %store/vec4 v00000223249e7270_0, 0, 1;
    %pushi/vec4 0, 0, 1;
    %store/vec4 v00000223249e98c0_0, 0, 1;
    %pushi/vec4 0, 0, 1;
    %store/vec4 v00000223249e8e20_0, 0, 1;
    %pushi/vec4 0, 0, 1;
    %store/vec4 v00000223249e9b40_0, 0, 1;
    %pushi/vec4 0, 0, 4;
    %store/vec4 v00000223249e9320_0, 0, 4;
    %pushi/vec4 0, 0, 8;
    %store/vec4 v00000223249e76d0_0, 0, 8;
    %end;
    .thread T_69;
    .scope S_00000223249078c0;
T_70 ;
    %vpi_call 3 45 "$dumpfile", "SimonTATest.vcd" {0 0 0};
    %vpi_call 3 46 "$dumpvars" {0 0 0};
    %pushi/vec4 0, 0, 32;
    %store/vec4 v00000223249e7770_0, 0, 32;
T_70.0 ;
    %load/vec4 v00000223249e7770_0;
    %cmpi/s 64, 0, 32;
    %jmp/0xz T_70.1, 5;
    %vpi_call 3 48 "$dumpvars", 32'sb00000000000000000000000000000000, &A<v000002232491f4e0, v00000223249e7770_0 > {0 0 0};
    %load/vec4 v00000223249e7770_0;
    %addi 1, 0, 32;
    %store/vec4 v00000223249e7770_0, 0, 32;
    %jmp T_70.0;
T_70.1 ;
    %end;
    .thread T_70;
    .scope S_00000223249078c0;
T_71 ;
    %vpi_call 3 67 "$display", "\012Entering Mode: %s\012-----------------------------------", "Unknown" {0 0 0};
    %vpi_call 3 68 "$display", "Setting %s to %s...", "rst", "1" {0 0 0};
    %delay 10, 0;
    %pushi/vec4 1, 0, 1;
    %store/vec4 v00000223249e8e20_0, 0, 1;
    %delay 10, 0;
    %vpi_call 3 69 "$display", "Pressing uclk..." {0 0 0};
    %delay 10, 0;
    %pushi/vec4 1, 0, 1;
    %store/vec4 v00000223249e7270_0, 0, 1;
    %delay 10, 0;
    %pushi/vec4 0, 0, 1;
    %store/vec4 v00000223249e7270_0, 0, 1;
    %delay 10, 0;
    %vpi_call 3 74 "$display", "\012Entering Mode: %s\012-----------------------------------", "Input" {0 0 0};
    %vpi_call 3 75 "$display", "Setting %s to %s...", "rst", "0" {0 0 0};
    %delay 10, 0;
    %pushi/vec4 0, 0, 1;
    %store/vec4 v00000223249e8e20_0, 0, 1;
    %delay 10, 0;
    %load/vec4 v00000223249e9640_0;
    %cmpi/ne 1, 0, 3;
    %jmp/0xz  T_71.0, 6;
    %vpi_call 3 79 "$display", "\011[FAILURE]:%s", "Mode should be input after reset!" {0 0 0};
    %load/vec4 v00000223249e76d0_0;
    %addi 1, 0, 8;
    %store/vec4 v00000223249e76d0_0, 0, 8;
T_71.0 ;
    %delay 0, 0;
    %load/vec4 v00000223249e8ba0_0;
    %load/vec4 v00000223249e9320_0;
    %cmp/ne;
    %jmp/0xz  T_71.2, 6;
    %vpi_call 3 80 "$display", "\011[FAILURE]:%s", "Pattern LEDs should match switches in input mode!" {0 0 0};
    %load/vec4 v00000223249e76d0_0;
    %addi 1, 0, 8;
    %store/vec4 v00000223249e76d0_0, 0, 8;
T_71.2 ;
    %delay 0, 0;
    %vpi_call 3 80 "$display", "Setting %s to %s...", "pattern", "4'b0001" {0 0 0};
    %delay 10, 0;
    %pushi/vec4 1, 0, 4;
    %store/vec4 v00000223249e9320_0, 0, 4;
    %delay 10, 0;
    %load/vec4 v00000223249e8ba0_0;
    %load/vec4 v00000223249e9320_0;
    %cmp/ne;
    %jmp/0xz  T_71.4, 6;
    %vpi_call 3 84 "$display", "\011[FAILURE]:%s", "Pattern LEDs should match switches in input mode!" {0 0 0};
    %load/vec4 v00000223249e76d0_0;
    %addi 1, 0, 8;
    %store/vec4 v00000223249e76d0_0, 0, 8;
T_71.4 ;
    %delay 0, 0;
    %vpi_call 3 84 "$display", "Pressing uclk..." {0 0 0};
    %delay 10, 0;
    %pushi/vec4 1, 0, 1;
    %store/vec4 v00000223249e7270_0, 0, 1;
    %delay 10, 0;
    %pushi/vec4 0, 0, 1;
    %store/vec4 v00000223249e7270_0, 0, 1;
    %delay 10, 0;
    %vpi_call 3 89 "$display", "\012Entering Mode: %s\012-----------------------------------", "Playback" {0 0 0};
    %load/vec4 v00000223249e9640_0;
    %cmpi/ne 2, 0, 3;
    %jmp/0xz  T_71.6, 6;
    %vpi_call 3 93 "$display", "\011[FAILURE]:%s", "Mode should go to playback after input!" {0 0 0};
    %load/vec4 v00000223249e76d0_0;
    %addi 1, 0, 8;
    %store/vec4 v00000223249e76d0_0, 0, 8;
T_71.6 ;
    %delay 0, 0;
    %vpi_call 3 93 "$display", "Setting %s to %s...", "pattern", "4'b0000" {0 0 0};
    %delay 10, 0;
    %pushi/vec4 0, 0, 4;
    %store/vec4 v00000223249e9320_0, 0, 4;
    %delay 10, 0;
    %load/vec4 v00000223249e8ba0_0;
    %cmpi/ne 1, 0, 4;
    %jmp/0xz  T_71.8, 6;
    %vpi_call 3 97 "$display", "\011[FAILURE]:%s", "Pattern LEDs should show first pattern in sequence!" {0 0 0};
    %load/vec4 v00000223249e76d0_0;
    %addi 1, 0, 8;
    %store/vec4 v00000223249e76d0_0, 0, 8;
T_71.8 ;
    %delay 0, 0;
    %vpi_call 3 97 "$display", "Pressing uclk..." {0 0 0};
    %delay 10, 0;
    %pushi/vec4 1, 0, 1;
    %store/vec4 v00000223249e7270_0, 0, 1;
    %delay 10, 0;
    %pushi/vec4 0, 0, 1;
    %store/vec4 v00000223249e7270_0, 0, 1;
    %delay 10, 0;
    %vpi_call 3 102 "$display", "\012Entering Mode: %s\012-----------------------------------", "Repeat" {0 0 0};
    %load/vec4 v00000223249e9640_0;
    %cmpi/ne 4, 0, 3;
    %jmp/0xz  T_71.10, 6;
    %vpi_call 3 106 "$display", "\011[FAILURE]:%s", "Mode should go to repeat after playback has ended!" {0 0 0};
    %load/vec4 v00000223249e76d0_0;
    %addi 1, 0, 8;
    %store/vec4 v00000223249e76d0_0, 0, 8;
T_71.10 ;
    %delay 0, 0;
    %vpi_call 3 106 "$display", "Setting %s to %s...", "pattern", "4'b0001" {0 0 0};
    %delay 10, 0;
    %pushi/vec4 1, 0, 4;
    %store/vec4 v00000223249e9320_0, 0, 4;
    %delay 10, 0;
    %load/vec4 v00000223249e8ba0_0;
    %cmpi/ne 1, 0, 4;
    %jmp/0xz  T_71.12, 6;
    %vpi_call 3 110 "$display", "\011[FAILURE]:%s", "Pattern LEDs should match switches in repeat mode" {0 0 0};
    %load/vec4 v00000223249e76d0_0;
    %addi 1, 0, 8;
    %store/vec4 v00000223249e76d0_0, 0, 8;
T_71.12 ;
    %delay 0, 0;
    %vpi_call 3 110 "$display", "Pressing uclk..." {0 0 0};
    %delay 10, 0;
    %pushi/vec4 1, 0, 1;
    %store/vec4 v00000223249e7270_0, 0, 1;
    %delay 10, 0;
    %pushi/vec4 0, 0, 1;
    %store/vec4 v00000223249e7270_0, 0, 1;
    %delay 10, 0;
    %vpi_call 3 115 "$display", "\012Entering Mode: %s\012-----------------------------------", "Input" {0 0 0};
    %load/vec4 v00000223249e9640_0;
    %cmpi/ne 1, 0, 3;
    %jmp/0xz  T_71.14, 6;
    %vpi_call 3 119 "$display", "\011[FAILURE]:%s", "Mode should be input after successful repeat!" {0 0 0};
    %load/vec4 v00000223249e76d0_0;
    %addi 1, 0, 8;
    %store/vec4 v00000223249e76d0_0, 0, 8;
T_71.14 ;
    %delay 0, 0;
    %vpi_call 3 119 "$display", "Setting %s to %s...", "level", "1" {0 0 0};
    %delay 10, 0;
    %pushi/vec4 1, 0, 1;
    %store/vec4 v00000223249e9b40_0, 0, 1;
    %delay 10, 0;
    %vpi_call 3 122 "$display", "Setting %s to %s...", "pattern", "4'b1010" {0 0 0};
    %delay 10, 0;
    %pushi/vec4 10, 0, 4;
    %store/vec4 v00000223249e9320_0, 0, 4;
    %delay 10, 0;
    %vpi_call 3 125 "$display", "Pressing uclk..." {0 0 0};
    %delay 10, 0;
    %pushi/vec4 1, 0, 1;
    %store/vec4 v00000223249e7270_0, 0, 1;
    %delay 10, 0;
    %pushi/vec4 0, 0, 1;
    %store/vec4 v00000223249e7270_0, 0, 1;
    %delay 10, 0;
    %load/vec4 v00000223249e9640_0;
    %cmpi/ne 1, 0, 3;
    %jmp/0xz  T_71.16, 6;
    %vpi_call 3 131 "$display", "\011[FAILURE]:%s", "Mode should remain in input if pattern invalid!" {0 0 0};
    %load/vec4 v00000223249e76d0_0;
    %addi 1, 0, 8;
    %store/vec4 v00000223249e76d0_0, 0, 8;
T_71.16 ;
    %delay 0, 0;
    %vpi_call 3 131 "$display", "Setting %s to %s...", "pattern", "4'b1000" {0 0 0};
    %delay 10, 0;
    %pushi/vec4 8, 0, 4;
    %store/vec4 v00000223249e9320_0, 0, 4;
    %delay 10, 0;
    %vpi_call 3 134 "$display", "Pressing uclk..." {0 0 0};
    %delay 10, 0;
    %pushi/vec4 1, 0, 1;
    %store/vec4 v00000223249e7270_0, 0, 1;
    %delay 10, 0;
    %pushi/vec4 0, 0, 1;
    %store/vec4 v00000223249e7270_0, 0, 1;
    %delay 10, 0;
    %vpi_call 3 139 "$display", "\012Entering Mode: %s\012-----------------------------------", "Playback" {0 0 0};
    %load/vec4 v00000223249e9640_0;
    %cmpi/ne 2, 0, 3;
    %jmp/0xz  T_71.18, 6;
    %vpi_call 3 143 "$display", "\011[FAILURE]:%s", "Mode should go to playback after input!" {0 0 0};
    %load/vec4 v00000223249e76d0_0;
    %addi 1, 0, 8;
    %store/vec4 v00000223249e76d0_0, 0, 8;
T_71.18 ;
    %delay 0, 0;
    %vpi_call 3 143 "$display", "Setting %s to %s...", "pattern", "4'b0000" {0 0 0};
    %delay 10, 0;
    %pushi/vec4 0, 0, 4;
    %store/vec4 v00000223249e9320_0, 0, 4;
    %delay 10, 0;
    %load/vec4 v00000223249e8ba0_0;
    %cmpi/ne 1, 0, 4;
    %jmp/0xz  T_71.20, 6;
    %vpi_call 3 147 "$display", "\011[FAILURE]:%s", "Pattern LEDs should show first pattern in sequence!" {0 0 0};
    %load/vec4 v00000223249e76d0_0;
    %addi 1, 0, 8;
    %store/vec4 v00000223249e76d0_0, 0, 8;
T_71.20 ;
    %delay 0, 0;
    %vpi_call 3 147 "$display", "Pressing uclk..." {0 0 0};
    %delay 10, 0;
    %pushi/vec4 1, 0, 1;
    %store/vec4 v00000223249e7270_0, 0, 1;
    %delay 10, 0;
    %pushi/vec4 0, 0, 1;
    %store/vec4 v00000223249e7270_0, 0, 1;
    %delay 10, 0;
    %load/vec4 v00000223249e8ba0_0;
    %cmpi/ne 8, 0, 4;
    %jmp/0xz  T_71.22, 6;
    %vpi_call 3 151 "$display", "\011[FAILURE]:%s", "Pattern LEDs should show second pattern in sequence!" {0 0 0};
    %load/vec4 v00000223249e76d0_0;
    %addi 1, 0, 8;
    %store/vec4 v00000223249e76d0_0, 0, 8;
T_71.22 ;
    %delay 0, 0;
    %vpi_call 3 151 "$display", "Pressing uclk..." {0 0 0};
    %delay 10, 0;
    %pushi/vec4 1, 0, 1;
    %store/vec4 v00000223249e7270_0, 0, 1;
    %delay 10, 0;
    %pushi/vec4 0, 0, 1;
    %store/vec4 v00000223249e7270_0, 0, 1;
    %delay 10, 0;
    %vpi_call 3 156 "$display", "\012Entering Mode: %s\012-----------------------------------", "Repeat" {0 0 0};
    %load/vec4 v00000223249e9640_0;
    %cmpi/ne 4, 0, 3;
    %jmp/0xz  T_71.24, 6;
    %vpi_call 3 160 "$display", "\011[FAILURE]:%s", "Mode should go to repeat after playback has ended!" {0 0 0};
    %load/vec4 v00000223249e76d0_0;
    %addi 1, 0, 8;
    %store/vec4 v00000223249e76d0_0, 0, 8;
T_71.24 ;
    %delay 0, 0;
    %vpi_call 3 160 "$display", "Setting %s to %s...", "pattern", "4'b0001" {0 0 0};
    %delay 10, 0;
    %pushi/vec4 1, 0, 4;
    %store/vec4 v00000223249e9320_0, 0, 4;
    %delay 10, 0;
    %vpi_call 3 161 "$display", "Pressing uclk..." {0 0 0};
    %delay 10, 0;
    %pushi/vec4 1, 0, 1;
    %store/vec4 v00000223249e7270_0, 0, 1;
    %delay 10, 0;
    %pushi/vec4 0, 0, 1;
    %store/vec4 v00000223249e7270_0, 0, 1;
    %delay 10, 0;
    %load/vec4 v00000223249e9640_0;
    %cmpi/ne 4, 0, 3;
    %jmp/0xz  T_71.26, 6;
    %vpi_call 3 165 "$display", "\011[FAILURE]:%s", "Mode should remain in repeat after first successful guess!" {0 0 0};
    %load/vec4 v00000223249e76d0_0;
    %addi 1, 0, 8;
    %store/vec4 v00000223249e76d0_0, 0, 8;
T_71.26 ;
    %delay 0, 0;
    %vpi_call 3 165 "$display", "Setting %s to %s...", "pattern", "4'b0100" {0 0 0};
    %delay 10, 0;
    %pushi/vec4 4, 0, 4;
    %store/vec4 v00000223249e9320_0, 0, 4;
    %delay 10, 0;
    %vpi_call 3 166 "$display", "Pressing uclk..." {0 0 0};
    %delay 10, 0;
    %pushi/vec4 1, 0, 1;
    %store/vec4 v00000223249e7270_0, 0, 1;
    %delay 10, 0;
    %pushi/vec4 0, 0, 1;
    %store/vec4 v00000223249e7270_0, 0, 1;
    %delay 10, 0;
    %vpi_call 3 171 "$display", "\012Entering Mode: %s\012-----------------------------------", "Done" {0 0 0};
    %load/vec4 v00000223249e9640_0;
    %cmpi/ne 7, 0, 3;
    %jmp/0xz  T_71.28, 6;
    %vpi_call 3 175 "$display", "\011[FAILURE]:%s", "Mode should go to done after failed guess!" {0 0 0};
    %load/vec4 v00000223249e76d0_0;
    %addi 1, 0, 8;
    %store/vec4 v00000223249e76d0_0, 0, 8;
T_71.28 ;
    %delay 0, 0;
    %vpi_call 3 175 "$display", "Setting %s to %s...", "pattern", "4'b0000" {0 0 0};
    %delay 10, 0;
    %pushi/vec4 0, 0, 4;
    %store/vec4 v00000223249e9320_0, 0, 4;
    %delay 10, 0;
    %load/vec4 v00000223249e8ba0_0;
    %cmpi/ne 1, 0, 4;
    %jmp/0xz  T_71.30, 6;
    %vpi_call 3 179 "$display", "\011[FAILURE]:%s", "Pattern LEDs should show first pattern in sequence!" {0 0 0};
    %load/vec4 v00000223249e76d0_0;
    %addi 1, 0, 8;
    %store/vec4 v00000223249e76d0_0, 0, 8;
T_71.30 ;
    %delay 0, 0;
    %vpi_call 3 179 "$display", "Pressing uclk..." {0 0 0};
    %delay 10, 0;
    %pushi/vec4 1, 0, 1;
    %store/vec4 v00000223249e7270_0, 0, 1;
    %delay 10, 0;
    %pushi/vec4 0, 0, 1;
    %store/vec4 v00000223249e7270_0, 0, 1;
    %delay 10, 0;
    %load/vec4 v00000223249e8ba0_0;
    %cmpi/ne 8, 0, 4;
    %jmp/0xz  T_71.32, 6;
    %vpi_call 3 183 "$display", "\011[FAILURE]:%s", "Pattern LEDs should show second pattern in sequence!" {0 0 0};
    %load/vec4 v00000223249e76d0_0;
    %addi 1, 0, 8;
    %store/vec4 v00000223249e76d0_0, 0, 8;
T_71.32 ;
    %delay 0, 0;
    %vpi_call 3 183 "$display", "Pressing uclk..." {0 0 0};
    %delay 10, 0;
    %pushi/vec4 1, 0, 1;
    %store/vec4 v00000223249e7270_0, 0, 1;
    %delay 10, 0;
    %pushi/vec4 0, 0, 1;
    %store/vec4 v00000223249e7270_0, 0, 1;
    %delay 10, 0;
    %load/vec4 v00000223249e8ba0_0;
    %cmpi/ne 1, 0, 4;
    %jmp/0xz  T_71.34, 6;
    %vpi_call 3 187 "$display", "\011[FAILURE]:%s", "Pattern LEDs should show first pattern in sequence!" {0 0 0};
    %load/vec4 v00000223249e76d0_0;
    %addi 1, 0, 8;
    %store/vec4 v00000223249e76d0_0, 0, 8;
T_71.34 ;
    %delay 0, 0;
    %load/vec4 v00000223249e9640_0;
    %cmpi/ne 7, 0, 3;
    %jmp/0xz  T_71.36, 6;
    %vpi_call 3 189 "$display", "\011[FAILURE]:%s", "Mode should stay in done after failed guess!" {0 0 0};
    %load/vec4 v00000223249e76d0_0;
    %addi 1, 0, 8;
    %store/vec4 v00000223249e76d0_0, 0, 8;
T_71.36 ;
    %delay 0, 0;
    %vpi_call 3 188 "$display", "\012TESTS COMPLETED (%d FAILURES)", v00000223249e76d0_0 {0 0 0};
    %vpi_call 3 189 "$finish" {0 0 0};
    %end;
    .thread T_71;
# The file index is used to find the file name in the following table.
:file_names 8;
    "N/A";
    "<interactive>";
    "./ButtonDebouncer.v";
    "SimonTA.t.v";
    "./Simon.v";
    "./SimonControl.v";
    "./SimonDatapath.v";
    "./Memory.v";
