#! /c/Source/iverilog-install/bin/vvp
:ivl_version "12.0 (devel)" "(s20150603-1539-g2693dd32b)";
:ivl_delay_selection "TYPICAL";
:vpi_time_precision + 0;
:vpi_module "C:\iverilog\lib\ivl\system.vpi";
:vpi_module "C:\iverilog\lib\ivl\vhdl_sys.vpi";
:vpi_module "C:\iverilog\lib\ivl\vhdl_textio.vpi";
:vpi_module "C:\iverilog\lib\ivl\v2005_math.vpi";
:vpi_module "C:\iverilog\lib\ivl\va_math.vpi";
S_000001d493c925e0 .scope module, "MultiplierDP" "MultiplierDP" 2 5;
 .timescale 0 0;
    .port_info 0 /INPUT 1 "clk";
    .port_info 1 /INPUT 1 "rst";
    .port_info 2 /INPUT 1 "start";
    .port_info 3 /INPUT 4 "multipler";
    .port_info 4 /INPUT 4 "multiplicand";
    .port_info 5 /INPUT 1 "rsload";
    .port_info 6 /INPUT 1 "rsclear";
    .port_info 7 /INPUT 1 "rsshr";
    .port_info 8 /INPUT 1 "mrld";
    .port_info 9 /INPUT 1 "mdld";
    .port_info 10 /OUTPUT 1 "mr0";
    .port_info 11 /OUTPUT 1 "mr1";
    .port_info 12 /OUTPUT 1 "mr2";
    .port_info 13 /OUTPUT 1 "mr3";
v000001d493c92b50_0 .net *"_ivl_12", 4 0, L_000001d493d102c0;  1 drivers
L_000001d493d18ea8 .functor BUFT 1, C4<0>, C4<0>, C4<0>, C4<0>;
v000001d493c92860_0 .net *"_ivl_15", 0 0, L_000001d493d18ea8;  1 drivers
v000001d493cc5390_0 .net *"_ivl_16", 4 0, L_000001d493d10360;  1 drivers
L_000001d493d18ef0 .functor BUFT 1, C4<0>, C4<0>, C4<0>, C4<0>;
v000001d493cc5430_0 .net *"_ivl_19", 0 0, L_000001d493d18ef0;  1 drivers
o000001d493ccb098 .functor BUFZ 1, C4<z>; HiZ drive
v000001d493cc54d0_0 .net "clk", 0 0, o000001d493ccb098;  0 drivers
v000001d493cc5570_0 .net "fourBitAddEnd", 3 0, L_000001d493d0ff00;  1 drivers
v000001d493d0fc30_0 .net "fourBitAdder", 4 0, L_000001d493d10400;  1 drivers
o000001d493ccb128 .functor BUFZ 1, C4<z>; HiZ drive
v000001d493d0fcd0_0 .net "mdld", 0 0, o000001d493ccb128;  0 drivers
v000001d493d10180_0 .net "mr0", 0 0, L_000001d493d10cc0;  1 drivers
v000001d493d10860_0 .net "mr1", 0 0, L_000001d493d10c20;  1 drivers
v000001d493d10ae0_0 .net "mr2", 0 0, L_000001d493d10b80;  1 drivers
v000001d493d0ffa0_0 .net "mr3", 0 0, L_000001d493d10a40;  1 drivers
o000001d493ccb218 .functor BUFZ 1, C4<z>; HiZ drive
v000001d493d10900_0 .net "mrld", 0 0, o000001d493ccb218;  0 drivers
v000001d493d10680_0 .var "muliplicandReg", 3 0;
o000001d493ccb278 .functor BUFZ 4, C4<zzzz>; HiZ drive
v000001d493d10720_0 .net "multipler", 3 0, o000001d493ccb278;  0 drivers
o000001d493ccb2a8 .functor BUFZ 4, C4<zzzz>; HiZ drive
v000001d493d105e0_0 .net "multiplicand", 3 0, o000001d493ccb2a8;  0 drivers
v000001d493d109a0_0 .var "multiplierReg", 3 0;
v000001d493d10220_0 .net "rsAddEnd", 3 0, L_000001d493d0fe60;  1 drivers
o000001d493ccb338 .functor BUFZ 1, C4<z>; HiZ drive
v000001d493d10040_0 .net "rsclear", 0 0, o000001d493ccb338;  0 drivers
o000001d493ccb368 .functor BUFZ 1, C4<z>; HiZ drive
v000001d493d104a0_0 .net "rsload", 0 0, o000001d493ccb368;  0 drivers
o000001d493ccb398 .functor BUFZ 1, C4<z>; HiZ drive
v000001d493d100e0_0 .net "rsshr", 0 0, o000001d493ccb398;  0 drivers
o000001d493ccb3c8 .functor BUFZ 1, C4<z>; HiZ drive
v000001d493d10540_0 .net "rst", 0 0, o000001d493ccb3c8;  0 drivers
v000001d493d107c0_0 .var "runningSumReg", 7 0;
o000001d493ccb428 .functor BUFZ 1, C4<z>; HiZ drive
v000001d493d0fdc0_0 .net "start", 0 0, o000001d493ccb428;  0 drivers
E_000001d493cc56a0 .event posedge, v000001d493cc54d0_0;
L_000001d493d10a40 .part v000001d493d109a0_0, 3, 1;
L_000001d493d10b80 .part v000001d493d109a0_0, 2, 1;
L_000001d493d10c20 .part v000001d493d109a0_0, 1, 1;
L_000001d493d10cc0 .part v000001d493d109a0_0, 0, 1;
L_000001d493d0fe60 .part v000001d493d107c0_0, 0, 4;
L_000001d493d0ff00 .part v000001d493d107c0_0, 4, 4;
L_000001d493d102c0 .concat [ 4 1 0 0], v000001d493d10680_0, L_000001d493d18ea8;
L_000001d493d10360 .concat [ 4 1 0 0], L_000001d493d0ff00, L_000001d493d18ef0;
L_000001d493d10400 .arith/sum 5, L_000001d493d102c0, L_000001d493d10360;
    .scope S_000001d493c925e0;
T_0 ;
    %wait E_000001d493cc56a0;
    %load/vec4 v000001d493d0fcd0_0;
    %flag_set/vec4 8;
    %jmp/0xz  T_0.0, 8;
    %load/vec4 v000001d493d105e0_0;
    %assign/vec4 v000001d493d10680_0, 0;
T_0.0 ;
    %load/vec4 v000001d493d10900_0;
    %flag_set/vec4 8;
    %jmp/0xz  T_0.2, 8;
    %load/vec4 v000001d493d10720_0;
    %assign/vec4 v000001d493d109a0_0, 0;
T_0.2 ;
    %load/vec4 v000001d493d104a0_0;
    %flag_set/vec4 8;
    %jmp/0xz  T_0.4, 8;
    %load/vec4 v000001d493d0fc30_0;
    %pad/u 4;
    %ix/load 4, 4, 0;
    %ix/load 5, 0, 0;
    %flag_set/imm 4, 0;
    %assign/vec4/off/d v000001d493d107c0_0, 4, 5;
T_0.4 ;
    %load/vec4 v000001d493d10040_0;
    %flag_set/vec4 8;
    %jmp/0xz  T_0.6, 8;
    %pushi/vec4 0, 0, 8;
    %store/vec4 v000001d493d107c0_0, 0, 8;
T_0.6 ;
    %load/vec4 v000001d493d100e0_0;
    %flag_set/vec4 8;
    %jmp/0xz  T_0.8, 8;
    %load/vec4 v000001d493d107c0_0;
    %ix/load 4, 1, 0;
    %flag_set/imm 4, 0;
    %shiftr 4;
    %store/vec4 v000001d493d107c0_0, 0, 8;
T_0.8 ;
    %jmp T_0;
    .thread T_0;
# The file index is used to find the file name in the following table.
:file_names 3;
    "N/A";
    "<interactive>";
    "MultiplierDataPath.v";
