#! /c/Source/iverilog-install/bin/vvp
:ivl_version "12.0 (devel)" "(s20150603-1539-g2693dd32b)";
:ivl_delay_selection "TYPICAL";
:vpi_time_precision - 10;
:vpi_module "C:\iverilog\lib\ivl\system.vpi";
:vpi_module "C:\iverilog\lib\ivl\vhdl_sys.vpi";
:vpi_module "C:\iverilog\lib\ivl\vhdl_textio.vpi";
:vpi_module "C:\iverilog\lib\ivl\v2005_math.vpi";
:vpi_module "C:\iverilog\lib\ivl\va_math.vpi";
S_00000241f4f69060 .scope module, "MultiplierTest" "MultiplierTest" 2 23;
 .timescale -9 -10;
v00000241f4fe0170_0 .var "clk", 0 0;
v00000241f4fe0ad0_0 .var "errors", 7 0;
v00000241f4fe0530_0 .var/i "i", 31 0;
v00000241f4fe1110_0 .var "multiplicand", 3 0;
v00000241f4fe17f0_0 .var "multiplier", 3 0;
v00000241f4fe1570_0 .net "product", 7 0, L_00000241f4fe0490;  1 drivers
v00000241f4fe0210_0 .var "rst", 0 0;
v00000241f4fe16b0_0 .var "start", 0 0;
S_00000241f4f85e90 .scope module, "multipliertester" "Multiplier" 2 43, 3 8 0, S_00000241f4f69060;
 .timescale -9 -10;
    .port_info 0 /INPUT 1 "clk";
    .port_info 1 /INPUT 1 "rst";
    .port_info 2 /INPUT 1 "start";
    .port_info 3 /INPUT 4 "multiplier";
    .port_info 4 /INPUT 4 "multiplicand";
    .port_info 5 /OUTPUT 8 "product";
v00000241f4fdc1b0_0 .net "clk", 0 0, v00000241f4fe0170_0;  1 drivers
v00000241f4fdc250_0 .net "mdld", 0 0, v00000241f4f22ec0_0;  1 drivers
v00000241f4fdc2f0_0 .net "mr0", 0 0, L_00000241f4fe1070;  1 drivers
v00000241f4fe1bb0_0 .net "mr1", 0 0, L_00000241f4fe1890;  1 drivers
v00000241f4fe1d90_0 .net "mr2", 0 0, L_00000241f4fe1750;  1 drivers
v00000241f4fe1ed0_0 .net "mr3", 0 0, L_00000241f4fe0350;  1 drivers
v00000241f4fe0990_0 .net "mrld", 0 0, v00000241f4f7a100_0;  1 drivers
v00000241f4fe0850_0 .net "multiplicand", 3 0, v00000241f4fe1110_0;  1 drivers
v00000241f4fe0a30_0 .net "multiplier", 3 0, v00000241f4fe17f0_0;  1 drivers
v00000241f4fe1f70_0 .net "product", 7 0, L_00000241f4fe0490;  alias, 1 drivers
v00000241f4fe1430_0 .net "rsclear", 0 0, v00000241f4fdc890_0;  1 drivers
v00000241f4fe0670_0 .net "rsload", 0 0, v00000241f4fdc4d0_0;  1 drivers
v00000241f4fe1250_0 .net "rsshr", 0 0, v00000241f4fdc430_0;  1 drivers
v00000241f4fe02b0_0 .net "rst", 0 0, v00000241f4fe0210_0;  1 drivers
v00000241f4fe0710_0 .net "start", 0 0, v00000241f4fe16b0_0;  1 drivers
S_00000241f4f863b0 .scope module, "ctrl" "MultiplierControl" 3 46, 4 5 0, S_00000241f4f85e90;
 .timescale -9 -10;
    .port_info 0 /INPUT 1 "clk";
    .port_info 1 /INPUT 1 "rst";
    .port_info 2 /INPUT 1 "start";
    .port_info 3 /OUTPUT 1 "rsload";
    .port_info 4 /OUTPUT 1 "rsclear";
    .port_info 5 /OUTPUT 1 "rsshr";
    .port_info 6 /OUTPUT 1 "mrld";
    .port_info 7 /OUTPUT 1 "mdld";
    .port_info 8 /INPUT 1 "mr0";
    .port_info 9 /INPUT 1 "mr1";
    .port_info 10 /INPUT 1 "mr2";
    .port_info 11 /INPUT 1 "mr3";
P_00000241f4f79400 .param/l "BIT_ONE" 1 4 33, C4<0100>;
P_00000241f4f79438 .param/l "BIT_ONE_TRUE" 1 4 34, C4<0101>;
P_00000241f4f79470 .param/l "BIT_THREE" 1 4 37, C4<1000>;
P_00000241f4f794a8 .param/l "BIT_THREE_TRUE" 1 4 38, C4<1001>;
P_00000241f4f794e0 .param/l "BIT_TWO" 1 4 35, C4<0110>;
P_00000241f4f79518 .param/l "BIT_TWO_TRUE" 1 4 36, C4<0111>;
P_00000241f4f79550 .param/l "BIT_ZERO" 1 4 31, C4<0010>;
P_00000241f4f79588 .param/l "BIT_ZERO_TRUE" 1 4 32, C4<0011>;
P_00000241f4f795c0 .param/l "FINAL" 1 4 39, C4<1010>;
P_00000241f4f795f8 .param/l "INIT" 1 4 30, C4<0001>;
P_00000241f4f79630 .param/l "START" 1 4 29, C4<0000>;
v00000241f4edac50_0 .net "clk", 0 0, v00000241f4fe0170_0;  alias, 1 drivers
v00000241f4f22ec0_0 .var "mdld", 0 0;
v00000241f4f6d660_0 .net "mr0", 0 0, L_00000241f4fe1070;  alias, 1 drivers
v00000241f4f80f60_0 .net "mr1", 0 0, L_00000241f4fe1890;  alias, 1 drivers
v00000241f4f81000_0 .net "mr2", 0 0, L_00000241f4fe1750;  alias, 1 drivers
v00000241f4f7a060_0 .net "mr3", 0 0, L_00000241f4fe0350;  alias, 1 drivers
v00000241f4f7a100_0 .var "mrld", 0 0;
v00000241f4f73150_0 .var "next_state", 3 0;
v00000241f4fdc890_0 .var "rsclear", 0 0;
v00000241f4fdc4d0_0 .var "rsload", 0 0;
v00000241f4fdc430_0 .var "rsshr", 0 0;
v00000241f4fdc570_0 .net "rst", 0 0, v00000241f4fe0210_0;  alias, 1 drivers
v00000241f4fdc390_0 .net "start", 0 0, v00000241f4fe16b0_0;  alias, 1 drivers
v00000241f4fdc930_0 .var "state", 3 0;
E_00000241f4f82310 .event posedge, v00000241f4edac50_0;
E_00000241f4f82dd0/0 .event anyedge, v00000241f4fdc930_0, v00000241f4fdc390_0, v00000241f4f6d660_0, v00000241f4f80f60_0;
E_00000241f4f82dd0/1 .event anyedge, v00000241f4f81000_0, v00000241f4f7a060_0;
E_00000241f4f82dd0 .event/or E_00000241f4f82dd0/0, E_00000241f4f82dd0/1;
E_00000241f4f82810 .event anyedge, v00000241f4fdc930_0;
S_00000241f4f86540 .scope module, "dpath" "MultiplierDatapath" 3 29, 5 5 0, S_00000241f4f85e90;
 .timescale -9 -10;
    .port_info 0 /INPUT 1 "clk";
    .port_info 1 /INPUT 4 "multiplier";
    .port_info 2 /INPUT 4 "multiplicand";
    .port_info 3 /OUTPUT 8 "product";
    .port_info 4 /INPUT 1 "rsload";
    .port_info 5 /INPUT 1 "rsclear";
    .port_info 6 /INPUT 1 "rsshr";
    .port_info 7 /INPUT 1 "mrld";
    .port_info 8 /INPUT 1 "mdld";
    .port_info 9 /OUTPUT 1 "mr0";
    .port_info 10 /OUTPUT 1 "mr1";
    .port_info 11 /OUTPUT 1 "mr2";
    .port_info 12 /OUTPUT 1 "mr3";
v00000241f4fdc610_0 .net "clk", 0 0, v00000241f4fe0170_0;  alias, 1 drivers
v00000241f4fdc6b0_0 .net "mdld", 0 0, v00000241f4f22ec0_0;  alias, 1 drivers
v00000241f4fdcb10_0 .net "mr0", 0 0, L_00000241f4fe1070;  alias, 1 drivers
v00000241f4fdc7f0_0 .net "mr1", 0 0, L_00000241f4fe1890;  alias, 1 drivers
v00000241f4fdca70_0 .net "mr2", 0 0, L_00000241f4fe1750;  alias, 1 drivers
v00000241f4fdc750_0 .net "mr3", 0 0, L_00000241f4fe0350;  alias, 1 drivers
v00000241f4fdc9d0_0 .net "mrld", 0 0, v00000241f4f7a100_0;  alias, 1 drivers
v00000241f4fdcd90_0 .net "multiplicand", 3 0, v00000241f4fe1110_0;  alias, 1 drivers
v00000241f4fdcbb0_0 .var "multiplicandReg", 8 0;
v00000241f4fdcc50_0 .net "multiplier", 3 0, v00000241f4fe17f0_0;  alias, 1 drivers
v00000241f4fdccf0_0 .var "multiplierReg", 3 0;
v00000241f4fdce30_0 .net "product", 7 0, L_00000241f4fe0490;  alias, 1 drivers
v00000241f4fdced0_0 .net "rsclear", 0 0, v00000241f4fdc890_0;  alias, 1 drivers
v00000241f4fdcf70_0 .net "rsload", 0 0, v00000241f4fdc4d0_0;  alias, 1 drivers
v00000241f4fdc070_0 .net "rsshr", 0 0, v00000241f4fdc430_0;  alias, 1 drivers
v00000241f4fdc110_0 .var "runningSumReg", 8 0;
L_00000241f4fe0350 .part v00000241f4fdccf0_0, 3, 1;
L_00000241f4fe1750 .part v00000241f4fdccf0_0, 2, 1;
L_00000241f4fe1890 .part v00000241f4fdccf0_0, 1, 1;
L_00000241f4fe1070 .part v00000241f4fdccf0_0, 0, 1;
L_00000241f4fe0490 .part v00000241f4fdc110_0, 0, 8;
    .scope S_00000241f4f86540;
T_0 ;
    %wait E_00000241f4f82310;
    %load/vec4 v00000241f4fdc6b0_0;
    %flag_set/vec4 8;
    %jmp/0xz  T_0.0, 8;
    %load/vec4 v00000241f4fdcd90_0;
    %pad/u 9;
    %ix/load 4, 4, 0;
    %flag_set/imm 4, 0;
    %shiftl 4;
    %assign/vec4 v00000241f4fdcbb0_0, 0;
T_0.0 ;
    %load/vec4 v00000241f4fdc9d0_0;
    %flag_set/vec4 8;
    %jmp/0xz  T_0.2, 8;
    %load/vec4 v00000241f4fdcc50_0;
    %assign/vec4 v00000241f4fdccf0_0, 0;
T_0.2 ;
    %load/vec4 v00000241f4fdced0_0;
    %flag_set/vec4 8;
    %jmp/0xz  T_0.4, 8;
    %pushi/vec4 0, 0, 9;
    %assign/vec4 v00000241f4fdc110_0, 0;
T_0.4 ;
    %load/vec4 v00000241f4fdcf70_0;
    %flag_set/vec4 8;
    %jmp/0xz  T_0.6, 8;
    %load/vec4 v00000241f4fdcbb0_0;
    %load/vec4 v00000241f4fdc110_0;
    %add;
    %assign/vec4 v00000241f4fdc110_0, 0;
T_0.6 ;
    %load/vec4 v00000241f4fdc070_0;
    %flag_set/vec4 8;
    %jmp/0xz  T_0.8, 8;
    %load/vec4 v00000241f4fdc110_0;
    %ix/load 4, 1, 0;
    %flag_set/imm 4, 0;
    %shiftr 4;
    %assign/vec4 v00000241f4fdc110_0, 0;
T_0.8 ;
    %jmp T_0;
    .thread T_0;
    .scope S_00000241f4f863b0;
T_1 ;
    %wait E_00000241f4f82810;
    %pushi/vec4 0, 0, 1;
    %store/vec4 v00000241f4fdc4d0_0, 0, 1;
    %pushi/vec4 0, 0, 1;
    %store/vec4 v00000241f4fdc890_0, 0, 1;
    %pushi/vec4 0, 0, 1;
    %store/vec4 v00000241f4fdc430_0, 0, 1;
    %pushi/vec4 0, 0, 1;
    %store/vec4 v00000241f4f7a100_0, 0, 1;
    %pushi/vec4 0, 0, 1;
    %store/vec4 v00000241f4f22ec0_0, 0, 1;
    %load/vec4 v00000241f4fdc930_0;
    %dup/vec4;
    %pushi/vec4 1, 0, 4;
    %cmp/u;
    %jmp/1 T_1.0, 6;
    %dup/vec4;
    %pushi/vec4 3, 0, 4;
    %cmp/u;
    %jmp/1 T_1.1, 6;
    %dup/vec4;
    %pushi/vec4 4, 0, 4;
    %cmp/u;
    %jmp/1 T_1.2, 6;
    %dup/vec4;
    %pushi/vec4 5, 0, 4;
    %cmp/u;
    %jmp/1 T_1.3, 6;
    %dup/vec4;
    %pushi/vec4 6, 0, 4;
    %cmp/u;
    %jmp/1 T_1.4, 6;
    %dup/vec4;
    %pushi/vec4 7, 0, 4;
    %cmp/u;
    %jmp/1 T_1.5, 6;
    %dup/vec4;
    %pushi/vec4 8, 0, 4;
    %cmp/u;
    %jmp/1 T_1.6, 6;
    %dup/vec4;
    %pushi/vec4 9, 0, 4;
    %cmp/u;
    %jmp/1 T_1.7, 6;
    %dup/vec4;
    %pushi/vec4 10, 0, 4;
    %cmp/u;
    %jmp/1 T_1.8, 6;
    %jmp T_1.9;
T_1.0 ;
    %pushi/vec4 1, 0, 1;
    %store/vec4 v00000241f4f22ec0_0, 0, 1;
    %pushi/vec4 1, 0, 1;
    %store/vec4 v00000241f4f7a100_0, 0, 1;
    %pushi/vec4 1, 0, 1;
    %store/vec4 v00000241f4fdc890_0, 0, 1;
    %jmp T_1.9;
T_1.1 ;
    %pushi/vec4 1, 0, 1;
    %store/vec4 v00000241f4fdc4d0_0, 0, 1;
    %jmp T_1.9;
T_1.2 ;
    %pushi/vec4 1, 0, 1;
    %store/vec4 v00000241f4fdc430_0, 0, 1;
    %jmp T_1.9;
T_1.3 ;
    %pushi/vec4 1, 0, 1;
    %store/vec4 v00000241f4fdc4d0_0, 0, 1;
    %jmp T_1.9;
T_1.4 ;
    %pushi/vec4 1, 0, 1;
    %store/vec4 v00000241f4fdc430_0, 0, 1;
    %jmp T_1.9;
T_1.5 ;
    %pushi/vec4 1, 0, 1;
    %store/vec4 v00000241f4fdc4d0_0, 0, 1;
    %jmp T_1.9;
T_1.6 ;
    %pushi/vec4 1, 0, 1;
    %store/vec4 v00000241f4fdc430_0, 0, 1;
    %jmp T_1.9;
T_1.7 ;
    %pushi/vec4 1, 0, 1;
    %store/vec4 v00000241f4fdc4d0_0, 0, 1;
    %jmp T_1.9;
T_1.8 ;
    %pushi/vec4 1, 0, 1;
    %store/vec4 v00000241f4fdc430_0, 0, 1;
    %jmp T_1.9;
T_1.9 ;
    %pop/vec4 1;
    %jmp T_1;
    .thread T_1, $push;
    .scope S_00000241f4f863b0;
T_2 ;
    %wait E_00000241f4f82dd0;
    %load/vec4 v00000241f4fdc930_0;
    %store/vec4 v00000241f4f73150_0, 0, 4;
    %load/vec4 v00000241f4fdc930_0;
    %dup/vec4;
    %pushi/vec4 0, 0, 4;
    %cmp/u;
    %jmp/1 T_2.0, 6;
    %dup/vec4;
    %pushi/vec4 1, 0, 4;
    %cmp/u;
    %jmp/1 T_2.1, 6;
    %dup/vec4;
    %pushi/vec4 2, 0, 4;
    %cmp/u;
    %jmp/1 T_2.2, 6;
    %dup/vec4;
    %pushi/vec4 3, 0, 4;
    %cmp/u;
    %jmp/1 T_2.3, 6;
    %dup/vec4;
    %pushi/vec4 4, 0, 4;
    %cmp/u;
    %jmp/1 T_2.4, 6;
    %dup/vec4;
    %pushi/vec4 5, 0, 4;
    %cmp/u;
    %jmp/1 T_2.5, 6;
    %dup/vec4;
    %pushi/vec4 6, 0, 4;
    %cmp/u;
    %jmp/1 T_2.6, 6;
    %dup/vec4;
    %pushi/vec4 7, 0, 4;
    %cmp/u;
    %jmp/1 T_2.7, 6;
    %dup/vec4;
    %pushi/vec4 8, 0, 4;
    %cmp/u;
    %jmp/1 T_2.8, 6;
    %dup/vec4;
    %pushi/vec4 9, 0, 4;
    %cmp/u;
    %jmp/1 T_2.9, 6;
    %dup/vec4;
    %pushi/vec4 10, 0, 4;
    %cmp/u;
    %jmp/1 T_2.10, 6;
    %jmp T_2.11;
T_2.0 ;
    %load/vec4 v00000241f4fdc390_0;
    %flag_set/vec4 8;
    %jmp/0xz  T_2.12, 8;
    %pushi/vec4 1, 0, 4;
    %store/vec4 v00000241f4f73150_0, 0, 4;
T_2.12 ;
    %jmp T_2.11;
T_2.1 ;
    %pushi/vec4 2, 0, 4;
    %store/vec4 v00000241f4f73150_0, 0, 4;
    %jmp T_2.11;
T_2.2 ;
    %load/vec4 v00000241f4f6d660_0;
    %flag_set/vec4 8;
    %jmp/0xz  T_2.14, 8;
    %pushi/vec4 3, 0, 4;
    %store/vec4 v00000241f4f73150_0, 0, 4;
    %jmp T_2.15;
T_2.14 ;
    %pushi/vec4 4, 0, 4;
    %store/vec4 v00000241f4f73150_0, 0, 4;
T_2.15 ;
    %jmp T_2.11;
T_2.3 ;
    %pushi/vec4 4, 0, 4;
    %store/vec4 v00000241f4f73150_0, 0, 4;
    %jmp T_2.11;
T_2.4 ;
    %load/vec4 v00000241f4f80f60_0;
    %flag_set/vec4 8;
    %jmp/0xz  T_2.16, 8;
    %pushi/vec4 5, 0, 4;
    %store/vec4 v00000241f4f73150_0, 0, 4;
    %jmp T_2.17;
T_2.16 ;
    %pushi/vec4 6, 0, 4;
    %store/vec4 v00000241f4f73150_0, 0, 4;
T_2.17 ;
    %jmp T_2.11;
T_2.5 ;
    %pushi/vec4 6, 0, 4;
    %store/vec4 v00000241f4f73150_0, 0, 4;
    %jmp T_2.11;
T_2.6 ;
    %load/vec4 v00000241f4f81000_0;
    %flag_set/vec4 8;
    %jmp/0xz  T_2.18, 8;
    %pushi/vec4 7, 0, 4;
    %store/vec4 v00000241f4f73150_0, 0, 4;
    %jmp T_2.19;
T_2.18 ;
    %pushi/vec4 8, 0, 4;
    %store/vec4 v00000241f4f73150_0, 0, 4;
T_2.19 ;
    %jmp T_2.11;
T_2.7 ;
    %pushi/vec4 8, 0, 4;
    %store/vec4 v00000241f4f73150_0, 0, 4;
    %jmp T_2.11;
T_2.8 ;
    %load/vec4 v00000241f4f7a060_0;
    %flag_set/vec4 8;
    %jmp/0xz  T_2.20, 8;
    %pushi/vec4 9, 0, 4;
    %store/vec4 v00000241f4f73150_0, 0, 4;
    %jmp T_2.21;
T_2.20 ;
    %pushi/vec4 10, 0, 4;
    %store/vec4 v00000241f4f73150_0, 0, 4;
T_2.21 ;
    %jmp T_2.11;
T_2.9 ;
    %pushi/vec4 10, 0, 4;
    %store/vec4 v00000241f4f73150_0, 0, 4;
    %jmp T_2.11;
T_2.10 ;
    %pushi/vec4 0, 0, 4;
    %store/vec4 v00000241f4f73150_0, 0, 4;
    %jmp T_2.11;
T_2.11 ;
    %pop/vec4 1;
    %jmp T_2;
    .thread T_2, $push;
    .scope S_00000241f4f863b0;
T_3 ;
    %wait E_00000241f4f82310;
    %load/vec4 v00000241f4fdc570_0;
    %flag_set/vec4 8;
    %jmp/0xz  T_3.0, 8;
    %pushi/vec4 0, 0, 4;
    %assign/vec4 v00000241f4fdc930_0, 0;
    %jmp T_3.1;
T_3.0 ;
    %load/vec4 v00000241f4f73150_0;
    %assign/vec4 v00000241f4fdc930_0, 0;
T_3.1 ;
    %jmp T_3;
    .thread T_3;
    .scope S_00000241f4f69060;
T_4 ;
    %pushi/vec4 0, 0, 1;
    %store/vec4 v00000241f4fe0170_0, 0, 1;
    %pushi/vec4 0, 0, 1;
    %store/vec4 v00000241f4fe0210_0, 0, 1;
    %pushi/vec4 0, 0, 1;
    %store/vec4 v00000241f4fe16b0_0, 0, 1;
    %pushi/vec4 0, 0, 4;
    %store/vec4 v00000241f4fe17f0_0, 0, 4;
    %pushi/vec4 0, 0, 4;
    %store/vec4 v00000241f4fe1110_0, 0, 4;
    %pushi/vec4 0, 0, 8;
    %store/vec4 v00000241f4fe0ad0_0, 0, 8;
    %end;
    .thread T_4;
    .scope S_00000241f4f69060;
T_5 ;
    %vpi_call 2 38 "$dumpfile", "MultiplierTest.vcd" {0 0 0};
    %vpi_call 2 39 "$dumpvars" {0 0 0};
    %end;
    .thread T_5;
    .scope S_00000241f4f69060;
T_6 ;
    %vpi_call 2 56 "$display", "Setting %s to %s...", "multiplier", "4'b0011" {0 0 0};
    %delay 10, 0;
    %pushi/vec4 3, 0, 4;
    %store/vec4 v00000241f4fe17f0_0, 0, 4;
    %delay 10, 0;
    %vpi_call 2 57 "$display", "Setting %s to %s...", "multiplicand", "4'b0110" {0 0 0};
    %delay 10, 0;
    %pushi/vec4 6, 0, 4;
    %store/vec4 v00000241f4fe1110_0, 0, 4;
    %delay 10, 0;
    %vpi_call 2 60 "$display", "Setting %s to %s...", "rst", "1" {0 0 0};
    %delay 10, 0;
    %pushi/vec4 1, 0, 1;
    %store/vec4 v00000241f4fe0210_0, 0, 1;
    %delay 10, 0;
    %vpi_call 2 61 "$display", "Pressing uclk..." {0 0 0};
    %delay 10, 0;
    %pushi/vec4 1, 0, 1;
    %store/vec4 v00000241f4fe0170_0, 0, 1;
    %delay 10, 0;
    %pushi/vec4 0, 0, 1;
    %store/vec4 v00000241f4fe0170_0, 0, 1;
    %delay 10, 0;
    %vpi_call 2 64 "$display", "Setting %s to %s...", "rst", "0" {0 0 0};
    %delay 10, 0;
    %pushi/vec4 0, 0, 1;
    %store/vec4 v00000241f4fe0210_0, 0, 1;
    %delay 10, 0;
    %vpi_call 2 65 "$display", "Setting %s to %s...", "start", "1" {0 0 0};
    %delay 10, 0;
    %pushi/vec4 1, 0, 1;
    %store/vec4 v00000241f4fe16b0_0, 0, 1;
    %delay 10, 0;
    %vpi_call 2 66 "$display", "Pressing uclk..." {0 0 0};
    %delay 10, 0;
    %pushi/vec4 1, 0, 1;
    %store/vec4 v00000241f4fe0170_0, 0, 1;
    %delay 10, 0;
    %pushi/vec4 0, 0, 1;
    %store/vec4 v00000241f4fe0170_0, 0, 1;
    %delay 10, 0;
    %vpi_call 2 69 "$display", "Setting %s to %s...", "start", "0" {0 0 0};
    %delay 10, 0;
    %pushi/vec4 0, 0, 1;
    %store/vec4 v00000241f4fe16b0_0, 0, 1;
    %delay 10, 0;
    %pushi/vec4 0, 0, 32;
    %store/vec4 v00000241f4fe0530_0, 0, 32;
T_6.0 ;
    %load/vec4 v00000241f4fe0530_0;
    %cmpi/s 10, 0, 32;
    %jmp/0xz T_6.1, 5;
    %vpi_call 2 71 "$display", "Pressing uclk..." {0 0 0};
    %delay 10, 0;
    %pushi/vec4 1, 0, 1;
    %store/vec4 v00000241f4fe0170_0, 0, 1;
    %delay 10, 0;
    %pushi/vec4 0, 0, 1;
    %store/vec4 v00000241f4fe0170_0, 0, 1;
    %delay 10, 0;
    %load/vec4 v00000241f4fe0530_0;
    %addi 1, 0, 32;
    %store/vec4 v00000241f4fe0530_0, 0, 32;
    %jmp T_6.0;
T_6.1 ;
    %load/vec4 v00000241f4fe1570_0;
    %cmpi/ne 18, 0, 8;
    %jmp/0xz  T_6.2, 6;
    %vpi_call 2 76 "$display", "\011[FAILURE]:%s", "Product is incorrect" {0 0 0};
    %load/vec4 v00000241f4fe0ad0_0;
    %addi 1, 0, 8;
    %store/vec4 v00000241f4fe0ad0_0, 0, 8;
T_6.2 ;
    %delay 0, 0;
    %vpi_call 2 76 "$display", "Setting %s to %s...", "multiplier", "4'd15" {0 0 0};
    %delay 10, 0;
    %pushi/vec4 15, 0, 4;
    %store/vec4 v00000241f4fe17f0_0, 0, 4;
    %delay 10, 0;
    %vpi_call 2 77 "$display", "Setting %s to %s...", "multiplicand", "4'd15" {0 0 0};
    %delay 10, 0;
    %pushi/vec4 15, 0, 4;
    %store/vec4 v00000241f4fe1110_0, 0, 4;
    %delay 10, 0;
    %vpi_call 2 79 "$display", "Setting %s to %s...", "rst", "1" {0 0 0};
    %delay 10, 0;
    %pushi/vec4 1, 0, 1;
    %store/vec4 v00000241f4fe0210_0, 0, 1;
    %delay 10, 0;
    %vpi_call 2 80 "$display", "Pressing uclk..." {0 0 0};
    %delay 10, 0;
    %pushi/vec4 1, 0, 1;
    %store/vec4 v00000241f4fe0170_0, 0, 1;
    %delay 10, 0;
    %pushi/vec4 0, 0, 1;
    %store/vec4 v00000241f4fe0170_0, 0, 1;
    %delay 10, 0;
    %vpi_call 2 82 "$display", "Setting %s to %s...", "rst", "0" {0 0 0};
    %delay 10, 0;
    %pushi/vec4 0, 0, 1;
    %store/vec4 v00000241f4fe0210_0, 0, 1;
    %delay 10, 0;
    %vpi_call 2 83 "$display", "Setting %s to %s...", "start", "1" {0 0 0};
    %delay 10, 0;
    %pushi/vec4 1, 0, 1;
    %store/vec4 v00000241f4fe16b0_0, 0, 1;
    %delay 10, 0;
    %vpi_call 2 84 "$display", "Pressing uclk..." {0 0 0};
    %delay 10, 0;
    %pushi/vec4 1, 0, 1;
    %store/vec4 v00000241f4fe0170_0, 0, 1;
    %delay 10, 0;
    %pushi/vec4 0, 0, 1;
    %store/vec4 v00000241f4fe0170_0, 0, 1;
    %delay 10, 0;
    %vpi_call 2 86 "$display", "Setting %s to %s...", "start", "0" {0 0 0};
    %delay 10, 0;
    %pushi/vec4 0, 0, 1;
    %store/vec4 v00000241f4fe16b0_0, 0, 1;
    %delay 10, 0;
    %pushi/vec4 0, 0, 32;
    %store/vec4 v00000241f4fe0530_0, 0, 32;
T_6.4 ;
    %load/vec4 v00000241f4fe0530_0;
    %cmpi/s 10, 0, 32;
    %jmp/0xz T_6.5, 5;
    %vpi_call 2 89 "$display", "Pressing uclk..." {0 0 0};
    %delay 10, 0;
    %pushi/vec4 1, 0, 1;
    %store/vec4 v00000241f4fe0170_0, 0, 1;
    %delay 10, 0;
    %pushi/vec4 0, 0, 1;
    %store/vec4 v00000241f4fe0170_0, 0, 1;
    %delay 10, 0;
    %load/vec4 v00000241f4fe0530_0;
    %addi 1, 0, 32;
    %store/vec4 v00000241f4fe0530_0, 0, 32;
    %jmp T_6.4;
T_6.5 ;
    %load/vec4 v00000241f4fe1570_0;
    %cmpi/ne 225, 0, 8;
    %jmp/0xz  T_6.6, 6;
    %vpi_call 2 94 "$display", "\011[FAILURE]:%s", "Product is incorrect" {0 0 0};
    %load/vec4 v00000241f4fe0ad0_0;
    %addi 1, 0, 8;
    %store/vec4 v00000241f4fe0ad0_0, 0, 8;
T_6.6 ;
    %delay 0, 0;
    %vpi_call 2 94 "$display", "Setting %s to %s...", "multiplier", "4'd0" {0 0 0};
    %delay 10, 0;
    %pushi/vec4 0, 0, 4;
    %store/vec4 v00000241f4fe17f0_0, 0, 4;
    %delay 10, 0;
    %vpi_call 2 95 "$display", "Setting %s to %s...", "multiplicand", "4'd12" {0 0 0};
    %delay 10, 0;
    %pushi/vec4 12, 0, 4;
    %store/vec4 v00000241f4fe1110_0, 0, 4;
    %delay 10, 0;
    %vpi_call 2 97 "$display", "Setting %s to %s...", "rst", "1" {0 0 0};
    %delay 10, 0;
    %pushi/vec4 1, 0, 1;
    %store/vec4 v00000241f4fe0210_0, 0, 1;
    %delay 10, 0;
    %vpi_call 2 98 "$display", "Pressing uclk..." {0 0 0};
    %delay 10, 0;
    %pushi/vec4 1, 0, 1;
    %store/vec4 v00000241f4fe0170_0, 0, 1;
    %delay 10, 0;
    %pushi/vec4 0, 0, 1;
    %store/vec4 v00000241f4fe0170_0, 0, 1;
    %delay 10, 0;
    %vpi_call 2 100 "$display", "Setting %s to %s...", "rst", "0" {0 0 0};
    %delay 10, 0;
    %pushi/vec4 0, 0, 1;
    %store/vec4 v00000241f4fe0210_0, 0, 1;
    %delay 10, 0;
    %vpi_call 2 101 "$display", "Setting %s to %s...", "start", "1" {0 0 0};
    %delay 10, 0;
    %pushi/vec4 1, 0, 1;
    %store/vec4 v00000241f4fe16b0_0, 0, 1;
    %delay 10, 0;
    %vpi_call 2 102 "$display", "Pressing uclk..." {0 0 0};
    %delay 10, 0;
    %pushi/vec4 1, 0, 1;
    %store/vec4 v00000241f4fe0170_0, 0, 1;
    %delay 10, 0;
    %pushi/vec4 0, 0, 1;
    %store/vec4 v00000241f4fe0170_0, 0, 1;
    %delay 10, 0;
    %vpi_call 2 104 "$display", "Setting %s to %s...", "start", "0" {0 0 0};
    %delay 10, 0;
    %pushi/vec4 0, 0, 1;
    %store/vec4 v00000241f4fe16b0_0, 0, 1;
    %delay 10, 0;
    %pushi/vec4 0, 0, 32;
    %store/vec4 v00000241f4fe0530_0, 0, 32;
T_6.8 ;
    %load/vec4 v00000241f4fe0530_0;
    %cmpi/s 10, 0, 32;
    %jmp/0xz T_6.9, 5;
    %vpi_call 2 107 "$display", "Pressing uclk..." {0 0 0};
    %delay 10, 0;
    %pushi/vec4 1, 0, 1;
    %store/vec4 v00000241f4fe0170_0, 0, 1;
    %delay 10, 0;
    %pushi/vec4 0, 0, 1;
    %store/vec4 v00000241f4fe0170_0, 0, 1;
    %delay 10, 0;
    %load/vec4 v00000241f4fe0530_0;
    %addi 1, 0, 32;
    %store/vec4 v00000241f4fe0530_0, 0, 32;
    %jmp T_6.8;
T_6.9 ;
    %load/vec4 v00000241f4fe1570_0;
    %cmpi/ne 0, 0, 8;
    %jmp/0xz  T_6.10, 6;
    %vpi_call 2 112 "$display", "\011[FAILURE]:%s", "Product is incorrect" {0 0 0};
    %load/vec4 v00000241f4fe0ad0_0;
    %addi 1, 0, 8;
    %store/vec4 v00000241f4fe0ad0_0, 0, 8;
T_6.10 ;
    %delay 0, 0;
    %vpi_call 2 112 "$display", "Setting %s to %s...", "multiplier", "4'd1" {0 0 0};
    %delay 10, 0;
    %pushi/vec4 1, 0, 4;
    %store/vec4 v00000241f4fe17f0_0, 0, 4;
    %delay 10, 0;
    %vpi_call 2 113 "$display", "Setting %s to %s...", "multiplicand", "4'd2" {0 0 0};
    %delay 10, 0;
    %pushi/vec4 2, 0, 4;
    %store/vec4 v00000241f4fe1110_0, 0, 4;
    %delay 10, 0;
    %vpi_call 2 115 "$display", "Setting %s to %s...", "rst", "1" {0 0 0};
    %delay 10, 0;
    %pushi/vec4 1, 0, 1;
    %store/vec4 v00000241f4fe0210_0, 0, 1;
    %delay 10, 0;
    %vpi_call 2 116 "$display", "Pressing uclk..." {0 0 0};
    %delay 10, 0;
    %pushi/vec4 1, 0, 1;
    %store/vec4 v00000241f4fe0170_0, 0, 1;
    %delay 10, 0;
    %pushi/vec4 0, 0, 1;
    %store/vec4 v00000241f4fe0170_0, 0, 1;
    %delay 10, 0;
    %vpi_call 2 118 "$display", "Setting %s to %s...", "rst", "0" {0 0 0};
    %delay 10, 0;
    %pushi/vec4 0, 0, 1;
    %store/vec4 v00000241f4fe0210_0, 0, 1;
    %delay 10, 0;
    %vpi_call 2 119 "$display", "Setting %s to %s...", "start", "1" {0 0 0};
    %delay 10, 0;
    %pushi/vec4 1, 0, 1;
    %store/vec4 v00000241f4fe16b0_0, 0, 1;
    %delay 10, 0;
    %vpi_call 2 120 "$display", "Pressing uclk..." {0 0 0};
    %delay 10, 0;
    %pushi/vec4 1, 0, 1;
    %store/vec4 v00000241f4fe0170_0, 0, 1;
    %delay 10, 0;
    %pushi/vec4 0, 0, 1;
    %store/vec4 v00000241f4fe0170_0, 0, 1;
    %delay 10, 0;
    %vpi_call 2 122 "$display", "Setting %s to %s...", "start", "0" {0 0 0};
    %delay 10, 0;
    %pushi/vec4 0, 0, 1;
    %store/vec4 v00000241f4fe16b0_0, 0, 1;
    %delay 10, 0;
    %pushi/vec4 0, 0, 32;
    %store/vec4 v00000241f4fe0530_0, 0, 32;
T_6.12 ;
    %load/vec4 v00000241f4fe0530_0;
    %cmpi/s 10, 0, 32;
    %jmp/0xz T_6.13, 5;
    %vpi_call 2 125 "$display", "Pressing uclk..." {0 0 0};
    %delay 10, 0;
    %pushi/vec4 1, 0, 1;
    %store/vec4 v00000241f4fe0170_0, 0, 1;
    %delay 10, 0;
    %pushi/vec4 0, 0, 1;
    %store/vec4 v00000241f4fe0170_0, 0, 1;
    %delay 10, 0;
    %load/vec4 v00000241f4fe0530_0;
    %addi 1, 0, 32;
    %store/vec4 v00000241f4fe0530_0, 0, 32;
    %jmp T_6.12;
T_6.13 ;
    %load/vec4 v00000241f4fe1570_0;
    %cmpi/ne 2, 0, 8;
    %jmp/0xz  T_6.14, 6;
    %vpi_call 2 130 "$display", "\011[FAILURE]:%s", "Product is incorrect" {0 0 0};
    %load/vec4 v00000241f4fe0ad0_0;
    %addi 1, 0, 8;
    %store/vec4 v00000241f4fe0ad0_0, 0, 8;
T_6.14 ;
    %delay 0, 0;
    %vpi_call 2 130 "$display", "Setting %s to %s...", "multiplier", "4'd0" {0 0 0};
    %delay 10, 0;
    %pushi/vec4 0, 0, 4;
    %store/vec4 v00000241f4fe17f0_0, 0, 4;
    %delay 10, 0;
    %vpi_call 2 131 "$display", "Setting %s to %s...", "multiplicand", "4'd0" {0 0 0};
    %delay 10, 0;
    %pushi/vec4 0, 0, 4;
    %store/vec4 v00000241f4fe1110_0, 0, 4;
    %delay 10, 0;
    %vpi_call 2 133 "$display", "Setting %s to %s...", "rst", "1" {0 0 0};
    %delay 10, 0;
    %pushi/vec4 1, 0, 1;
    %store/vec4 v00000241f4fe0210_0, 0, 1;
    %delay 10, 0;
    %vpi_call 2 134 "$display", "Pressing uclk..." {0 0 0};
    %delay 10, 0;
    %pushi/vec4 1, 0, 1;
    %store/vec4 v00000241f4fe0170_0, 0, 1;
    %delay 10, 0;
    %pushi/vec4 0, 0, 1;
    %store/vec4 v00000241f4fe0170_0, 0, 1;
    %delay 10, 0;
    %vpi_call 2 136 "$display", "Setting %s to %s...", "rst", "0" {0 0 0};
    %delay 10, 0;
    %pushi/vec4 0, 0, 1;
    %store/vec4 v00000241f4fe0210_0, 0, 1;
    %delay 10, 0;
    %vpi_call 2 137 "$display", "Setting %s to %s...", "start", "1" {0 0 0};
    %delay 10, 0;
    %pushi/vec4 1, 0, 1;
    %store/vec4 v00000241f4fe16b0_0, 0, 1;
    %delay 10, 0;
    %vpi_call 2 138 "$display", "Pressing uclk..." {0 0 0};
    %delay 10, 0;
    %pushi/vec4 1, 0, 1;
    %store/vec4 v00000241f4fe0170_0, 0, 1;
    %delay 10, 0;
    %pushi/vec4 0, 0, 1;
    %store/vec4 v00000241f4fe0170_0, 0, 1;
    %delay 10, 0;
    %vpi_call 2 140 "$display", "Setting %s to %s...", "start", "0" {0 0 0};
    %delay 10, 0;
    %pushi/vec4 0, 0, 1;
    %store/vec4 v00000241f4fe16b0_0, 0, 1;
    %delay 10, 0;
    %pushi/vec4 0, 0, 32;
    %store/vec4 v00000241f4fe0530_0, 0, 32;
T_6.16 ;
    %load/vec4 v00000241f4fe0530_0;
    %cmpi/s 10, 0, 32;
    %jmp/0xz T_6.17, 5;
    %vpi_call 2 143 "$display", "Pressing uclk..." {0 0 0};
    %delay 10, 0;
    %pushi/vec4 1, 0, 1;
    %store/vec4 v00000241f4fe0170_0, 0, 1;
    %delay 10, 0;
    %pushi/vec4 0, 0, 1;
    %store/vec4 v00000241f4fe0170_0, 0, 1;
    %delay 10, 0;
    %load/vec4 v00000241f4fe0530_0;
    %addi 1, 0, 32;
    %store/vec4 v00000241f4fe0530_0, 0, 32;
    %jmp T_6.16;
T_6.17 ;
    %load/vec4 v00000241f4fe1570_0;
    %cmpi/ne 0, 0, 8;
    %jmp/0xz  T_6.18, 6;
    %vpi_call 2 148 "$display", "\011[FAILURE]:%s", "Product is incorrect" {0 0 0};
    %load/vec4 v00000241f4fe0ad0_0;
    %addi 1, 0, 8;
    %store/vec4 v00000241f4fe0ad0_0, 0, 8;
T_6.18 ;
    %delay 0, 0;
    %vpi_call 2 148 "$display", "Setting %s to %s...", "multiplier", "4'd15" {0 0 0};
    %delay 10, 0;
    %pushi/vec4 15, 0, 4;
    %store/vec4 v00000241f4fe17f0_0, 0, 4;
    %delay 10, 0;
    %vpi_call 2 149 "$display", "Setting %s to %s...", "multiplicand", "4'd1" {0 0 0};
    %delay 10, 0;
    %pushi/vec4 1, 0, 4;
    %store/vec4 v00000241f4fe1110_0, 0, 4;
    %delay 10, 0;
    %vpi_call 2 151 "$display", "Setting %s to %s...", "rst", "1" {0 0 0};
    %delay 10, 0;
    %pushi/vec4 1, 0, 1;
    %store/vec4 v00000241f4fe0210_0, 0, 1;
    %delay 10, 0;
    %vpi_call 2 152 "$display", "Pressing uclk..." {0 0 0};
    %delay 10, 0;
    %pushi/vec4 1, 0, 1;
    %store/vec4 v00000241f4fe0170_0, 0, 1;
    %delay 10, 0;
    %pushi/vec4 0, 0, 1;
    %store/vec4 v00000241f4fe0170_0, 0, 1;
    %delay 10, 0;
    %vpi_call 2 154 "$display", "Setting %s to %s...", "rst", "0" {0 0 0};
    %delay 10, 0;
    %pushi/vec4 0, 0, 1;
    %store/vec4 v00000241f4fe0210_0, 0, 1;
    %delay 10, 0;
    %vpi_call 2 155 "$display", "Setting %s to %s...", "start", "1" {0 0 0};
    %delay 10, 0;
    %pushi/vec4 1, 0, 1;
    %store/vec4 v00000241f4fe16b0_0, 0, 1;
    %delay 10, 0;
    %vpi_call 2 156 "$display", "Pressing uclk..." {0 0 0};
    %delay 10, 0;
    %pushi/vec4 1, 0, 1;
    %store/vec4 v00000241f4fe0170_0, 0, 1;
    %delay 10, 0;
    %pushi/vec4 0, 0, 1;
    %store/vec4 v00000241f4fe0170_0, 0, 1;
    %delay 10, 0;
    %vpi_call 2 158 "$display", "Setting %s to %s...", "start", "0" {0 0 0};
    %delay 10, 0;
    %pushi/vec4 0, 0, 1;
    %store/vec4 v00000241f4fe16b0_0, 0, 1;
    %delay 10, 0;
    %pushi/vec4 0, 0, 32;
    %store/vec4 v00000241f4fe0530_0, 0, 32;
T_6.20 ;
    %load/vec4 v00000241f4fe0530_0;
    %cmpi/s 10, 0, 32;
    %jmp/0xz T_6.21, 5;
    %vpi_call 2 161 "$display", "Pressing uclk..." {0 0 0};
    %delay 10, 0;
    %pushi/vec4 1, 0, 1;
    %store/vec4 v00000241f4fe0170_0, 0, 1;
    %delay 10, 0;
    %pushi/vec4 0, 0, 1;
    %store/vec4 v00000241f4fe0170_0, 0, 1;
    %delay 10, 0;
    %load/vec4 v00000241f4fe0530_0;
    %addi 1, 0, 32;
    %store/vec4 v00000241f4fe0530_0, 0, 32;
    %jmp T_6.20;
T_6.21 ;
    %load/vec4 v00000241f4fe1570_0;
    %cmpi/ne 15, 0, 8;
    %jmp/0xz  T_6.22, 6;
    %vpi_call 2 166 "$display", "\011[FAILURE]:%s", "Product is incorrect" {0 0 0};
    %load/vec4 v00000241f4fe0ad0_0;
    %addi 1, 0, 8;
    %store/vec4 v00000241f4fe0ad0_0, 0, 8;
T_6.22 ;
    %delay 0, 0;
    %vpi_call 2 166 "$display", "\012TESTS COMPLETED (%d FAILURES)", v00000241f4fe0ad0_0 {0 0 0};
    %vpi_call 2 167 "$finish" {0 0 0};
    %end;
    .thread T_6;
# The file index is used to find the file name in the following table.
:file_names 6;
    "N/A";
    "<interactive>";
    "Multiplier.t.v";
    "./Multiplier.v";
    "./MultiplierControl.v";
    "./MultiplierDataPath.v";
