#! /c/Source/iverilog-install/bin/vvp
:ivl_version "12.0 (devel)" "(s20150603-1539-g2693dd32b)";
:ivl_delay_selection "TYPICAL";
:vpi_time_precision + 0;
:vpi_module "C:\iverilog\lib\ivl\system.vpi";
:vpi_module "C:\iverilog\lib\ivl\vhdl_sys.vpi";
:vpi_module "C:\iverilog\lib\ivl\vhdl_textio.vpi";
:vpi_module "C:\iverilog\lib\ivl\v2005_math.vpi";
:vpi_module "C:\iverilog\lib\ivl\va_math.vpi";
S_000001a8f6425760 .scope module, "Multiplier" "Multiplier" 2 8;
 .timescale 0 0;
    .port_info 0 /INPUT 1 "clk";
    .port_info 1 /INPUT 1 "rst";
    .port_info 2 /INPUT 1 "start";
    .port_info 3 /INPUT 4 "multiplier";
    .port_info 4 /INPUT 4 "multiplicand";
    .port_info 5 /OUTPUT 8 "product";
o000001a8f6430f98 .functor BUFZ 1, C4<z>; HiZ drive
v000001a8f6486510_0 .net "clk", 0 0, o000001a8f6430f98;  0 drivers
v000001a8f64865b0_0 .net "mdld", 0 0, v000001a8f63e2910_0;  1 drivers
v000001a8f6486830_0 .net "mr0", 0 0, L_000001a8f6488850;  1 drivers
v000001a8f6488c10_0 .net "mr1", 0 0, L_000001a8f6489b10;  1 drivers
v000001a8f64885d0_0 .net "mr2", 0 0, L_000001a8f6488210;  1 drivers
v000001a8f64899d0_0 .net "mr3", 0 0, L_000001a8f6488cb0;  1 drivers
v000001a8f6489cf0_0 .net "mrld", 0 0, v000001a8f6414b50_0;  1 drivers
o000001a8f6431478 .functor BUFZ 4, C4<zzzz>; HiZ drive
v000001a8f6489d90_0 .net "multiplicand", 3 0, o000001a8f6431478;  0 drivers
o000001a8f64314d8 .functor BUFZ 4, C4<zzzz>; HiZ drive
v000001a8f6489250_0 .net "multiplier", 3 0, o000001a8f64314d8;  0 drivers
v000001a8f6489bb0_0 .net "product", 7 0, L_000001a8f64897f0;  1 drivers
v000001a8f6488170_0 .net "rsclear", 0 0, v000001a8f6486290_0;  1 drivers
v000001a8f6489890_0 .net "rsload", 0 0, v000001a8f6486bf0_0;  1 drivers
v000001a8f64882b0_0 .net "rsshr", 0 0, v000001a8f6486b50_0;  1 drivers
o000001a8f64311a8 .functor BUFZ 1, C4<z>; HiZ drive
v000001a8f64880d0_0 .net "rst", 0 0, o000001a8f64311a8;  0 drivers
o000001a8f64311d8 .functor BUFZ 1, C4<z>; HiZ drive
v000001a8f64896b0_0 .net "start", 0 0, o000001a8f64311d8;  0 drivers
S_000001a8f64258f0 .scope module, "ctrl" "MultiplierControl" 2 46, 3 5 0, S_000001a8f6425760;
 .timescale 0 0;
    .port_info 0 /INPUT 1 "clk";
    .port_info 1 /INPUT 1 "rst";
    .port_info 2 /INPUT 1 "start";
    .port_info 3 /OUTPUT 1 "rsload";
    .port_info 4 /OUTPUT 1 "rsclear";
    .port_info 5 /OUTPUT 1 "rsshr";
    .port_info 6 /OUTPUT 1 "mrld";
    .port_info 7 /OUTPUT 1 "mdld";
    .port_info 8 /INPUT 1 "mr0";
    .port_info 9 /INPUT 1 "mr1";
    .port_info 10 /INPUT 1 "mr2";
    .port_info 11 /INPUT 1 "mr3";
P_000001a8f642a630 .param/l "BIT_ONE" 1 3 33, C4<0100>;
P_000001a8f642a668 .param/l "BIT_ONE_TRUE" 1 3 34, C4<0101>;
P_000001a8f642a6a0 .param/l "BIT_THREE" 1 3 37, C4<1000>;
P_000001a8f642a6d8 .param/l "BIT_THREE_TRUE" 1 3 38, C4<1001>;
P_000001a8f642a710 .param/l "BIT_TWO" 1 3 35, C4<0110>;
P_000001a8f642a748 .param/l "BIT_TWO_TRUE" 1 3 36, C4<0111>;
P_000001a8f642a780 .param/l "BIT_ZERO" 1 3 31, C4<0010>;
P_000001a8f642a7b8 .param/l "BIT_ZERO_TRUE" 1 3 32, C4<0011>;
P_000001a8f642a7f0 .param/l "FINAL" 1 3 39, C4<1010>;
P_000001a8f642a828 .param/l "INIT" 1 3 30, C4<0001>;
P_000001a8f642a860 .param/l "START" 1 3 29, C4<0000>;
v000001a8f640dc00_0 .net "clk", 0 0, o000001a8f6430f98;  alias, 0 drivers
v000001a8f63e2910_0 .var "mdld", 0 0;
v000001a8f642a970_0 .net "mr0", 0 0, L_000001a8f6488850;  alias, 1 drivers
v000001a8f642aa10_0 .net "mr1", 0 0, L_000001a8f6489b10;  alias, 1 drivers
v000001a8f6414a10_0 .net "mr2", 0 0, L_000001a8f6488210;  alias, 1 drivers
v000001a8f6414ab0_0 .net "mr3", 0 0, L_000001a8f6488cb0;  alias, 1 drivers
v000001a8f6414b50_0 .var "mrld", 0 0;
v000001a8f6414bf0_0 .var "next_state", 3 0;
v000001a8f6486290_0 .var "rsclear", 0 0;
v000001a8f6486bf0_0 .var "rsload", 0 0;
v000001a8f6486b50_0 .var "rsshr", 0 0;
v000001a8f6486d30_0 .net "rst", 0 0, o000001a8f64311a8;  alias, 0 drivers
v000001a8f6486970_0 .net "start", 0 0, o000001a8f64311d8;  alias, 0 drivers
v000001a8f6486c90_0 .var "state", 3 0;
E_000001a8f640c9f0 .event posedge, v000001a8f640dc00_0;
E_000001a8f640c0b0/0 .event anyedge, v000001a8f6486c90_0, v000001a8f6486970_0, v000001a8f642a970_0, v000001a8f642aa10_0;
E_000001a8f640c0b0/1 .event anyedge, v000001a8f6414a10_0, v000001a8f6414ab0_0;
E_000001a8f640c0b0 .event/or E_000001a8f640c0b0/0, E_000001a8f640c0b0/1;
E_000001a8f640bfb0 .event anyedge, v000001a8f6486c90_0;
S_000001a8f6414c90 .scope module, "dpath" "MultiplierDatapath" 2 29, 4 5 0, S_000001a8f6425760;
 .timescale 0 0;
    .port_info 0 /INPUT 1 "clk";
    .port_info 1 /INPUT 4 "multiplier";
    .port_info 2 /INPUT 4 "multiplicand";
    .port_info 3 /OUTPUT 8 "product";
    .port_info 4 /INPUT 1 "rsload";
    .port_info 5 /INPUT 1 "rsclear";
    .port_info 6 /INPUT 1 "rsshr";
    .port_info 7 /INPUT 1 "mrld";
    .port_info 8 /INPUT 1 "mdld";
    .port_info 9 /OUTPUT 1 "mr0";
    .port_info 10 /OUTPUT 1 "mr1";
    .port_info 11 /OUTPUT 1 "mr2";
    .port_info 12 /OUTPUT 1 "mr3";
v000001a8f6486fb0_0 .net "clk", 0 0, o000001a8f6430f98;  alias, 0 drivers
v000001a8f6486a10_0 .net "mdld", 0 0, v000001a8f63e2910_0;  alias, 1 drivers
v000001a8f6486ab0_0 .net "mr0", 0 0, L_000001a8f6488850;  alias, 1 drivers
v000001a8f64868d0_0 .net "mr1", 0 0, L_000001a8f6489b10;  alias, 1 drivers
v000001a8f6486dd0_0 .net "mr2", 0 0, L_000001a8f6488210;  alias, 1 drivers
v000001a8f6486650_0 .net "mr3", 0 0, L_000001a8f6488cb0;  alias, 1 drivers
v000001a8f6486330_0 .net "mrld", 0 0, v000001a8f6414b50_0;  alias, 1 drivers
v000001a8f64860b0_0 .net "multiplicand", 3 0, o000001a8f6431478;  alias, 0 drivers
v000001a8f6486e70_0 .var "multiplicandReg", 8 0;
v000001a8f6486f10_0 .net "multiplier", 3 0, o000001a8f64314d8;  alias, 0 drivers
v000001a8f6486150_0 .var "multiplierReg", 3 0;
v000001a8f64861f0_0 .net "product", 7 0, L_000001a8f64897f0;  alias, 1 drivers
v000001a8f64866f0_0 .net "rsclear", 0 0, v000001a8f6486290_0;  alias, 1 drivers
v000001a8f64863d0_0 .net "rsload", 0 0, v000001a8f6486bf0_0;  alias, 1 drivers
v000001a8f6486790_0 .net "rsshr", 0 0, v000001a8f6486b50_0;  alias, 1 drivers
v000001a8f6486470_0 .var "runningSumReg", 8 0;
L_000001a8f6488cb0 .part v000001a8f6486150_0, 3, 1;
L_000001a8f6488210 .part v000001a8f6486150_0, 2, 1;
L_000001a8f6489b10 .part v000001a8f6486150_0, 1, 1;
L_000001a8f6488850 .part v000001a8f6486150_0, 0, 1;
L_000001a8f64897f0 .part v000001a8f6486470_0, 0, 8;
    .scope S_000001a8f6414c90;
T_0 ;
    %wait E_000001a8f640c9f0;
    %load/vec4 v000001a8f6486a10_0;
    %flag_set/vec4 8;
    %jmp/0xz  T_0.0, 8;
    %load/vec4 v000001a8f64860b0_0;
    %pad/u 9;
    %ix/load 4, 4, 0;
    %flag_set/imm 4, 0;
    %shiftl 4;
    %assign/vec4 v000001a8f6486e70_0, 0;
T_0.0 ;
    %load/vec4 v000001a8f6486330_0;
    %flag_set/vec4 8;
    %jmp/0xz  T_0.2, 8;
    %load/vec4 v000001a8f6486f10_0;
    %assign/vec4 v000001a8f6486150_0, 0;
T_0.2 ;
    %load/vec4 v000001a8f64866f0_0;
    %flag_set/vec4 8;
    %jmp/0xz  T_0.4, 8;
    %pushi/vec4 0, 0, 9;
    %assign/vec4 v000001a8f6486470_0, 0;
T_0.4 ;
    %load/vec4 v000001a8f64863d0_0;
    %flag_set/vec4 8;
    %jmp/0xz  T_0.6, 8;
    %load/vec4 v000001a8f6486e70_0;
    %load/vec4 v000001a8f6486470_0;
    %add;
    %assign/vec4 v000001a8f6486470_0, 0;
T_0.6 ;
    %load/vec4 v000001a8f6486790_0;
    %flag_set/vec4 8;
    %jmp/0xz  T_0.8, 8;
    %load/vec4 v000001a8f6486470_0;
    %ix/load 4, 1, 0;
    %flag_set/imm 4, 0;
    %shiftr 4;
    %assign/vec4 v000001a8f6486470_0, 0;
T_0.8 ;
    %jmp T_0;
    .thread T_0;
    .scope S_000001a8f64258f0;
T_1 ;
    %wait E_000001a8f640bfb0;
    %pushi/vec4 0, 0, 1;
    %store/vec4 v000001a8f6486bf0_0, 0, 1;
    %pushi/vec4 0, 0, 1;
    %store/vec4 v000001a8f6486290_0, 0, 1;
    %pushi/vec4 0, 0, 1;
    %store/vec4 v000001a8f6486b50_0, 0, 1;
    %pushi/vec4 0, 0, 1;
    %store/vec4 v000001a8f6414b50_0, 0, 1;
    %pushi/vec4 0, 0, 1;
    %store/vec4 v000001a8f63e2910_0, 0, 1;
    %load/vec4 v000001a8f6486c90_0;
    %dup/vec4;
    %pushi/vec4 1, 0, 4;
    %cmp/u;
    %jmp/1 T_1.0, 6;
    %dup/vec4;
    %pushi/vec4 3, 0, 4;
    %cmp/u;
    %jmp/1 T_1.1, 6;
    %dup/vec4;
    %pushi/vec4 4, 0, 4;
    %cmp/u;
    %jmp/1 T_1.2, 6;
    %dup/vec4;
    %pushi/vec4 5, 0, 4;
    %cmp/u;
    %jmp/1 T_1.3, 6;
    %dup/vec4;
    %pushi/vec4 6, 0, 4;
    %cmp/u;
    %jmp/1 T_1.4, 6;
    %dup/vec4;
    %pushi/vec4 7, 0, 4;
    %cmp/u;
    %jmp/1 T_1.5, 6;
    %dup/vec4;
    %pushi/vec4 8, 0, 4;
    %cmp/u;
    %jmp/1 T_1.6, 6;
    %dup/vec4;
    %pushi/vec4 9, 0, 4;
    %cmp/u;
    %jmp/1 T_1.7, 6;
    %dup/vec4;
    %pushi/vec4 10, 0, 4;
    %cmp/u;
    %jmp/1 T_1.8, 6;
    %jmp T_1.9;
T_1.0 ;
    %pushi/vec4 1, 0, 1;
    %store/vec4 v000001a8f63e2910_0, 0, 1;
    %pushi/vec4 1, 0, 1;
    %store/vec4 v000001a8f6414b50_0, 0, 1;
    %pushi/vec4 1, 0, 1;
    %store/vec4 v000001a8f6486290_0, 0, 1;
    %jmp T_1.9;
T_1.1 ;
    %pushi/vec4 1, 0, 1;
    %store/vec4 v000001a8f6486bf0_0, 0, 1;
    %jmp T_1.9;
T_1.2 ;
    %pushi/vec4 1, 0, 1;
    %store/vec4 v000001a8f6486b50_0, 0, 1;
    %jmp T_1.9;
T_1.3 ;
    %pushi/vec4 1, 0, 1;
    %store/vec4 v000001a8f6486bf0_0, 0, 1;
    %jmp T_1.9;
T_1.4 ;
    %pushi/vec4 1, 0, 1;
    %store/vec4 v000001a8f6486b50_0, 0, 1;
    %jmp T_1.9;
T_1.5 ;
    %pushi/vec4 1, 0, 1;
    %store/vec4 v000001a8f6486bf0_0, 0, 1;
    %jmp T_1.9;
T_1.6 ;
    %pushi/vec4 1, 0, 1;
    %store/vec4 v000001a8f6486b50_0, 0, 1;
    %jmp T_1.9;
T_1.7 ;
    %pushi/vec4 1, 0, 1;
    %store/vec4 v000001a8f6486bf0_0, 0, 1;
    %jmp T_1.9;
T_1.8 ;
    %pushi/vec4 1, 0, 1;
    %store/vec4 v000001a8f6486b50_0, 0, 1;
    %jmp T_1.9;
T_1.9 ;
    %pop/vec4 1;
    %jmp T_1;
    .thread T_1, $push;
    .scope S_000001a8f64258f0;
T_2 ;
    %wait E_000001a8f640c0b0;
    %load/vec4 v000001a8f6486c90_0;
    %store/vec4 v000001a8f6414bf0_0, 0, 4;
    %load/vec4 v000001a8f6486c90_0;
    %dup/vec4;
    %pushi/vec4 0, 0, 4;
    %cmp/u;
    %jmp/1 T_2.0, 6;
    %dup/vec4;
    %pushi/vec4 1, 0, 4;
    %cmp/u;
    %jmp/1 T_2.1, 6;
    %dup/vec4;
    %pushi/vec4 2, 0, 4;
    %cmp/u;
    %jmp/1 T_2.2, 6;
    %dup/vec4;
    %pushi/vec4 3, 0, 4;
    %cmp/u;
    %jmp/1 T_2.3, 6;
    %dup/vec4;
    %pushi/vec4 4, 0, 4;
    %cmp/u;
    %jmp/1 T_2.4, 6;
    %dup/vec4;
    %pushi/vec4 5, 0, 4;
    %cmp/u;
    %jmp/1 T_2.5, 6;
    %dup/vec4;
    %pushi/vec4 6, 0, 4;
    %cmp/u;
    %jmp/1 T_2.6, 6;
    %dup/vec4;
    %pushi/vec4 7, 0, 4;
    %cmp/u;
    %jmp/1 T_2.7, 6;
    %dup/vec4;
    %pushi/vec4 8, 0, 4;
    %cmp/u;
    %jmp/1 T_2.8, 6;
    %dup/vec4;
    %pushi/vec4 9, 0, 4;
    %cmp/u;
    %jmp/1 T_2.9, 6;
    %dup/vec4;
    %pushi/vec4 10, 0, 4;
    %cmp/u;
    %jmp/1 T_2.10, 6;
    %jmp T_2.11;
T_2.0 ;
    %load/vec4 v000001a8f6486970_0;
    %flag_set/vec4 8;
    %jmp/0xz  T_2.12, 8;
    %pushi/vec4 1, 0, 4;
    %store/vec4 v000001a8f6414bf0_0, 0, 4;
T_2.12 ;
    %jmp T_2.11;
T_2.1 ;
    %pushi/vec4 2, 0, 4;
    %store/vec4 v000001a8f6414bf0_0, 0, 4;
    %jmp T_2.11;
T_2.2 ;
    %load/vec4 v000001a8f642a970_0;
    %flag_set/vec4 8;
    %jmp/0xz  T_2.14, 8;
    %pushi/vec4 3, 0, 4;
    %store/vec4 v000001a8f6414bf0_0, 0, 4;
    %jmp T_2.15;
T_2.14 ;
    %pushi/vec4 4, 0, 4;
    %store/vec4 v000001a8f6414bf0_0, 0, 4;
T_2.15 ;
    %jmp T_2.11;
T_2.3 ;
    %pushi/vec4 4, 0, 4;
    %store/vec4 v000001a8f6414bf0_0, 0, 4;
    %jmp T_2.11;
T_2.4 ;
    %load/vec4 v000001a8f642aa10_0;
    %flag_set/vec4 8;
    %jmp/0xz  T_2.16, 8;
    %pushi/vec4 5, 0, 4;
    %store/vec4 v000001a8f6414bf0_0, 0, 4;
    %jmp T_2.17;
T_2.16 ;
    %pushi/vec4 6, 0, 4;
    %store/vec4 v000001a8f6414bf0_0, 0, 4;
T_2.17 ;
    %jmp T_2.11;
T_2.5 ;
    %pushi/vec4 6, 0, 4;
    %store/vec4 v000001a8f6414bf0_0, 0, 4;
    %jmp T_2.11;
T_2.6 ;
    %load/vec4 v000001a8f6414a10_0;
    %flag_set/vec4 8;
    %jmp/0xz  T_2.18, 8;
    %pushi/vec4 7, 0, 4;
    %store/vec4 v000001a8f6414bf0_0, 0, 4;
    %jmp T_2.19;
T_2.18 ;
    %pushi/vec4 8, 0, 4;
    %store/vec4 v000001a8f6414bf0_0, 0, 4;
T_2.19 ;
    %jmp T_2.11;
T_2.7 ;
    %pushi/vec4 8, 0, 4;
    %store/vec4 v000001a8f6414bf0_0, 0, 4;
    %jmp T_2.11;
T_2.8 ;
    %load/vec4 v000001a8f6414ab0_0;
    %flag_set/vec4 8;
    %jmp/0xz  T_2.20, 8;
    %pushi/vec4 9, 0, 4;
    %store/vec4 v000001a8f6414bf0_0, 0, 4;
    %jmp T_2.21;
T_2.20 ;
    %pushi/vec4 10, 0, 4;
    %store/vec4 v000001a8f6414bf0_0, 0, 4;
T_2.21 ;
    %jmp T_2.11;
T_2.9 ;
    %pushi/vec4 10, 0, 4;
    %store/vec4 v000001a8f6414bf0_0, 0, 4;
    %jmp T_2.11;
T_2.10 ;
    %pushi/vec4 0, 0, 4;
    %store/vec4 v000001a8f6414bf0_0, 0, 4;
    %jmp T_2.11;
T_2.11 ;
    %pop/vec4 1;
    %jmp T_2;
    .thread T_2, $push;
    .scope S_000001a8f64258f0;
T_3 ;
    %wait E_000001a8f640c9f0;
    %load/vec4 v000001a8f6486d30_0;
    %flag_set/vec4 8;
    %jmp/0xz  T_3.0, 8;
    %pushi/vec4 0, 0, 4;
    %assign/vec4 v000001a8f6486c90_0, 0;
    %jmp T_3.1;
T_3.0 ;
    %load/vec4 v000001a8f6414bf0_0;
    %assign/vec4 v000001a8f6486c90_0, 0;
T_3.1 ;
    %jmp T_3;
    .thread T_3;
# The file index is used to find the file name in the following table.
:file_names 5;
    "N/A";
    "<interactive>";
    "Multiplier.v";
    "./MultiplierControl.v";
    "./MultiplierDataPath.v";
