#! /c/Source/iverilog-install/bin/vvp
:ivl_version "12.0 (devel)" "(s20150603-1539-g2693dd32b)";
:ivl_delay_selection "TYPICAL";
:vpi_time_precision + 0;
:vpi_module "C:\iverilog\lib\ivl\system.vpi";
:vpi_module "C:\iverilog\lib\ivl\vhdl_sys.vpi";
:vpi_module "C:\iverilog\lib\ivl\vhdl_textio.vpi";
:vpi_module "C:\iverilog\lib\ivl\v2005_math.vpi";
:vpi_module "C:\iverilog\lib\ivl\va_math.vpi";
S_0000029e914e25e0 .scope module, "MultiplierControl" "MultiplierControl" 2 5;
 .timescale 0 0;
    .port_info 0 /INPUT 1 "clk";
    .port_info 1 /INPUT 1 "rst";
    .port_info 2 /INPUT 1 "start";
    .port_info 3 /OUTPUT 1 "rsload";
    .port_info 4 /OUTPUT 1 "rsclear";
    .port_info 5 /OUTPUT 1 "rsshr";
    .port_info 6 /OUTPUT 1 "mrld";
    .port_info 7 /OUTPUT 1 "mdld";
    .port_info 8 /INPUT 1 "mr0";
    .port_info 9 /INPUT 1 "mr1";
    .port_info 10 /INPUT 1 "mr2";
    .port_info 11 /INPUT 1 "mr3";
P_0000029e91506870 .param/l "BIT_ONE" 1 2 33, C4<0100>;
P_0000029e915068a8 .param/l "BIT_ONE_TRUE" 1 2 34, C4<0101>;
P_0000029e915068e0 .param/l "BIT_THREE" 1 2 37, C4<1000>;
P_0000029e91506918 .param/l "BIT_THREE_TRUE" 1 2 38, C4<1001>;
P_0000029e91506950 .param/l "BIT_TWO" 1 2 35, C4<0110>;
P_0000029e91506988 .param/l "BIT_TWO_TRUE" 1 2 36, C4<0111>;
P_0000029e915069c0 .param/l "BIT_ZERO" 1 2 31, C4<0010>;
P_0000029e915069f8 .param/l "BIT_ZERO_TRUE" 1 2 32, C4<0011>;
P_0000029e91506a30 .param/l "FINAL" 1 2 39, C4<1010>;
P_0000029e91506a68 .param/l "INIT" 1 2 30, C4<0001>;
P_0000029e91506aa0 .param/l "START" 1 2 29, C4<0000>;
o0000029e91526fb8 .functor BUFZ 1, C4<z>; HiZ drive
v0000029e914e2840_0 .net "clk", 0 0, o0000029e91526fb8;  0 drivers
v0000029e91514370_0 .var "mdld", 0 0;
o0000029e91527018 .functor BUFZ 1, C4<z>; HiZ drive
v0000029e91514410_0 .net "mr0", 0 0, o0000029e91527018;  0 drivers
o0000029e91527048 .functor BUFZ 1, C4<z>; HiZ drive
v0000029e915144b0_0 .net "mr1", 0 0, o0000029e91527048;  0 drivers
o0000029e91527078 .functor BUFZ 1, C4<z>; HiZ drive
v0000029e91514550_0 .net "mr2", 0 0, o0000029e91527078;  0 drivers
o0000029e915270a8 .functor BUFZ 1, C4<z>; HiZ drive
v0000029e915145f0_0 .net "mr3", 0 0, o0000029e915270a8;  0 drivers
v0000029e91514690_0 .var "mrld", 0 0;
v0000029e91514730_0 .var "next_state", 3 0;
v0000029e915147d0_0 .var "rsclear", 0 0;
v0000029e91514870_0 .var "rsload", 0 0;
v0000029e91514910_0 .var "rsshr", 0 0;
o0000029e915271c8 .functor BUFZ 1, C4<z>; HiZ drive
v0000029e915149b0_0 .net "rst", 0 0, o0000029e915271c8;  0 drivers
o0000029e915271f8 .functor BUFZ 1, C4<z>; HiZ drive
v0000029e91514a50_0 .net "start", 0 0, o0000029e915271f8;  0 drivers
v0000029e91571d20_0 .var "state", 3 0;
E_0000029e915250f0 .event posedge, v0000029e914e2840_0;
E_0000029e91525230/0 .event anyedge, v0000029e91571d20_0, v0000029e91514a50_0, v0000029e91514410_0, v0000029e915144b0_0;
E_0000029e91525230/1 .event anyedge, v0000029e91514550_0, v0000029e915145f0_0;
E_0000029e91525230 .event/or E_0000029e91525230/0, E_0000029e91525230/1;
E_0000029e91524a70 .event anyedge, v0000029e91571d20_0;
    .scope S_0000029e914e25e0;
T_0 ;
    %wait E_0000029e91524a70;
    %pushi/vec4 0, 0, 1;
    %store/vec4 v0000029e91514870_0, 0, 1;
    %pushi/vec4 0, 0, 1;
    %store/vec4 v0000029e915147d0_0, 0, 1;
    %pushi/vec4 0, 0, 1;
    %store/vec4 v0000029e91514910_0, 0, 1;
    %pushi/vec4 0, 0, 1;
    %store/vec4 v0000029e91514690_0, 0, 1;
    %pushi/vec4 0, 0, 1;
    %store/vec4 v0000029e91514370_0, 0, 1;
    %load/vec4 v0000029e91571d20_0;
    %dup/vec4;
    %pushi/vec4 1, 0, 4;
    %cmp/u;
    %jmp/1 T_0.0, 6;
    %dup/vec4;
    %pushi/vec4 3, 0, 4;
    %cmp/u;
    %jmp/1 T_0.1, 6;
    %dup/vec4;
    %pushi/vec4 4, 0, 4;
    %cmp/u;
    %jmp/1 T_0.2, 6;
    %dup/vec4;
    %pushi/vec4 5, 0, 4;
    %cmp/u;
    %jmp/1 T_0.3, 6;
    %dup/vec4;
    %pushi/vec4 6, 0, 4;
    %cmp/u;
    %jmp/1 T_0.4, 6;
    %dup/vec4;
    %pushi/vec4 7, 0, 4;
    %cmp/u;
    %jmp/1 T_0.5, 6;
    %dup/vec4;
    %pushi/vec4 8, 0, 4;
    %cmp/u;
    %jmp/1 T_0.6, 6;
    %dup/vec4;
    %pushi/vec4 9, 0, 4;
    %cmp/u;
    %jmp/1 T_0.7, 6;
    %dup/vec4;
    %pushi/vec4 10, 0, 4;
    %cmp/u;
    %jmp/1 T_0.8, 6;
    %jmp T_0.9;
T_0.0 ;
    %pushi/vec4 1, 0, 1;
    %store/vec4 v0000029e91514370_0, 0, 1;
    %pushi/vec4 1, 0, 1;
    %store/vec4 v0000029e91514690_0, 0, 1;
    %pushi/vec4 1, 0, 1;
    %store/vec4 v0000029e915147d0_0, 0, 1;
    %jmp T_0.9;
T_0.1 ;
    %pushi/vec4 1, 0, 1;
    %store/vec4 v0000029e91514870_0, 0, 1;
    %jmp T_0.9;
T_0.2 ;
    %pushi/vec4 1, 0, 1;
    %store/vec4 v0000029e91514910_0, 0, 1;
    %jmp T_0.9;
T_0.3 ;
    %pushi/vec4 1, 0, 1;
    %store/vec4 v0000029e91514870_0, 0, 1;
    %jmp T_0.9;
T_0.4 ;
    %pushi/vec4 1, 0, 1;
    %store/vec4 v0000029e91514910_0, 0, 1;
    %jmp T_0.9;
T_0.5 ;
    %pushi/vec4 1, 0, 1;
    %store/vec4 v0000029e91514870_0, 0, 1;
    %jmp T_0.9;
T_0.6 ;
    %pushi/vec4 1, 0, 1;
    %store/vec4 v0000029e91514910_0, 0, 1;
    %jmp T_0.9;
T_0.7 ;
    %pushi/vec4 1, 0, 1;
    %store/vec4 v0000029e91514870_0, 0, 1;
    %jmp T_0.9;
T_0.8 ;
    %pushi/vec4 1, 0, 1;
    %store/vec4 v0000029e91514910_0, 0, 1;
    %jmp T_0.9;
T_0.9 ;
    %pop/vec4 1;
    %jmp T_0;
    .thread T_0, $push;
    .scope S_0000029e914e25e0;
T_1 ;
    %wait E_0000029e91525230;
    %load/vec4 v0000029e91571d20_0;
    %store/vec4 v0000029e91514730_0, 0, 4;
    %load/vec4 v0000029e91571d20_0;
    %dup/vec4;
    %pushi/vec4 0, 0, 4;
    %cmp/u;
    %jmp/1 T_1.0, 6;
    %dup/vec4;
    %pushi/vec4 1, 0, 4;
    %cmp/u;
    %jmp/1 T_1.1, 6;
    %dup/vec4;
    %pushi/vec4 2, 0, 4;
    %cmp/u;
    %jmp/1 T_1.2, 6;
    %dup/vec4;
    %pushi/vec4 3, 0, 4;
    %cmp/u;
    %jmp/1 T_1.3, 6;
    %dup/vec4;
    %pushi/vec4 4, 0, 4;
    %cmp/u;
    %jmp/1 T_1.4, 6;
    %dup/vec4;
    %pushi/vec4 5, 0, 4;
    %cmp/u;
    %jmp/1 T_1.5, 6;
    %dup/vec4;
    %pushi/vec4 6, 0, 4;
    %cmp/u;
    %jmp/1 T_1.6, 6;
    %dup/vec4;
    %pushi/vec4 7, 0, 4;
    %cmp/u;
    %jmp/1 T_1.7, 6;
    %dup/vec4;
    %pushi/vec4 8, 0, 4;
    %cmp/u;
    %jmp/1 T_1.8, 6;
    %dup/vec4;
    %pushi/vec4 9, 0, 4;
    %cmp/u;
    %jmp/1 T_1.9, 6;
    %dup/vec4;
    %pushi/vec4 10, 0, 4;
    %cmp/u;
    %jmp/1 T_1.10, 6;
    %jmp T_1.11;
T_1.0 ;
    %load/vec4 v0000029e91514a50_0;
    %flag_set/vec4 8;
    %jmp/0xz  T_1.12, 8;
    %pushi/vec4 1, 0, 4;
    %store/vec4 v0000029e91514730_0, 0, 4;
T_1.12 ;
    %jmp T_1.11;
T_1.1 ;
    %pushi/vec4 2, 0, 4;
    %store/vec4 v0000029e91514730_0, 0, 4;
    %jmp T_1.11;
T_1.2 ;
    %load/vec4 v0000029e91514410_0;
    %flag_set/vec4 8;
    %jmp/0xz  T_1.14, 8;
    %pushi/vec4 3, 0, 4;
    %store/vec4 v0000029e91514730_0, 0, 4;
    %jmp T_1.15;
T_1.14 ;
    %pushi/vec4 4, 0, 4;
    %store/vec4 v0000029e91514730_0, 0, 4;
T_1.15 ;
    %jmp T_1.11;
T_1.3 ;
    %pushi/vec4 4, 0, 4;
    %store/vec4 v0000029e91514730_0, 0, 4;
    %jmp T_1.11;
T_1.4 ;
    %load/vec4 v0000029e915144b0_0;
    %flag_set/vec4 8;
    %jmp/0xz  T_1.16, 8;
    %pushi/vec4 5, 0, 4;
    %store/vec4 v0000029e91514730_0, 0, 4;
    %jmp T_1.17;
T_1.16 ;
    %pushi/vec4 6, 0, 4;
    %store/vec4 v0000029e91514730_0, 0, 4;
T_1.17 ;
    %jmp T_1.11;
T_1.5 ;
    %pushi/vec4 6, 0, 4;
    %store/vec4 v0000029e91514730_0, 0, 4;
    %jmp T_1.11;
T_1.6 ;
    %load/vec4 v0000029e91514550_0;
    %flag_set/vec4 8;
    %jmp/0xz  T_1.18, 8;
    %pushi/vec4 7, 0, 4;
    %store/vec4 v0000029e91514730_0, 0, 4;
    %jmp T_1.19;
T_1.18 ;
    %pushi/vec4 8, 0, 4;
    %store/vec4 v0000029e91514730_0, 0, 4;
T_1.19 ;
    %jmp T_1.11;
T_1.7 ;
    %pushi/vec4 8, 0, 4;
    %store/vec4 v0000029e91514730_0, 0, 4;
    %jmp T_1.11;
T_1.8 ;
    %load/vec4 v0000029e915145f0_0;
    %flag_set/vec4 8;
    %jmp/0xz  T_1.20, 8;
    %pushi/vec4 9, 0, 4;
    %store/vec4 v0000029e91514730_0, 0, 4;
    %jmp T_1.21;
T_1.20 ;
    %pushi/vec4 10, 0, 4;
    %store/vec4 v0000029e91514730_0, 0, 4;
T_1.21 ;
    %jmp T_1.11;
T_1.9 ;
    %pushi/vec4 10, 0, 4;
    %store/vec4 v0000029e91514730_0, 0, 4;
    %jmp T_1.11;
T_1.10 ;
    %pushi/vec4 0, 0, 4;
    %store/vec4 v0000029e91514730_0, 0, 4;
    %jmp T_1.11;
T_1.11 ;
    %pop/vec4 1;
    %jmp T_1;
    .thread T_1, $push;
    .scope S_0000029e914e25e0;
T_2 ;
    %wait E_0000029e915250f0;
    %load/vec4 v0000029e915149b0_0;
    %flag_set/vec4 8;
    %jmp/0xz  T_2.0, 8;
    %pushi/vec4 0, 0, 4;
    %assign/vec4 v0000029e91571d20_0, 0;
    %jmp T_2.1;
T_2.0 ;
    %load/vec4 v0000029e91514730_0;
    %assign/vec4 v0000029e91571d20_0, 0;
T_2.1 ;
    %jmp T_2;
    .thread T_2;
# The file index is used to find the file name in the following table.
:file_names 3;
    "N/A";
    "<interactive>";
    "MultiplierControl.v";
