#! /c/Source/iverilog-install/bin/vvp
:ivl_version "12.0 (devel)" "(s20150603-1539-g2693dd32b)";
:ivl_delay_selection "TYPICAL";
:vpi_time_precision + 0;
:vpi_module "C:\iverilog\lib\ivl\system.vpi";
:vpi_module "C:\iverilog\lib\ivl\vhdl_sys.vpi";
:vpi_module "C:\iverilog\lib\ivl\vhdl_textio.vpi";
:vpi_module "C:\iverilog\lib\ivl\v2005_math.vpi";
:vpi_module "C:\iverilog\lib\ivl\va_math.vpi";
S_00000273d4b66360 .scope module, "aclock" "aclock" 2 2;
 .timescale 0 0;
    .port_info 0 /INPUT 1 "reset";
    .port_info 1 /INPUT 1 "clk";
    .port_info 2 /INPUT 2 "H_in1";
    .port_info 3 /INPUT 4 "H_in0";
    .port_info 4 /INPUT 4 "M_in1";
    .port_info 5 /INPUT 4 "M_in0";
    .port_info 6 /INPUT 1 "LD_time";
    .port_info 7 /INPUT 1 "LD_alarm";
    .port_info 8 /INPUT 1 "STOP_al";
    .port_info 9 /INPUT 1 "AL_ON";
    .port_info 10 /OUTPUT 1 "Alarm";
    .port_info 11 /OUTPUT 2 "H_out1";
    .port_info 12 /OUTPUT 4 "H_out0";
    .port_info 13 /OUTPUT 4 "M_out1";
    .port_info 14 /OUTPUT 4 "M_out0";
    .port_info 15 /OUTPUT 4 "S_out1";
    .port_info 16 /OUTPUT 4 "S_out0";
L_00000273d4a56450 .functor BUFZ 2, v00000273d4aaabc0_0, C4<00>, C4<00>, C4<00>;
L_00000273d4a55650 .functor BUFZ 4, v00000273d4aaab20_0, C4<0000>, C4<0000>, C4<0000>;
L_00000273d4a564c0 .functor BUFZ 4, v00000273d4aab660_0, C4<0000>, C4<0000>, C4<0000>;
L_00000273d4a56140 .functor BUFZ 4, v00000273d4aab2a0_0, C4<0000>, C4<0000>, C4<0000>;
L_00000273d4a56370 .functor BUFZ 4, v00000273d4aab200_0, C4<0000>, C4<0000>, C4<0000>;
L_00000273d4a55e30 .functor BUFZ 4, v00000273d4aab480_0, C4<0000>, C4<0000>, C4<0000>;
o00000273d4a5e038 .functor BUFZ 1, C4<z>; HiZ drive
v00000273d4b66720_0 .net "AL_ON", 0 0, o00000273d4a5e038;  0 drivers
v00000273d4a44330_0 .var "Alarm", 0 0;
o00000273d4a5e098 .functor BUFZ 4, C4<zzzz>; HiZ drive
v00000273d4a443d0_0 .net "H_in0", 3 0, o00000273d4a5e098;  0 drivers
o00000273d4a5e0c8 .functor BUFZ 2, C4<zz>; HiZ drive
v00000273d4a44470_0 .net "H_in1", 1 0, o00000273d4a5e0c8;  0 drivers
v00000273d4a44510_0 .net "H_out0", 3 0, L_00000273d4a55650;  1 drivers
v00000273d4a445b0_0 .net "H_out1", 1 0, L_00000273d4a56450;  1 drivers
o00000273d4a5e158 .functor BUFZ 1, C4<z>; HiZ drive
v00000273d4aaa850_0 .net "LD_alarm", 0 0, o00000273d4a5e158;  0 drivers
o00000273d4a5e188 .functor BUFZ 1, C4<z>; HiZ drive
v00000273d4aaa8f0_0 .net "LD_time", 0 0, o00000273d4a5e188;  0 drivers
o00000273d4a5e1b8 .functor BUFZ 4, C4<zzzz>; HiZ drive
v00000273d4aaa990_0 .net "M_in0", 3 0, o00000273d4a5e1b8;  0 drivers
o00000273d4a5e1e8 .functor BUFZ 4, C4<zzzz>; HiZ drive
v00000273d4aaaa30_0 .net "M_in1", 3 0, o00000273d4a5e1e8;  0 drivers
v00000273d4aab7a0_0 .net "M_out0", 3 0, L_00000273d4a56140;  1 drivers
v00000273d4aab160_0 .net "M_out1", 3 0, L_00000273d4a564c0;  1 drivers
o00000273d4a5e278 .functor BUFZ 1, C4<z>; HiZ drive
v00000273d4aab020_0 .net "STOP_al", 0 0, o00000273d4a5e278;  0 drivers
v00000273d4aab980_0 .net "S_out0", 3 0, L_00000273d4a55e30;  1 drivers
v00000273d4aaada0_0 .net "S_out1", 3 0, L_00000273d4a56370;  1 drivers
v00000273d4aaae40_0 .var "a_hour0", 3 0;
v00000273d4aab840_0 .var "a_hour1", 1 0;
v00000273d4aab0c0_0 .var "a_min0", 3 0;
v00000273d4aab340_0 .var "a_min1", 3 0;
v00000273d4aab5c0_0 .var "a_sec0", 3 0;
v00000273d4aab3e0_0 .var "a_sec1", 3 0;
v00000273d4aaab20_0 .var "c_hour0", 3 0;
v00000273d4aaabc0_0 .var "c_hour1", 1 0;
v00000273d4aab2a0_0 .var "c_min0", 3 0;
v00000273d4aab660_0 .var "c_min1", 3 0;
v00000273d4aab480_0 .var "c_sec0", 3 0;
v00000273d4aab200_0 .var "c_sec1", 3 0;
o00000273d4a5e548 .functor BUFZ 1, C4<z>; HiZ drive
v00000273d4aaaee0_0 .net "clk", 0 0, o00000273d4a5e548;  0 drivers
v00000273d4aab700_0 .var "clk_1s", 0 0;
o00000273d4a5e5a8 .functor BUFZ 1, C4<z>; HiZ drive
v00000273d4aaad00_0 .net "reset", 0 0, o00000273d4a5e5a8;  0 drivers
v00000273d4aaac60_0 .var "tmp_1s", 3 0;
v00000273d4aab520_0 .var "tmp_hour", 5 0;
v00000273d4aaaf80_0 .var "tmp_minute", 5 0;
v00000273d4aab8e0_0 .var "tmp_second", 5 0;
E_00000273d4a39be0 .event posedge, v00000273d4aaad00_0, v00000273d4aab700_0;
E_00000273d4a39ce0/0 .event anyedge, v00000273d4aab520_0, v00000273d4aaabc0_0, v00000273d4aaaf80_0, v00000273d4aab660_0;
E_00000273d4a39ce0/1 .event anyedge, v00000273d4aab8e0_0, v00000273d4aab200_0;
E_00000273d4a39ce0 .event/or E_00000273d4a39ce0/0, E_00000273d4a39ce0/1;
E_00000273d4a3a620 .event posedge, v00000273d4aaad00_0, v00000273d4aaaee0_0;
S_00000273d4b664f0 .scope function.vec4.s4, "mod_10" "mod_10" 2 46, 2 46 0, S_00000273d4b66360;
 .timescale 0 0;
; Variable mod_10 is vec4 return value of scope S_00000273d4b664f0
v00000273d4b66680_0 .var "number", 5 0;
TD_aclock.mod_10 ;
    %load/vec4 v00000273d4b66680_0;
    %pad/u 32;
    %cmpi/u 50, 0, 32;
    %flag_inv 5; GE is !LT
    %flag_mov 8, 5;
    %jmp/0 T_0.0, 8;
    %pushi/vec4 5, 0, 4;
    %jmp/1 T_0.1, 8;
T_0.0 ; End of true expr.
    %load/vec4 v00000273d4b66680_0;
    %pad/u 32;
    %cmpi/u 40, 0, 32;
    %flag_inv 5; GE is !LT
    %flag_mov 9, 5;
    %jmp/0 T_0.2, 9;
    %pushi/vec4 4, 0, 4;
    %jmp/1 T_0.3, 9;
T_0.2 ; End of true expr.
    %load/vec4 v00000273d4b66680_0;
    %pad/u 32;
    %cmpi/u 30, 0, 32;
    %flag_inv 5; GE is !LT
    %flag_mov 10, 5;
    %jmp/0 T_0.4, 10;
    %pushi/vec4 3, 0, 4;
    %jmp/1 T_0.5, 10;
T_0.4 ; End of true expr.
    %load/vec4 v00000273d4b66680_0;
    %pad/u 32;
    %cmpi/u 20, 0, 32;
    %flag_inv 5; GE is !LT
    %flag_mov 11, 5;
    %jmp/0 T_0.6, 11;
    %pushi/vec4 2, 0, 4;
    %jmp/1 T_0.7, 11;
T_0.6 ; End of true expr.
    %load/vec4 v00000273d4b66680_0;
    %pad/u 32;
    %cmpi/u 10, 0, 32;
    %flag_inv 5; GE is !LT
    %flag_mov 12, 5;
    %jmp/0 T_0.8, 12;
    %pushi/vec4 1, 0, 4;
    %jmp/1 T_0.9, 12;
T_0.8 ; End of true expr.
    %pushi/vec4 0, 0, 4;
    %jmp/0 T_0.9, 12;
 ; End of false expr.
    %blend;
T_0.9;
    %jmp/0 T_0.7, 11;
 ; End of false expr.
    %blend;
T_0.7;
    %jmp/0 T_0.5, 10;
 ; End of false expr.
    %blend;
T_0.5;
    %jmp/0 T_0.3, 9;
 ; End of false expr.
    %blend;
T_0.3;
    %jmp/0 T_0.1, 8;
 ; End of false expr.
    %blend;
T_0.1;
    %ret/vec4 0, 0, 4;  Assign to mod_10 (store_vec4_to_lval)
    %end;
    .scope S_00000273d4b66360;
T_1 ;
    %wait E_00000273d4a39be0;
    %load/vec4 v00000273d4aaad00_0;
    %flag_set/vec4 8;
    %jmp/0xz  T_1.0, 8;
    %pushi/vec4 0, 0, 2;
    %assign/vec4 v00000273d4aab840_0, 0;
    %pushi/vec4 0, 0, 4;
    %assign/vec4 v00000273d4aaae40_0, 0;
    %pushi/vec4 0, 0, 4;
    %assign/vec4 v00000273d4aab340_0, 0;
    %pushi/vec4 0, 0, 4;
    %assign/vec4 v00000273d4aab0c0_0, 0;
    %pushi/vec4 0, 0, 4;
    %assign/vec4 v00000273d4aab3e0_0, 0;
    %pushi/vec4 0, 0, 4;
    %assign/vec4 v00000273d4aab5c0_0, 0;
    %load/vec4 v00000273d4a44470_0;
    %pad/u 6;
    %muli 10, 0, 6;
    %load/vec4 v00000273d4a443d0_0;
    %pad/u 6;
    %add;
    %assign/vec4 v00000273d4aab520_0, 0;
    %load/vec4 v00000273d4aaaa30_0;
    %pad/u 6;
    %muli 10, 0, 6;
    %load/vec4 v00000273d4aaa990_0;
    %pad/u 6;
    %add;
    %assign/vec4 v00000273d4aaaf80_0, 0;
    %pushi/vec4 0, 0, 6;
    %assign/vec4 v00000273d4aab8e0_0, 0;
    %jmp T_1.1;
T_1.0 ;
    %load/vec4 v00000273d4aaa850_0;
    %flag_set/vec4 8;
    %jmp/0xz  T_1.2, 8;
    %load/vec4 v00000273d4a44470_0;
    %assign/vec4 v00000273d4aab840_0, 0;
    %load/vec4 v00000273d4a443d0_0;
    %assign/vec4 v00000273d4aaae40_0, 0;
    %load/vec4 v00000273d4aaaa30_0;
    %assign/vec4 v00000273d4aab340_0, 0;
    %load/vec4 v00000273d4aaa990_0;
    %assign/vec4 v00000273d4aab0c0_0, 0;
    %pushi/vec4 0, 0, 4;
    %assign/vec4 v00000273d4aab3e0_0, 0;
    %pushi/vec4 0, 0, 4;
    %assign/vec4 v00000273d4aab5c0_0, 0;
T_1.2 ;
    %load/vec4 v00000273d4aaa8f0_0;
    %flag_set/vec4 8;
    %jmp/0xz  T_1.4, 8;
    %load/vec4 v00000273d4a44470_0;
    %pad/u 6;
    %muli 10, 0, 6;
    %load/vec4 v00000273d4a443d0_0;
    %pad/u 6;
    %add;
    %assign/vec4 v00000273d4aab520_0, 0;
    %load/vec4 v00000273d4aaaa30_0;
    %pad/u 6;
    %muli 10, 0, 6;
    %load/vec4 v00000273d4aaa990_0;
    %pad/u 6;
    %add;
    %assign/vec4 v00000273d4aaaf80_0, 0;
    %pushi/vec4 0, 0, 6;
    %assign/vec4 v00000273d4aab8e0_0, 0;
    %jmp T_1.5;
T_1.4 ;
    %load/vec4 v00000273d4aab8e0_0;
    %addi 1, 0, 6;
    %assign/vec4 v00000273d4aab8e0_0, 0;
    %load/vec4 v00000273d4aab8e0_0;
    %pad/u 32;
    %cmpi/u 59, 0, 32;
    %flag_inv 5; GE is !LT
    %jmp/0xz  T_1.6, 5;
    %load/vec4 v00000273d4aaaf80_0;
    %addi 1, 0, 6;
    %assign/vec4 v00000273d4aaaf80_0, 0;
    %pushi/vec4 0, 0, 6;
    %assign/vec4 v00000273d4aab8e0_0, 0;
    %load/vec4 v00000273d4aaaf80_0;
    %pad/u 32;
    %cmpi/u 59, 0, 32;
    %flag_inv 5; GE is !LT
    %jmp/0xz  T_1.8, 5;
    %pushi/vec4 0, 0, 6;
    %assign/vec4 v00000273d4aaaf80_0, 0;
    %load/vec4 v00000273d4aab520_0;
    %addi 1, 0, 6;
    %assign/vec4 v00000273d4aab520_0, 0;
    %load/vec4 v00000273d4aab520_0;
    %pad/u 32;
    %cmpi/u 24, 0, 32;
    %flag_inv 5; GE is !LT
    %jmp/0xz  T_1.10, 5;
    %pushi/vec4 0, 0, 6;
    %assign/vec4 v00000273d4aab520_0, 0;
T_1.10 ;
T_1.8 ;
T_1.6 ;
T_1.5 ;
T_1.1 ;
    %jmp T_1;
    .thread T_1;
    .scope S_00000273d4b66360;
T_2 ;
    %wait E_00000273d4a3a620;
    %load/vec4 v00000273d4aaad00_0;
    %flag_set/vec4 8;
    %jmp/0xz  T_2.0, 8;
    %pushi/vec4 0, 0, 4;
    %assign/vec4 v00000273d4aaac60_0, 0;
    %pushi/vec4 0, 0, 1;
    %assign/vec4 v00000273d4aab700_0, 0;
    %jmp T_2.1;
T_2.0 ;
    %load/vec4 v00000273d4aaac60_0;
    %addi 1, 0, 4;
    %assign/vec4 v00000273d4aaac60_0, 0;
    %load/vec4 v00000273d4aaac60_0;
    %pad/u 32;
    %cmpi/u 5, 0, 32;
    %flag_or 5, 4;
    %jmp/0xz  T_2.2, 5;
    %pushi/vec4 0, 0, 1;
    %assign/vec4 v00000273d4aab700_0, 0;
    %jmp T_2.3;
T_2.2 ;
    %load/vec4 v00000273d4aaac60_0;
    %pad/u 32;
    %cmpi/u 10, 0, 32;
    %flag_inv 5; GE is !LT
    %jmp/0xz  T_2.4, 5;
    %pushi/vec4 1, 0, 1;
    %assign/vec4 v00000273d4aab700_0, 0;
    %pushi/vec4 1, 0, 4;
    %assign/vec4 v00000273d4aaac60_0, 0;
    %jmp T_2.5;
T_2.4 ;
    %pushi/vec4 1, 0, 1;
    %assign/vec4 v00000273d4aab700_0, 0;
T_2.5 ;
T_2.3 ;
T_2.1 ;
    %jmp T_2;
    .thread T_2;
    .scope S_00000273d4b66360;
T_3 ;
    %wait E_00000273d4a39ce0;
    %load/vec4 v00000273d4aab520_0;
    %pad/u 32;
    %cmpi/u 20, 0, 32;
    %flag_inv 5; GE is !LT
    %jmp/0xz  T_3.0, 5;
    %pushi/vec4 2, 0, 2;
    %store/vec4 v00000273d4aaabc0_0, 0, 2;
    %jmp T_3.1;
T_3.0 ;
    %load/vec4 v00000273d4aab520_0;
    %pad/u 32;
    %cmpi/u 10, 0, 32;
    %flag_inv 5; GE is !LT
    %jmp/0xz  T_3.2, 5;
    %pushi/vec4 1, 0, 2;
    %store/vec4 v00000273d4aaabc0_0, 0, 2;
    %jmp T_3.3;
T_3.2 ;
    %pushi/vec4 0, 0, 2;
    %store/vec4 v00000273d4aaabc0_0, 0, 2;
T_3.3 ;
T_3.1 ;
    %load/vec4 v00000273d4aab520_0;
    %load/vec4 v00000273d4aaabc0_0;
    %pad/u 6;
    %muli 10, 0, 6;
    %sub;
    %pad/u 4;
    %store/vec4 v00000273d4aaab20_0, 0, 4;
    %load/vec4 v00000273d4aaaf80_0;
    %store/vec4 v00000273d4b66680_0, 0, 6;
    %callf/vec4 TD_aclock.mod_10, S_00000273d4b664f0;
    %store/vec4 v00000273d4aab660_0, 0, 4;
    %load/vec4 v00000273d4aaaf80_0;
    %load/vec4 v00000273d4aab660_0;
    %pad/u 6;
    %muli 10, 0, 6;
    %sub;
    %pad/u 4;
    %store/vec4 v00000273d4aab2a0_0, 0, 4;
    %load/vec4 v00000273d4aab8e0_0;
    %store/vec4 v00000273d4b66680_0, 0, 6;
    %callf/vec4 TD_aclock.mod_10, S_00000273d4b664f0;
    %store/vec4 v00000273d4aab200_0, 0, 4;
    %load/vec4 v00000273d4aab8e0_0;
    %load/vec4 v00000273d4aab200_0;
    %pad/u 6;
    %muli 10, 0, 6;
    %sub;
    %pad/u 4;
    %store/vec4 v00000273d4aab480_0, 0, 4;
    %jmp T_3;
    .thread T_3, $push;
    .scope S_00000273d4b66360;
T_4 ;
    %wait E_00000273d4a39be0;
    %load/vec4 v00000273d4aaad00_0;
    %flag_set/vec4 8;
    %jmp/0xz  T_4.0, 8;
    %pushi/vec4 0, 0, 1;
    %assign/vec4 v00000273d4a44330_0, 0;
    %jmp T_4.1;
T_4.0 ;
    %load/vec4 v00000273d4aab840_0;
    %load/vec4 v00000273d4aaae40_0;
    %concat/vec4; draw_concat_vec4
    %load/vec4 v00000273d4aab340_0;
    %concat/vec4; draw_concat_vec4
    %load/vec4 v00000273d4aab0c0_0;
    %concat/vec4; draw_concat_vec4
    %load/vec4 v00000273d4aab3e0_0;
    %concat/vec4; draw_concat_vec4
    %load/vec4 v00000273d4aab5c0_0;
    %concat/vec4; draw_concat_vec4
    %load/vec4 v00000273d4aaabc0_0;
    %load/vec4 v00000273d4aaab20_0;
    %concat/vec4; draw_concat_vec4
    %load/vec4 v00000273d4aab660_0;
    %concat/vec4; draw_concat_vec4
    %load/vec4 v00000273d4aab2a0_0;
    %concat/vec4; draw_concat_vec4
    %load/vec4 v00000273d4aab200_0;
    %concat/vec4; draw_concat_vec4
    %load/vec4 v00000273d4aab480_0;
    %concat/vec4; draw_concat_vec4
    %cmp/e;
    %jmp/0xz  T_4.2, 4;
    %load/vec4 v00000273d4b66720_0;
    %flag_set/vec4 8;
    %jmp/0xz  T_4.4, 8;
    %pushi/vec4 1, 0, 1;
    %assign/vec4 v00000273d4a44330_0, 0;
T_4.4 ;
T_4.2 ;
    %load/vec4 v00000273d4aab020_0;
    %flag_set/vec4 8;
    %jmp/0xz  T_4.6, 8;
    %pushi/vec4 0, 0, 1;
    %assign/vec4 v00000273d4a44330_0, 0;
T_4.6 ;
T_4.1 ;
    %jmp T_4;
    .thread T_4;
# The file index is used to find the file name in the following table.
:file_names 3;
    "N/A";
    "<interactive>";
    "alarm.v";
