#! /c/Source/iverilog-install/bin/vvp
:ivl_version "12.0 (devel)" "(s20150603-1539-g2693dd32b)";
:ivl_delay_selection "TYPICAL";
:vpi_time_precision + 0;
:vpi_module "C:\iverilog\lib\ivl\system.vpi";
:vpi_module "C:\iverilog\lib\ivl\vhdl_sys.vpi";
:vpi_module "C:\iverilog\lib\ivl\vhdl_textio.vpi";
:vpi_module "C:\iverilog\lib\ivl\v2005_math.vpi";
:vpi_module "C:\iverilog\lib\ivl\va_math.vpi";
S_00000141a1816430 .scope module, "fifo" "fifo" 2 1;
 .timescale 0 0;
    .port_info 0 /INPUT 1 "clk";
    .port_info 1 /INPUT 1 "rst_n";
    .port_info 2 /INPUT 1 "w_en";
    .port_info 3 /INPUT 8 "data_in";
    .port_info 4 /INPUT 1 "r_en";
    .port_info 5 /OUTPUT 1 "full";
    .port_info 6 /OUTPUT 8 "data_out";
    .port_info 7 /OUTPUT 1 "empty";
P_00000141a18c5f30 .param/l "DATA_WIDTH" 0 2 1, +C4<00000000000000000000000000001000>;
P_00000141a18c5f68 .param/l "DEPTH" 0 2 1, +C4<00000000000000000000000000000111>;
v00000141a18c7fc0_0 .net *"_ivl_0", 31 0, L_00000141a18d1a80;  1 drivers
L_00000141a1923ff8 .functor BUFT 1, C4<00000000000000000000000000000>, C4<0>, C4<0>, C4<0>;
v00000141a18169e0_0 .net *"_ivl_11", 28 0, L_00000141a1923ff8;  1 drivers
L_00000141a1924040 .functor BUFT 1, C4<00000000000000000000000000000000>, C4<0>, C4<0>, C4<0>;
v00000141a18c4cf0_0 .net/2u *"_ivl_12", 31 0, L_00000141a1924040;  1 drivers
L_00000141a1923f68 .functor BUFT 1, C4<00000000000000000000000000000>, C4<0>, C4<0>, C4<0>;
v00000141a18165c0_0 .net *"_ivl_3", 28 0, L_00000141a1923f68;  1 drivers
L_00000141a1923fb0 .functor BUFT 1, C4<00000000000000000000000000000111>, C4<0>, C4<0>, C4<0>;
v00000141a1816660_0 .net/2u *"_ivl_4", 31 0, L_00000141a1923fb0;  1 drivers
v00000141a1816700_0 .net *"_ivl_8", 31 0, L_00000141a18d1bc0;  1 drivers
o00000141a18db0f8 .functor BUFZ 1, C4<z>; HiZ drive
v00000141a18167a0_0 .net "clk", 0 0, o00000141a18db0f8;  0 drivers
v00000141a1923c40_0 .var "count", 2 0;
o00000141a18db158 .functor BUFZ 8, C4<zzzzzzzz>; HiZ drive
v00000141a1923ce0_0 .net "data_in", 7 0, o00000141a18db158;  0 drivers
v00000141a1923d80_0 .var "data_out", 7 0;
v00000141a1923e20_0 .net "empty", 0 0, L_00000141a18d1300;  1 drivers
v00000141a1923ec0 .array "fifo", 0 6, 7 0;
v00000141a18d1b20_0 .net "full", 0 0, L_00000141a18d18a0;  1 drivers
o00000141a18db218 .functor BUFZ 1, C4<z>; HiZ drive
v00000141a18d1760_0 .net "r_en", 0 0, o00000141a18db218;  0 drivers
v00000141a18d19e0_0 .var "r_ptr", 2 0;
o00000141a18db278 .functor BUFZ 1, C4<z>; HiZ drive
v00000141a18d1800_0 .net "rst_n", 0 0, o00000141a18db278;  0 drivers
o00000141a18db2a8 .functor BUFZ 1, C4<z>; HiZ drive
v00000141a18d1da0_0 .net "w_en", 0 0, o00000141a18db2a8;  0 drivers
v00000141a18d1580_0 .var "w_ptr", 2 0;
E_00000141a18c7380 .event posedge, v00000141a18167a0_0;
L_00000141a18d1a80 .concat [ 3 29 0 0], v00000141a1923c40_0, L_00000141a1923f68;
L_00000141a18d18a0 .cmp/eq 32, L_00000141a18d1a80, L_00000141a1923fb0;
L_00000141a18d1bc0 .concat [ 3 29 0 0], v00000141a1923c40_0, L_00000141a1923ff8;
L_00000141a18d1300 .cmp/eq 32, L_00000141a18d1bc0, L_00000141a1924040;
    .scope S_00000141a1816430;
T_0 ;
    %wait E_00000141a18c7380;
    %load/vec4 v00000141a18d1800_0;
    %nor/r;
    %flag_set/vec4 8;
    %jmp/0xz  T_0.0, 8;
    %pushi/vec4 0, 0, 3;
    %assign/vec4 v00000141a18d1580_0, 0;
    %pushi/vec4 0, 0, 3;
    %assign/vec4 v00000141a18d19e0_0, 0;
    %pushi/vec4 0, 0, 8;
    %assign/vec4 v00000141a1923d80_0, 0;
    %jmp T_0.1;
T_0.0 ;
    %load/vec4 v00000141a18d1da0_0;
    %load/vec4 v00000141a18d1760_0;
    %concat/vec4; draw_concat_vec4
    %dup/vec4;
    %pushi/vec4 0, 0, 2;
    %cmp/u;
    %jmp/1 T_0.2, 6;
    %dup/vec4;
    %pushi/vec4 3, 0, 2;
    %cmp/u;
    %jmp/1 T_0.3, 6;
    %dup/vec4;
    %pushi/vec4 1, 0, 2;
    %cmp/u;
    %jmp/1 T_0.4, 6;
    %dup/vec4;
    %pushi/vec4 2, 0, 2;
    %cmp/u;
    %jmp/1 T_0.5, 6;
    %jmp T_0.6;
T_0.2 ;
    %load/vec4 v00000141a1923c40_0;
    %assign/vec4 v00000141a1923c40_0, 0;
    %jmp T_0.6;
T_0.3 ;
    %load/vec4 v00000141a1923c40_0;
    %assign/vec4 v00000141a1923c40_0, 0;
    %jmp T_0.6;
T_0.4 ;
    %load/vec4 v00000141a1923c40_0;
    %subi 1, 0, 3;
    %assign/vec4 v00000141a1923c40_0, 0;
    %jmp T_0.6;
T_0.5 ;
    %load/vec4 v00000141a1923c40_0;
    %addi 1, 0, 3;
    %assign/vec4 v00000141a1923c40_0, 0;
    %jmp T_0.6;
T_0.6 ;
    %pop/vec4 1;
T_0.1 ;
    %jmp T_0;
    .thread T_0;
    .scope S_00000141a1816430;
T_1 ;
    %wait E_00000141a18c7380;
    %load/vec4 v00000141a18d1da0_0;
    %load/vec4 v00000141a18d1b20_0;
    %nor/r;
    %and;
    %flag_set/vec4 8;
    %jmp/0xz  T_1.0, 8;
    %load/vec4 v00000141a1923ce0_0;
    %load/vec4 v00000141a18d1580_0;
    %pad/u 5;
    %ix/vec4 3;
    %ix/load 4, 0, 0; Constant delay
    %assign/vec4/a/d v00000141a1923ec0, 0, 4;
    %load/vec4 v00000141a18d1580_0;
    %addi 1, 0, 3;
    %assign/vec4 v00000141a18d1580_0, 0;
T_1.0 ;
    %jmp T_1;
    .thread T_1;
    .scope S_00000141a1816430;
T_2 ;
    %wait E_00000141a18c7380;
    %load/vec4 v00000141a18d1760_0;
    %load/vec4 v00000141a1923e20_0;
    %nor/r;
    %and;
    %flag_set/vec4 8;
    %jmp/0xz  T_2.0, 8;
    %load/vec4 v00000141a18d19e0_0;
    %pad/u 5;
    %ix/vec4 4;
    %load/vec4a v00000141a1923ec0, 4;
    %assign/vec4 v00000141a1923d80_0, 0;
    %load/vec4 v00000141a18d19e0_0;
    %addi 1, 0, 3;
    %assign/vec4 v00000141a18d19e0_0, 0;
T_2.0 ;
    %jmp T_2;
    .thread T_2;
# The file index is used to find the file name in the following table.
:file_names 3;
    "N/A";
    "<interactive>";
    "fifo.v";
