#! /c/Source/iverilog-install/bin/vvp
:ivl_version "12.0 (devel)" "(s20150603-1539-g2693dd32b)";
:ivl_delay_selection "TYPICAL";
:vpi_time_precision + 0;
:vpi_module "C:\iverilog\lib\ivl\system.vpi";
:vpi_module "C:\iverilog\lib\ivl\vhdl_sys.vpi";
:vpi_module "C:\iverilog\lib\ivl\vhdl_textio.vpi";
:vpi_module "C:\iverilog\lib\ivl\v2005_math.vpi";
:vpi_module "C:\iverilog\lib\ivl\va_math.vpi";
S_000002d02c586360 .scope module, "Vending_Machine" "Vending_Machine" 2 17;
 .timescale 0 0;
    .port_info 0 /INPUT 1 "clk";
    .port_info 1 /INPUT 1 "reset";
    .port_info 2 /INPUT 2 "coin_in";
    .port_info 3 /OUTPUT 1 "dispense";
    .port_info 4 /OUTPUT 7 "Total_Amount";
P_000002d02c58bd80 .param/l "COIN_10" 0 2 26, +C4<00000000000000000000000000001010>;
P_000002d02c58bdb8 .param/l "COIN_25" 0 2 26, +C4<00000000000000000000000000011001>;
P_000002d02c58bdf0 .param/l "COIN_5" 0 2 26, +C4<00000000000000000000000000000101>;
P_000002d02c58be28 .param/l "ITEM_COST" 0 2 26, +C4<00000000000000000000000000110010>;
v000002d02c5869c0_0 .var "Total_Amount", 6 0;
o000002d02c646fc8 .functor BUFZ 1, C4<z>; HiZ drive
v000002d02c586be0_0 .net "clk", 0 0, o000002d02c646fc8;  0 drivers
o000002d02c646ff8 .functor BUFZ 2, C4<zz>; HiZ drive
v000002d02c5864f0_0 .net "coin_in", 1 0, o000002d02c646ff8;  0 drivers
v000002d02c586590_0 .var "dispense", 0 0;
o000002d02c647058 .functor BUFZ 1, C4<z>; HiZ drive
v000002d02c586630_0 .net "reset", 0 0, o000002d02c647058;  0 drivers
E_000002d02c646160 .event posedge, v000002d02c586630_0, v000002d02c586be0_0;
    .scope S_000002d02c586360;
T_0 ;
    %wait E_000002d02c646160;
    %load/vec4 v000002d02c586630_0;
    %flag_set/vec4 8;
    %jmp/0xz  T_0.0, 8;
    %pushi/vec4 0, 0, 7;
    %assign/vec4 v000002d02c5869c0_0, 0;
    %pushi/vec4 0, 0, 1;
    %assign/vec4 v000002d02c586590_0, 0;
    %jmp T_0.1;
T_0.0 ;
    %pushi/vec4 0, 0, 1;
    %assign/vec4 v000002d02c586590_0, 0;
    %load/vec4 v000002d02c5864f0_0;
    %dup/vec4;
    %pushi/vec4 0, 0, 2;
    %cmp/u;
    %jmp/1 T_0.2, 6;
    %dup/vec4;
    %pushi/vec4 1, 0, 2;
    %cmp/u;
    %jmp/1 T_0.3, 6;
    %dup/vec4;
    %pushi/vec4 2, 0, 2;
    %cmp/u;
    %jmp/1 T_0.4, 6;
    %load/vec4 v000002d02c5869c0_0;
    %assign/vec4 v000002d02c5869c0_0, 0;
    %jmp T_0.6;
T_0.2 ;
    %load/vec4 v000002d02c5869c0_0;
    %pad/u 32;
    %addi 5, 0, 32;
    %pad/u 7;
    %assign/vec4 v000002d02c5869c0_0, 0;
    %jmp T_0.6;
T_0.3 ;
    %load/vec4 v000002d02c5869c0_0;
    %pad/u 32;
    %addi 10, 0, 32;
    %pad/u 7;
    %assign/vec4 v000002d02c5869c0_0, 0;
    %jmp T_0.6;
T_0.4 ;
    %load/vec4 v000002d02c5869c0_0;
    %pad/u 32;
    %addi 25, 0, 32;
    %pad/u 7;
    %assign/vec4 v000002d02c5869c0_0, 0;
    %jmp T_0.6;
T_0.6 ;
    %pop/vec4 1;
    %load/vec4 v000002d02c5869c0_0;
    %pad/u 32;
    %cmpi/u 50, 0, 32;
    %flag_inv 5; GE is !LT
    %jmp/0xz  T_0.7, 5;
    %pushi/vec4 1, 0, 1;
    %assign/vec4 v000002d02c586590_0, 0;
    %load/vec4 v000002d02c5869c0_0;
    %pad/u 32;
    %subi 50, 0, 32;
    %pad/u 7;
    %assign/vec4 v000002d02c5869c0_0, 0;
T_0.7 ;
T_0.1 ;
    %jmp T_0;
    .thread T_0;
# The file index is used to find the file name in the following table.
:file_names 3;
    "N/A";
    "<interactive>";
    "Vending_Machine.v";
